{"/home/travis/build/npmtest/node-npmtest-cordova/test.js":{"path":"/home/travis/build/npmtest/node-npmtest-cordova/test.js","s":{"1":2,"2":2,"3":2,"4":2,"5":2,"6":2,"7":2,"8":1,"9":2,"10":2,"11":1,"12":1,"13":1,"14":1,"15":2,"16":2,"17":2,"18":2,"19":1,"20":1,"21":2,"22":2,"23":2,"24":1,"25":1,"26":1,"27":1,"28":1,"29":1,"30":1,"31":1,"32":1,"33":1,"34":1,"35":1,"36":1,"37":1,"38":1,"39":2,"40":2,"41":1,"42":2,"43":2,"44":1,"45":2,"46":2,"47":1,"48":2,"49":2,"50":1,"51":1,"52":1,"53":1,"54":1},"b":{"1":[2,1,1,1],"2":[1,1,1,1],"3":[1,1],"4":[1,1],"5":[1,1],"6":[1,1],"7":[1,1],"8":[1,1],"9":[1,1],"10":[1,1,1],"11":[1,1],"12":[1,1],"13":[1,1],"14":[1,1],"15":[1,1],"16":[1,1],"17":[1,1]},"f":{"1":2,"2":2,"3":2,"4":2,"5":2,"6":1,"7":1,"8":1,"9":2,"10":2,"11":2,"12":2,"13":1},"fnMap":{"1":{"name":"(anonymous_1)","line":12,"loc":{"start":{"line":12,"column":1},"end":{"line":12,"column":13}}},"2":{"name":"(anonymous_2)","line":19,"loc":{"start":{"line":19,"column":5},"end":{"line":19,"column":17}}},"3":{"name":"(anonymous_3)","line":23,"loc":{"start":{"line":23,"column":24},"end":{"line":23,"column":36}}},"4":{"name":"(anonymous_4)","line":61,"loc":{"start":{"line":61,"column":5},"end":{"line":61,"column":17}}},"5":{"name":"(anonymous_5)","line":82,"loc":{"start":{"line":82,"column":5},"end":{"line":82,"column":17}}},"6":{"name":"(anonymous_6)","line":91,"loc":{"start":{"line":91,"column":77},"end":{"line":94,"column":10}}},"7":{"name":"(anonymous_7)","line":112,"loc":{"start":{"line":112,"column":83},"end":{"line":115,"column":10}},"skip":true},"8":{"name":"(anonymous_8)","line":123,"loc":{"start":{"line":123,"column":77},"end":{"line":126,"column":10}},"skip":true},"9":{"name":"(anonymous_9)","line":139,"loc":{"start":{"line":139,"column":12},"end":{"line":139,"column":40}},"skip":true},"10":{"name":"(anonymous_10)","line":147,"loc":{"start":{"line":147,"column":77},"end":{"line":150,"column":10}},"skip":true},"11":{"name":"(anonymous_11)","line":158,"loc":{"start":{"line":158,"column":83},"end":{"line":161,"column":10}},"skip":true},"12":{"name":"(anonymous_12)","line":169,"loc":{"start":{"line":169,"column":79},"end":{"line":172,"column":10}},"skip":true},"13":{"name":"(anonymous_13)","line":180,"loc":{"start":{"line":180,"column":75},"end":{"line":183,"column":10}},"skip":true}},"statementMap":{"1":{"start":{"line":12,"column":0},"end":{"line":195,"column":5}},"2":{"start":{"line":14,"column":4},"end":{"line":14,"column":14}},"3":{"start":{"line":19,"column":4},"end":{"line":56,"column":9}},"4":{"start":{"line":21,"column":8},"end":{"line":21,"column":19}},"5":{"start":{"line":23,"column":8},"end":{"line":35,"column":13}},"6":{"start":{"line":24,"column":12},"end":{"line":34,"column":13}},"7":{"start":{"line":25,"column":16},"end":{"line":28,"column":30}},"8":{"start":{"line":30,"column":16},"end":{"line":33,"column":27}},"9":{"start":{"line":37,"column":8},"end":{"line":39,"column":21}},"10":{"start":{"line":40,"column":8},"end":{"line":53,"column":9}},"11":{"start":{"line":43,"column":12},"end":{"line":46,"column":14}},"12":{"start":{"line":47,"column":12},"end":{"line":47,"column":18}},"13":{"start":{"line":50,"column":12},"end":{"line":51,"column":46}},"14":{"start":{"line":52,"column":12},"end":{"line":52,"column":18}},"15":{"start":{"line":55,"column":8},"end":{"line":55,"column":35}},"16":{"start":{"line":61,"column":4},"end":{"line":63,"column":9}},"17":{"start":{"line":62,"column":8},"end":{"line":62,"column":15}},"18":{"start":{"line":64,"column":4},"end":{"line":77,"column":5}},"19":{"start":{"line":70,"column":8},"end":{"line":70,"column":14}},"20":{"start":{"line":76,"column":8},"end":{"line":76,"column":14}},"21":{"start":{"line":82,"column":4},"end":{"line":84,"column":9}},"22":{"start":{"line":83,"column":8},"end":{"line":83,"column":15}},"23":{"start":{"line":85,"column":4},"end":{"line":194,"column":5}},"24":{"start":{"line":91,"column":8},"end":{"line":99,"column":10}},"25":{"start":{"line":98,"column":12},"end":{"line":98,"column":35}},"26":{"start":{"line":102,"column":8},"end":{"line":104,"column":63}},"27":{"start":{"line":105,"column":8},"end":{"line":105,"column":14}},"28":{"start":{"line":112,"column":8},"end":{"line":121,"column":10},"skip":true},"29":{"start":{"line":119,"column":12},"end":{"line":119,"column":55},"skip":true},"30":{"start":{"line":120,"column":12},"end":{"line":120,"column":48},"skip":true},"31":{"start":{"line":123,"column":8},"end":{"line":136,"column":10},"skip":true},"32":{"start":{"line":130,"column":12},"end":{"line":130,"column":76},"skip":true},"33":{"start":{"line":131,"column":12},"end":{"line":131,"column":73},"skip":true},"34":{"start":{"line":132,"column":12},"end":{"line":132,"column":74},"skip":true},"35":{"start":{"line":133,"column":12},"end":{"line":133,"column":79},"skip":true},"36":{"start":{"line":134,"column":12},"end":{"line":134,"column":25},"skip":true},"37":{"start":{"line":135,"column":12},"end":{"line":135,"column":45},"skip":true},"38":{"start":{"line":138,"column":8},"end":{"line":145,"column":14},"skip":true},"39":{"start":{"line":143,"column":16},"end":{"line":143,"column":29},"skip":true},"40":{"start":{"line":144,"column":16},"end":{"line":144,"column":55},"skip":true},"41":{"start":{"line":147,"column":8},"end":{"line":156,"column":10},"skip":true},"42":{"start":{"line":154,"column":12},"end":{"line":154,"column":25},"skip":true},"43":{"start":{"line":155,"column":12},"end":{"line":155,"column":45},"skip":true},"44":{"start":{"line":158,"column":8},"end":{"line":167,"column":10},"skip":true},"45":{"start":{"line":165,"column":12},"end":{"line":165,"column":25},"skip":true},"46":{"start":{"line":166,"column":12},"end":{"line":166,"column":48},"skip":true},"47":{"start":{"line":169,"column":8},"end":{"line":178,"column":10},"skip":true},"48":{"start":{"line":176,"column":12},"end":{"line":176,"column":25},"skip":true},"49":{"start":{"line":177,"column":12},"end":{"line":177,"column":46},"skip":true},"50":{"start":{"line":180,"column":8},"end":{"line":189,"column":10},"skip":true},"51":{"start":{"line":187,"column":12},"end":{"line":187,"column":94},"skip":true},"52":{"start":{"line":188,"column":12},"end":{"line":188,"column":48},"skip":true},"53":{"start":{"line":192,"column":8},"end":{"line":192,"column":35},"skip":true},"54":{"start":{"line":193,"column":8},"end":{"line":193,"column":14},"skip":true}},"branchMap":{"1":{"line":25,"type":"binary-expr","locations":[{"start":{"line":25,"column":23},"end":{"line":25,"column":62}},{"start":{"line":26,"column":20},"end":{"line":26,"column":70}},{"start":{"line":27,"column":20},"end":{"line":27,"column":71}},{"start":{"line":28,"column":20},"end":{"line":28,"column":29}}]},"2":{"line":30,"type":"binary-expr","locations":[{"start":{"line":30,"column":23},"end":{"line":30,"column":37}},{"start":{"line":31,"column":20},"end":{"line":31,"column":61}},{"start":{"line":32,"column":20},"end":{"line":32,"column":70}},{"start":{"line":33,"column":20},"end":{"line":33,"column":26}}]},"3":{"line":37,"type":"cond-expr","locations":[{"start":{"line":38,"column":14},"end":{"line":38,"column":20}},{"start":{"line":39,"column":14},"end":{"line":39,"column":20}}]},"4":{"line":40,"type":"switch","locations":[{"start":{"line":42,"column":8},"end":{"line":47,"column":18}},{"start":{"line":49,"column":8},"end":{"line":52,"column":18}}]},"5":{"line":44,"type":"binary-expr","locations":[{"start":{"line":44,"column":16},"end":{"line":44,"column":44}},{"start":{"line":44,"column":48},"end":{"line":44,"column":66}}]},"6":{"line":50,"type":"binary-expr","locations":[{"start":{"line":50,"column":21},"end":{"line":50,"column":49}},{"start":{"line":50,"column":53},"end":{"line":50,"column":72}}]},"7":{"line":64,"type":"switch","locations":[{"start":{"line":69,"column":4},"end":{"line":70,"column":14}},{"start":{"line":75,"column":4},"end":{"line":76,"column":14}}]},"8":{"line":85,"type":"switch","locations":[{"start":{"line":90,"column":4},"end":{"line":105,"column":14}},{"start":{"line":111,"column":4},"end":{"line":193,"column":14},"skip":true}]},"9":{"line":91,"type":"binary-expr","locations":[{"start":{"line":91,"column":42},"end":{"line":91,"column":73}},{"start":{"line":91,"column":77},"end":{"line":99,"column":9}}]},"10":{"line":102,"type":"binary-expr","locations":[{"start":{"line":102,"column":18},"end":{"line":102,"column":32}},{"start":{"line":103,"column":12},"end":{"line":103,"column":53}},{"start":{"line":104,"column":12},"end":{"line":104,"column":61}}]},"11":{"line":112,"type":"binary-expr","locations":[{"start":{"line":112,"column":45},"end":{"line":112,"column":79},"skip":true},{"start":{"line":112,"column":83},"end":{"line":121,"column":9},"skip":true}]},"12":{"line":123,"type":"binary-expr","locations":[{"start":{"line":123,"column":42},"end":{"line":123,"column":73},"skip":true},{"start":{"line":123,"column":77},"end":{"line":136,"column":9},"skip":true}]},"13":{"line":138,"type":"binary-expr","locations":[{"start":{"line":138,"column":48},"end":{"line":138,"column":85},"skip":true},{"start":{"line":139,"column":12},"end":{"line":145,"column":13},"skip":true}]},"14":{"line":147,"type":"binary-expr","locations":[{"start":{"line":147,"column":42},"end":{"line":147,"column":73},"skip":true},{"start":{"line":147,"column":77},"end":{"line":156,"column":9},"skip":true}]},"15":{"line":158,"type":"binary-expr","locations":[{"start":{"line":158,"column":45},"end":{"line":158,"column":79},"skip":true},{"start":{"line":158,"column":83},"end":{"line":167,"column":9},"skip":true}]},"16":{"line":169,"type":"binary-expr","locations":[{"start":{"line":169,"column":43},"end":{"line":169,"column":75},"skip":true},{"start":{"line":169,"column":79},"end":{"line":178,"column":9},"skip":true}]},"17":{"line":180,"type":"binary-expr","locations":[{"start":{"line":180,"column":41},"end":{"line":180,"column":71},"skip":true},{"start":{"line":180,"column":75},"end":{"line":189,"column":9},"skip":true}]}},"code":["/* istanbul instrument in package npmtest_cordova */","/*jslint","    bitwise: true,","    browser: true,","    maxerr: 8,","    maxlen: 96,","    node: true,","    nomen: true,","    regexp: true,","    stupid: true","*/","(function () {","    'use strict';","    var local;","","","","    // run shared js-env code - pre-init","    (function () {","        // init local","        local = {};","        // init modeJs","        local.modeJs = (function () {","            try {","                return typeof navigator.userAgent === 'string' &&","                    typeof document.querySelector('body') === 'object' &&","                    typeof XMLHttpRequest.prototype.open === 'function' &&","                    'browser';","            } catch (errorCaughtBrowser) {","                return module.exports &&","                    typeof process.versions.node === 'string' &&","                    typeof require('http').createServer === 'function' &&","                    'node';","            }","        }());","        // init global","        local.global = local.modeJs === 'browser'","            ? window","            : global;","        switch (local.modeJs) {","        // re-init local from window.local","        case 'browser':","            local = local.global.utility2.objectSetDefault(","                local.global.utility2_rollup || local.global.local,","                local.global.utility2","            );","            break;","        // re-init local from example.js","        case 'node':","            local = (local.global.utility2_rollup || require('utility2'))","                .requireExampleJsFromReadme();","            break;","        }","        // export local","        local.global.local = local;","    }());","","","","    // run shared js-env code - function","    (function () {","        return;","    }());","    switch (local.modeJs) {","","","","    // run browser js-env code - function","    case 'browser':","        break;","","","","    // run node js-env code - function","    case 'node':","        break;","    }","","","","    // run shared js-env code - post-init","    (function () {","        return;","    }());","    switch (local.modeJs) {","","","","    // run browser js-env code - post-init","    case 'browser':","        local.testCase_browser_nullCase = local.testCase_browser_nullCase || function (","            options,","            onError","        ) {","        /*","         * this function will test browsers's null-case handling-behavior-behavior","         */","            onError(null, options);","        };","","        // run tests","        local.nop(local.modeTest &&","            document.querySelector('#testRunButton1') &&","            document.querySelector('#testRunButton1').click());","        break;","","","","    // run node js-env code - post-init","    /* istanbul ignore next */","    case 'node':","        local.testCase_buildApidoc_default = local.testCase_buildApidoc_default || function (","            options,","            onError","        ) {","        /*","         * this function will test buildApidoc's default handling-behavior-behavior","         */","            options = { modulePathList: module.paths };","            local.buildApidoc(options, onError);","        };","","        local.testCase_buildApp_default = local.testCase_buildApp_default || function (","            options,","            onError","        ) {","        /*","         * this function will test buildApp's default handling-behavior-behavior","         */","            local.testCase_buildReadme_default(options, local.onErrorThrow);","            local.testCase_buildLib_default(options, local.onErrorThrow);","            local.testCase_buildTest_default(options, local.onErrorThrow);","            local.testCase_buildCustomOrg_default(options, local.onErrorThrow);","            options = [];","            local.buildApp(options, onError);","        };","","        local.testCase_buildCustomOrg_default = local.testCase_buildCustomOrg_default ||","            function (options, onError) {","            /*","             * this function will test buildCustomOrg's default handling-behavior","             */","                options = {};","                local.buildCustomOrg(options, onError);","            };","","        local.testCase_buildLib_default = local.testCase_buildLib_default || function (","            options,","            onError","        ) {","        /*","         * this function will test buildLib's default handling-behavior","         */","            options = {};","            local.buildLib(options, onError);","        };","","        local.testCase_buildReadme_default = local.testCase_buildReadme_default || function (","            options,","            onError","        ) {","        /*","         * this function will test buildReadme's default handling-behavior-behavior","         */","            options = {};","            local.buildReadme(options, onError);","        };","","        local.testCase_buildTest_default = local.testCase_buildTest_default || function (","            options,","            onError","        ) {","        /*","         * this function will test buildTest's default handling-behavior","         */","            options = {};","            local.buildTest(options, onError);","        };","","        local.testCase_webpage_default = local.testCase_webpage_default || function (","            options,","            onError","        ) {","        /*","         * this function will test webpage's default handling-behavior","         */","            options = { modeCoverageMerge: true, url: local.serverLocalHost + '?modeTest=1' };","            local.browserTest(options, onError);","        };","","        // run test-server","        local.testRunServer(local);","        break;","    }","}());",""],"l":{"12":2,"14":2,"19":2,"21":2,"23":2,"24":2,"25":2,"30":1,"37":2,"40":2,"43":1,"47":1,"50":1,"52":1,"55":2,"61":2,"62":2,"64":2,"70":1,"76":1,"82":2,"83":2,"85":2,"91":1,"98":1,"102":1,"105":1,"112":1,"119":1,"120":1,"123":1,"130":1,"131":1,"132":1,"133":1,"134":1,"135":1,"138":1,"143":2,"144":2,"147":1,"154":2,"155":2,"158":1,"165":2,"166":2,"169":1,"176":2,"177":2,"180":1,"187":1,"188":1,"192":1,"193":1}},"/home/travis/build/npmtest/node-npmtest-cordova/lib.npmtest_cordova.js":{"path":"/home/travis/build/npmtest/node-npmtest-cordova/lib.npmtest_cordova.js","s":{"1":2,"2":2,"3":2,"4":2,"5":2,"6":2,"7":2,"8":1,"9":2,"10":2,"11":2,"12":2,"13":1,"14":1,"15":1,"16":1},"b":{"1":[2,1,1,1],"2":[1,1,1,1],"3":[1,1],"4":[2,2],"5":[1,1]},"f":{"1":2,"2":2,"3":2},"fnMap":{"1":{"name":"(anonymous_1)","line":12,"loc":{"start":{"line":12,"column":1},"end":{"line":12,"column":13}}},"2":{"name":"(anonymous_2)","line":19,"loc":{"start":{"line":19,"column":5},"end":{"line":19,"column":17}}},"3":{"name":"(anonymous_3)","line":23,"loc":{"start":{"line":23,"column":24},"end":{"line":23,"column":36}}}},"statementMap":{"1":{"start":{"line":12,"column":0},"end":{"line":53,"column":5}},"2":{"start":{"line":14,"column":4},"end":{"line":14,"column":14}},"3":{"start":{"line":19,"column":4},"end":{"line":52,"column":9}},"4":{"start":{"line":21,"column":8},"end":{"line":21,"column":19}},"5":{"start":{"line":23,"column":8},"end":{"line":35,"column":13}},"6":{"start":{"line":24,"column":12},"end":{"line":34,"column":13}},"7":{"start":{"line":25,"column":16},"end":{"line":28,"column":30}},"8":{"start":{"line":30,"column":16},"end":{"line":33,"column":27}},"9":{"start":{"line":37,"column":8},"end":{"line":39,"column":21}},"10":{"start":{"line":41,"column":8},"end":{"line":41,"column":54}},"11":{"start":{"line":43,"column":8},"end":{"line":43,"column":52}},"12":{"start":{"line":45,"column":8},"end":{"line":51,"column":9}},"13":{"start":{"line":46,"column":12},"end":{"line":46,"column":58}},"14":{"start":{"line":48,"column":12},"end":{"line":48,"column":35}},"15":{"start":{"line":49,"column":12},"end":{"line":49,"column":49}},"16":{"start":{"line":50,"column":12},"end":{"line":50,"column":43}}},"branchMap":{"1":{"line":25,"type":"binary-expr","locations":[{"start":{"line":25,"column":23},"end":{"line":25,"column":62}},{"start":{"line":26,"column":20},"end":{"line":26,"column":70}},{"start":{"line":27,"column":20},"end":{"line":27,"column":71}},{"start":{"line":28,"column":20},"end":{"line":28,"column":29}}]},"2":{"line":30,"type":"binary-expr","locations":[{"start":{"line":30,"column":23},"end":{"line":30,"column":37}},{"start":{"line":31,"column":20},"end":{"line":31,"column":61}},{"start":{"line":32,"column":20},"end":{"line":32,"column":70}},{"start":{"line":33,"column":20},"end":{"line":33,"column":26}}]},"3":{"line":37,"type":"cond-expr","locations":[{"start":{"line":38,"column":14},"end":{"line":38,"column":20}},{"start":{"line":39,"column":14},"end":{"line":39,"column":20}}]},"4":{"line":41,"type":"binary-expr","locations":[{"start":{"line":41,"column":16},"end":{"line":41,"column":44}},{"start":{"line":41,"column":48},"end":{"line":41,"column":53}}]},"5":{"line":45,"type":"if","locations":[{"start":{"line":45,"column":8},"end":{"line":45,"column":8}},{"start":{"line":45,"column":8},"end":{"line":45,"column":8}}]}},"code":["/* istanbul instrument in package npmtest_cordova */","/*jslint","    bitwise: true,","    browser: true,","    maxerr: 8,","    maxlen: 96,","    node: true,","    nomen: true,","    regexp: true,","    stupid: true","*/","(function () {","    'use strict';","    var local;","","","","    // run shared js-env code - pre-init","    (function () {","        // init local","        local = {};","        // init modeJs","        local.modeJs = (function () {","            try {","                return typeof navigator.userAgent === 'string' &&","                    typeof document.querySelector('body') === 'object' &&","                    typeof XMLHttpRequest.prototype.open === 'function' &&","                    'browser';","            } catch (errorCaughtBrowser) {","                return module.exports &&","                    typeof process.versions.node === 'string' &&","                    typeof require('http').createServer === 'function' &&","                    'node';","            }","        }());","        // init global","        local.global = local.modeJs === 'browser'","            ? window","            : global;","        // init utility2_rollup","        local = local.global.utility2_rollup || local;","        // init lib","        local.local = local.npmtest_cordova = local;","        // init exports","        if (local.modeJs === 'browser') {","            local.global.utility2_npmtest_cordova = local;","        } else {","            module.exports = local;","            module.exports.__dirname = __dirname;","            module.exports.module = module;","        }","    }());","}());",""],"l":{"12":2,"14":2,"19":2,"21":2,"23":2,"24":2,"25":2,"30":1,"37":2,"41":2,"43":2,"45":2,"46":1,"48":1,"49":1,"50":1}},"/home/travis/build/npmtest/node-npmtest-cordova/example.js":{"path":"/home/travis/build/npmtest/node-npmtest-cordova/example.js","s":{"1":2,"2":2,"3":2,"4":2,"5":2,"6":2,"7":2,"8":1,"9":2,"10":2,"11":2,"12":2,"13":1,"14":2,"15":2,"16":2,"17":2,"18":2,"19":0,"20":2,"21":1,"22":1,"23":1,"24":1,"25":1,"26":0,"27":0,"28":1,"29":1,"30":2,"31":0,"32":0,"33":0,"34":1,"35":2,"36":2,"37":3,"38":3,"39":3,"40":3,"41":0,"42":3,"43":3,"44":3,"45":1,"46":3,"47":1,"48":1,"49":1,"50":1,"51":1,"52":1,"53":1,"54":1,"55":1,"56":1,"57":0,"58":1,"59":6,"60":6,"61":1,"62":2,"63":0,"64":2,"65":1,"66":1,"67":0,"68":0,"69":0,"70":0,"71":0,"72":0,"73":0,"74":0,"75":0,"76":0,"77":0,"78":0,"79":0,"80":0,"81":0,"82":0,"83":0},"b":{"1":[2,1,1,1],"2":[1,1,1,1],"3":[1,1],"4":[2,2],"5":[1,1],"6":[1,1],"7":[2,0],"8":[2,1,1,1,1,1],"9":[0,2,0],"10":[1,1],"11":[2,1,1],"12":[1,0],"13":[0,2],"14":[2,0,0,0,0,0,0],"15":[0,3],"16":[3,0],"17":[1,1],"18":[0,1],"19":[1,2,0,2],"20":[1,0],"21":[1,1],"22":[0,0],"23":[0,0],"24":[0,0],"25":[0,0],"26":[0,0],"27":[0,0],"28":[0,0]},"f":{"1":2,"2":2,"3":2,"4":2,"5":2,"6":2,"7":3,"8":3,"9":3,"10":1,"11":6,"12":0},"fnMap":{"1":{"name":"(anonymous_1)","line":26,"loc":{"start":{"line":26,"column":1},"end":{"line":26,"column":13}}},"2":{"name":"(anonymous_2)","line":33,"loc":{"start":{"line":33,"column":5},"end":{"line":33,"column":17}}},"3":{"name":"(anonymous_3)","line":37,"loc":{"start":{"line":37,"column":24},"end":{"line":37,"column":36}}},"4":{"name":"(anonymous_4)","line":69,"loc":{"start":{"line":69,"column":31},"end":{"line":69,"column":48}},"skip":true},"5":{"name":"(anonymous_5)","line":78,"loc":{"start":{"line":78,"column":26},"end":{"line":78,"column":45}},"skip":true},"6":{"name":"(anonymous_6)","line":123,"loc":{"start":{"line":123,"column":33},"end":{"line":123,"column":48}},"skip":true},"7":{"name":"(anonymous_7)","line":125,"loc":{"start":{"line":125,"column":27},"end":{"line":125,"column":39}},"skip":true},"8":{"name":"(anonymous_8)","line":133,"loc":{"start":{"line":133,"column":59},"end":{"line":133,"column":74}},"skip":true},"9":{"name":"(anonymous_9)","line":143,"loc":{"start":{"line":143,"column":45},"end":{"line":143,"column":62}},"skip":true},"10":{"name":"(anonymous_10)","line":144,"loc":{"start":{"line":144,"column":73},"end":{"line":144,"column":92}},"skip":true},"11":{"name":"(anonymous_11)","line":272,"loc":{"start":{"line":272,"column":51},"end":{"line":272,"column":77}},"skip":true},"12":{"name":"(anonymous_12)","line":315,"loc":{"start":{"line":315,"column":32},"end":{"line":315,"column":61}},"skip":true}},"statementMap":{"1":{"start":{"line":26,"column":0},"end":{"line":326,"column":5}},"2":{"start":{"line":28,"column":4},"end":{"line":28,"column":14}},"3":{"start":{"line":33,"column":4},"end":{"line":60,"column":9}},"4":{"start":{"line":35,"column":8},"end":{"line":35,"column":19}},"5":{"start":{"line":37,"column":8},"end":{"line":49,"column":13}},"6":{"start":{"line":38,"column":12},"end":{"line":48,"column":13}},"7":{"start":{"line":39,"column":16},"end":{"line":42,"column":30}},"8":{"start":{"line":44,"column":16},"end":{"line":47,"column":27}},"9":{"start":{"line":51,"column":8},"end":{"line":53,"column":21}},"10":{"start":{"line":55,"column":8},"end":{"line":57,"column":45}},"11":{"start":{"line":59,"column":8},"end":{"line":59,"column":35}},"12":{"start":{"line":61,"column":4},"end":{"line":325,"column":5}},"13":{"start":{"line":69,"column":8},"end":{"line":121,"column":10},"skip":true},"14":{"start":{"line":70,"column":12},"end":{"line":88,"column":13},"skip":true},"15":{"start":{"line":76,"column":16},"end":{"line":87,"column":19},"skip":true},"16":{"start":{"line":79,"column":20},"end":{"line":86,"column":21},"skip":true},"17":{"start":{"line":82,"column":24},"end":{"line":82,"column":43},"skip":true},"18":{"start":{"line":83,"column":24},"end":{"line":83,"column":30},"skip":true},"19":{"start":{"line":85,"column":24},"end":{"line":85,"column":49},"skip":true},"20":{"start":{"line":89,"column":12},"end":{"line":107,"column":13},"skip":true},"21":{"start":{"line":92,"column":16},"end":{"line":102,"column":17},"skip":true},"22":{"start":{"line":93,"column":20},"end":{"line":93,"column":86},"skip":true},"23":{"start":{"line":94,"column":20},"end":{"line":95,"column":45},"skip":true},"24":{"start":{"line":96,"column":20},"end":{"line":96,"column":42},"skip":true},"25":{"start":{"line":97,"column":20},"end":{"line":97,"column":48},"skip":true},"26":{"start":{"line":100,"column":20},"end":{"line":100,"column":85},"skip":true},"27":{"start":{"line":101,"column":20},"end":{"line":101,"column":96},"skip":true},"28":{"start":{"line":103,"column":16},"end":{"line":103,"column":22},"skip":true},"29":{"start":{"line":106,"column":16},"end":{"line":106,"column":22},"skip":true},"30":{"start":{"line":108,"column":12},"end":{"line":120,"column":13},"skip":true},"31":{"start":{"line":114,"column":16},"end":{"line":119,"column":17},"skip":true},"32":{"start":{"line":116,"column":20},"end":{"line":116,"column":78},"skip":true},"33":{"start":{"line":118,"column":20},"end":{"line":118,"column":47},"skip":true},"34":{"start":{"line":123,"column":8},"end":{"line":141,"column":11},"skip":true},"35":{"start":{"line":124,"column":12},"end":{"line":124,"column":54},"skip":true},"36":{"start":{"line":125,"column":12},"end":{"line":140,"column":14},"skip":true},"37":{"start":{"line":126,"column":16},"end":{"line":126,"column":28},"skip":true},"38":{"start":{"line":127,"column":16},"end":{"line":127,"column":69},"skip":true},"39":{"start":{"line":128,"column":16},"end":{"line":128,"column":75},"skip":true},"40":{"start":{"line":129,"column":16},"end":{"line":131,"column":17},"skip":true},"41":{"start":{"line":130,"column":20},"end":{"line":130,"column":27},"skip":true},"42":{"start":{"line":133,"column":16},"end":{"line":137,"column":36},"skip":true},"43":{"start":{"line":134,"column":20},"end":{"line":136,"column":55},"skip":true},"44":{"start":{"line":139,"column":16},"end":{"line":139,"column":57},"skip":true},"45":{"start":{"line":143,"column":8},"end":{"line":147,"column":11},"skip":true},"46":{"start":{"line":144,"column":12},"end":{"line":146,"column":15},"skip":true},"47":{"start":{"line":145,"column":16},"end":{"line":145,"column":70},"skip":true},"48":{"start":{"line":149,"column":8},"end":{"line":149,"column":31},"skip":true},"49":{"start":{"line":150,"column":8},"end":{"line":150,"column":14},"skip":true},"50":{"start":{"line":158,"column":8},"end":{"line":158,"column":31},"skip":true},"51":{"start":{"line":160,"column":8},"end":{"line":160,"column":33},"skip":true},"52":{"start":{"line":161,"column":8},"end":{"line":161,"column":37},"skip":true},"53":{"start":{"line":162,"column":8},"end":{"line":162,"column":35},"skip":true},"54":{"start":{"line":164,"column":8},"end":{"line":164,"column":50},"skip":true},"55":{"start":{"line":166,"column":8},"end":{"line":256,"column":2},"skip":true},"56":{"start":{"line":258,"column":8},"end":{"line":286,"column":9},"skip":true},"57":{"start":{"line":259,"column":12},"end":{"line":269,"column":14},"skip":true},"58":{"start":{"line":271,"column":12},"end":{"line":285,"column":19},"skip":true},"59":{"start":{"line":274,"column":20},"end":{"line":274,"column":35},"skip":true},"60":{"start":{"line":275,"column":20},"end":{"line":284,"column":21},"skip":true},"61":{"start":{"line":277,"column":24},"end":{"line":277,"column":64},"skip":true},"62":{"start":{"line":279,"column":24},"end":{"line":279,"column":40},"skip":true},"63":{"start":{"line":281,"column":24},"end":{"line":281,"column":40},"skip":true},"64":{"start":{"line":283,"column":24},"end":{"line":283,"column":39},"skip":true},"65":{"start":{"line":288,"column":8},"end":{"line":290,"column":9},"skip":true},"66":{"start":{"line":289,"column":12},"end":{"line":289,"column":18},"skip":true},"67":{"start":{"line":291,"column":8},"end":{"line":293,"column":54},"skip":true},"68":{"start":{"line":296,"column":8},"end":{"line":301,"column":37},"skip":true},"69":{"start":{"line":303,"column":8},"end":{"line":303,"column":82},"skip":true},"70":{"start":{"line":306,"column":8},"end":{"line":308,"column":9},"skip":true},"71":{"start":{"line":307,"column":12},"end":{"line":307,"column":82},"skip":true},"72":{"start":{"line":310,"column":8},"end":{"line":312,"column":9},"skip":true},"73":{"start":{"line":311,"column":12},"end":{"line":311,"column":18},"skip":true},"74":{"start":{"line":313,"column":8},"end":{"line":313,"column":54},"skip":true},"75":{"start":{"line":314,"column":8},"end":{"line":314,"column":69},"skip":true},"76":{"start":{"line":315,"column":8},"end":{"line":323,"column":36},"skip":true},"77":{"start":{"line":316,"column":12},"end":{"line":316,"column":61},"skip":true},"78":{"start":{"line":317,"column":12},"end":{"line":320,"column":13},"skip":true},"79":{"start":{"line":318,"column":16},"end":{"line":318,"column":75},"skip":true},"80":{"start":{"line":319,"column":16},"end":{"line":319,"column":23},"skip":true},"81":{"start":{"line":321,"column":12},"end":{"line":321,"column":38},"skip":true},"82":{"start":{"line":322,"column":12},"end":{"line":322,"column":27},"skip":true},"83":{"start":{"line":324,"column":8},"end":{"line":324,"column":14},"skip":true}},"branchMap":{"1":{"line":39,"type":"binary-expr","locations":[{"start":{"line":39,"column":23},"end":{"line":39,"column":62}},{"start":{"line":40,"column":20},"end":{"line":40,"column":70}},{"start":{"line":41,"column":20},"end":{"line":41,"column":71}},{"start":{"line":42,"column":20},"end":{"line":42,"column":29}}]},"2":{"line":44,"type":"binary-expr","locations":[{"start":{"line":44,"column":23},"end":{"line":44,"column":37}},{"start":{"line":45,"column":20},"end":{"line":45,"column":61}},{"start":{"line":46,"column":20},"end":{"line":46,"column":70}},{"start":{"line":47,"column":20},"end":{"line":47,"column":26}}]},"3":{"line":51,"type":"cond-expr","locations":[{"start":{"line":52,"column":14},"end":{"line":52,"column":20}},{"start":{"line":53,"column":14},"end":{"line":53,"column":20}}]},"4":{"line":55,"type":"binary-expr","locations":[{"start":{"line":55,"column":16},"end":{"line":55,"column":44}},{"start":{"line":55,"column":49},"end":{"line":57,"column":43}}]},"5":{"line":55,"type":"cond-expr","locations":[{"start":{"line":56,"column":14},"end":{"line":56,"column":51}},{"start":{"line":57,"column":14},"end":{"line":57,"column":43}}]},"6":{"line":61,"type":"switch","locations":[{"start":{"line":68,"column":4},"end":{"line":150,"column":14},"skip":true},{"start":{"line":156,"column":4},"end":{"line":324,"column":14},"skip":true}]},"7":{"line":70,"type":"if","locations":[{"start":{"line":70,"column":12},"end":{"line":70,"column":12},"skip":true},{"start":{"line":70,"column":12},"end":{"line":70,"column":12},"skip":true}]},"8":{"line":70,"type":"binary-expr","locations":[{"start":{"line":70,"column":16},"end":{"line":70,"column":22},"skip":true},{"start":{"line":70,"column":27},"end":{"line":70,"column":32},"skip":true},{"start":{"line":71,"column":20},"end":{"line":71,"column":39},"skip":true},{"start":{"line":72,"column":20},"end":{"line":72,"column":49},"skip":true},{"start":{"line":73,"column":20},"end":{"line":73,"column":58},"skip":true},{"start":{"line":74,"column":20},"end":{"line":74,"column":69},"skip":true}]},"9":{"line":79,"type":"switch","locations":[{"start":{"line":80,"column":20},"end":{"line":80,"column":33},"skip":true},{"start":{"line":81,"column":20},"end":{"line":83,"column":30},"skip":true},{"start":{"line":84,"column":20},"end":{"line":85,"column":49},"skip":true}]},"10":{"line":89,"type":"switch","locations":[{"start":{"line":90,"column":12},"end":{"line":103,"column":22},"skip":true},{"start":{"line":105,"column":12},"end":{"line":106,"column":22},"skip":true}]},"11":{"line":89,"type":"binary-expr","locations":[{"start":{"line":89,"column":20},"end":{"line":89,"column":25},"skip":true},{"start":{"line":89,"column":29},"end":{"line":89,"column":48},"skip":true},{"start":{"line":89,"column":52},"end":{"line":89,"column":74},"skip":true}]},"12":{"line":92,"type":"if","locations":[{"start":{"line":92,"column":16},"end":{"line":92,"column":16},"skip":true},{"start":{"line":92,"column":16},"end":{"line":92,"column":16},"skip":true}]},"13":{"line":108,"type":"if","locations":[{"start":{"line":108,"column":12},"end":{"line":108,"column":12},"skip":true},{"start":{"line":108,"column":12},"end":{"line":108,"column":12},"skip":true}]},"14":{"line":108,"type":"binary-expr","locations":[{"start":{"line":108,"column":16},"end":{"line":108,"column":61},"skip":true},{"start":{"line":108,"column":66},"end":{"line":108,"column":72},"skip":true},{"start":{"line":108,"column":77},"end":{"line":108,"column":82},"skip":true},{"start":{"line":109,"column":20},"end":{"line":109,"column":39},"skip":true},{"start":{"line":110,"column":20},"end":{"line":110,"column":49},"skip":true},{"start":{"line":111,"column":20},"end":{"line":111,"column":58},"skip":true},{"start":{"line":112,"column":20},"end":{"line":112,"column":68},"skip":true}]},"15":{"line":129,"type":"if","locations":[{"start":{"line":129,"column":16},"end":{"line":129,"column":16},"skip":true},{"start":{"line":129,"column":16},"end":{"line":129,"column":16},"skip":true}]},"16":{"line":134,"type":"cond-expr","locations":[{"start":{"line":135,"column":26},"end":{"line":135,"column":29},"skip":true},{"start":{"line":136,"column":26},"end":{"line":136,"column":54},"skip":true}]},"17":{"line":164,"type":"binary-expr","locations":[{"start":{"line":164,"column":27},"end":{"line":164,"column":43},"skip":true},{"start":{"line":164,"column":47},"end":{"line":164,"column":49},"skip":true}]},"18":{"line":258,"type":"if","locations":[{"start":{"line":258,"column":8},"end":{"line":258,"column":8},"skip":true},{"start":{"line":258,"column":8},"end":{"line":258,"column":8},"skip":true}]},"19":{"line":275,"type":"switch","locations":[{"start":{"line":276,"column":20},"end":{"line":277,"column":64},"skip":true},{"start":{"line":278,"column":20},"end":{"line":279,"column":40},"skip":true},{"start":{"line":280,"column":20},"end":{"line":281,"column":40},"skip":true},{"start":{"line":282,"column":20},"end":{"line":283,"column":39},"skip":true}]},"20":{"line":288,"type":"if","locations":[{"start":{"line":288,"column":8},"end":{"line":288,"column":8},"skip":true},{"start":{"line":288,"column":8},"end":{"line":288,"column":8},"skip":true}]},"21":{"line":288,"type":"binary-expr","locations":[{"start":{"line":288,"column":12},"end":{"line":288,"column":40},"skip":true},{"start":{"line":288,"column":44},"end":{"line":288,"column":67},"skip":true}]},"22":{"line":292,"type":"binary-expr","locations":[{"start":{"line":292,"column":12},"end":{"line":292,"column":50},"skip":true},{"start":{"line":293,"column":12},"end":{"line":293,"column":53},"skip":true}]},"23":{"line":297,"type":"binary-expr","locations":[{"start":{"line":297,"column":12},"end":{"line":297,"column":65},"skip":true},{"start":{"line":298,"column":12},"end":{"line":301,"column":36},"skip":true}]},"24":{"line":303,"type":"binary-expr","locations":[{"start":{"line":303,"column":43},"end":{"line":303,"column":75},"skip":true},{"start":{"line":303,"column":79},"end":{"line":303,"column":81},"skip":true}]},"25":{"line":306,"type":"if","locations":[{"start":{"line":306,"column":8},"end":{"line":306,"column":8},"skip":true},{"start":{"line":306,"column":8},"end":{"line":306,"column":8},"skip":true}]},"26":{"line":310,"type":"if","locations":[{"start":{"line":310,"column":8},"end":{"line":310,"column":8},"skip":true},{"start":{"line":310,"column":8},"end":{"line":310,"column":8},"skip":true}]},"27":{"line":313,"type":"binary-expr","locations":[{"start":{"line":313,"column":27},"end":{"line":313,"column":43},"skip":true},{"start":{"line":313,"column":47},"end":{"line":313,"column":53},"skip":true}]},"28":{"line":317,"type":"if","locations":[{"start":{"line":317,"column":12},"end":{"line":317,"column":12},"skip":true},{"start":{"line":317,"column":12},"end":{"line":317,"column":12},"skip":true}]}},"code":["/*","example.js","","quickstart example","","instruction","    1. save this script as example.js","    2. run the shell command:","        $ npm install npmtest-cordova && PORT=8081 node example.js","    3. play with the browser-demo on http://127.0.0.1:8081","*/","","","","/* istanbul instrument in package npmtest_cordova */","/*jslint","    bitwise: true,","    browser: true,","    maxerr: 8,","    maxlen: 96,","    node: true,","    nomen: true,","    regexp: true,","    stupid: true","*/","(function () {","    'use strict';","    var local;","","","","    // run shared js-env code - pre-init","    (function () {","        // init local","        local = {};","        // init modeJs","        local.modeJs = (function () {","            try {","                return typeof navigator.userAgent === 'string' &&","                    typeof document.querySelector('body') === 'object' &&","                    typeof XMLHttpRequest.prototype.open === 'function' &&","                    'browser';","            } catch (errorCaughtBrowser) {","                return module.exports &&","                    typeof process.versions.node === 'string' &&","                    typeof require('http').createServer === 'function' &&","                    'node';","            }","        }());","        // init global","        local.global = local.modeJs === 'browser'","            ? window","            : global;","        // init utility2_rollup","        local = local.global.utility2_rollup || (local.modeJs === 'browser'","            ? local.global.utility2_npmtest_cordova","            : global.utility2_moduleExports);","        // export local","        local.global.local = local;","    }());","    switch (local.modeJs) {","","","","    // post-init","    // run browser js-env code - post-init","    /* istanbul ignore next */","    case 'browser':","        local.testRunBrowser = function (event) {","            if (!event || (event &&","                    event.currentTarget &&","                    event.currentTarget.className &&","                    event.currentTarget.className.includes &&","                    event.currentTarget.className.includes('onreset'))) {","                // reset output","                Array.from(","                    document.querySelectorAll('body > .resettable')","                ).forEach(function (element) {","                    switch (element.tagName) {","                    case 'INPUT':","                    case 'TEXTAREA':","                        element.value = '';","                        break;","                    default:","                        element.textContent = '';","                    }","                });","            }","            switch (event && event.currentTarget && event.currentTarget.id) {","            case 'testRunButton1':","                // show tests","                if (document.querySelector('#testReportDiv1').style.display === 'none') {","                    document.querySelector('#testReportDiv1').style.display = 'block';","                    document.querySelector('#testRunButton1').textContent =","                        'hide internal test';","                    local.modeTest = true;","                    local.testRunDefault(local);","                // hide tests","                } else {","                    document.querySelector('#testReportDiv1').style.display = 'none';","                    document.querySelector('#testRunButton1').textContent = 'run internal test';","                }","                break;","            // custom-case","            default:","                break;","            }","            if (document.querySelector('#inputTextareaEval1') && (!event || (event &&","                    event.currentTarget &&","                    event.currentTarget.className &&","                    event.currentTarget.className.includes &&","                    event.currentTarget.className.includes('oneval')))) {","                // try to eval input-code","                try {","                    /*jslint evil: true*/","                    eval(document.querySelector('#inputTextareaEval1').value);","                } catch (errorCaught) {","                    console.error(errorCaught);","                }","            }","        };","        // log stderr and stdout to #outputTextareaStdout1","        ['error', 'log'].forEach(function (key) {","            console[key + '_original'] = console[key];","            console[key] = function () {","                var element;","                console[key + '_original'].apply(console, arguments);","                element = document.querySelector('#outputTextareaStdout1');","                if (!element) {","                    return;","                }","                // append text to #outputTextareaStdout1","                element.value += Array.from(arguments).map(function (arg) {","                    return typeof arg === 'string'","                        ? arg","                        : JSON.stringify(arg, null, 4);","                }).join(' ') + '\\n';","                // scroll textarea to bottom","                element.scrollTop = element.scrollHeight;","            };","        });","        // init event-handling","        ['change', 'click', 'keyup'].forEach(function (event) {","            Array.from(document.querySelectorAll('.on' + event)).forEach(function (element) {","                element.addEventListener(event, local.testRunBrowser);","            });","        });","        // run tests","        local.testRunBrowser();","        break;","","","","    // run node js-env code - post-init","    /* istanbul ignore next */","    case 'node':","        // export local","        module.exports = local;","        // require modules","        local.fs = require('fs');","        local.http = require('http');","        local.url = require('url');","        // init assets","        local.assetsDict = local.assetsDict || {};","        /* jslint-ignore-begin */","        local.assetsDict['/assets.index.template.html'] = '\\","<!doctype html>\\n\\","<html lang=\"en\">\\n\\","<head>\\n\\","<meta charset=\"UTF-8\">\\n\\","<meta name=\"viewport\" content=\"width=device-width, initial-scale=1\">\\n\\","<title>{{env.npm_package_name}} (v{{env.npm_package_version}})</title>\\n\\","<style>\\n\\","/*csslint\\n\\","    box-sizing: false,\\n\\","    universal-selector: false\\n\\","*/\\n\\","* {\\n\\","    box-sizing: border-box;\\n\\","}\\n\\","body {\\n\\","    background: #dde;\\n\\","    font-family: Arial, Helvetica, sans-serif;\\n\\","    margin: 2rem;\\n\\","}\\n\\","body > * {\\n\\","    margin-bottom: 1rem;\\n\\","}\\n\\",".utility2FooterDiv {\\n\\","    margin-top: 20px;\\n\\","    text-align: center;\\n\\","}\\n\\","</style>\\n\\","<style>\\n\\","/*csslint\\n\\","*/\\n\\","textarea {\\n\\","    font-family: monospace;\\n\\","    height: 10rem;\\n\\","    width: 100%;\\n\\","}\\n\\","textarea[readonly] {\\n\\","    background: #ddd;\\n\\","}\\n\\","</style>\\n\\","</head>\\n\\","<body>\\n\\","<!-- utility2-comment\\n\\","<div id=\"ajaxProgressDiv1\" style=\"background: #d00; height: 2px; left: 0; margin: 0; padding: 0; position: fixed; top: 0; transition: background 0.5s, width 1.5s; width: 25%;\"></div>\\n\\","utility2-comment -->\\n\\","<h1>\\n\\","<!-- utility2-comment\\n\\","    <a\\n\\","        {{#if env.npm_package_homepage}}\\n\\","        href=\"{{env.npm_package_homepage}}\"\\n\\","        {{/if env.npm_package_homepage}}\\n\\","        target=\"_blank\"\\n\\","    >\\n\\","utility2-comment -->\\n\\","        {{env.npm_package_name}} (v{{env.npm_package_version}})\\n\\","<!-- utility2-comment\\n\\","    </a>\\n\\","utility2-comment -->\\n\\","</h1>\\n\\","<h3>{{env.npm_package_description}}</h3>\\n\\","<!-- utility2-comment\\n\\","<h4><a download href=\"assets.app.js\">download standalone app</a></h4>\\n\\","<button class=\"onclick onreset\" id=\"testRunButton1\">run internal test</button><br>\\n\\","<div id=\"testReportDiv1\" style=\"display: none;\"></div>\\n\\","utility2-comment -->\\n\\","\\n\\","\\n\\","\\n\\","<label>stderr and stdout</label>\\n\\","<textarea class=\"resettable\" id=\"outputTextareaStdout1\" readonly></textarea>\\n\\","<!-- utility2-comment\\n\\","{{#if isRollup}}\\n\\","<script src=\"assets.app.js\"></script>\\n\\","{{#unless isRollup}}\\n\\","utility2-comment -->\\n\\","<script src=\"assets.utility2.rollup.js\"></script>\\n\\","<script src=\"jsonp.utility2._stateInit?callback=window.utility2._stateInit\"></script>\\n\\","<script src=\"assets.npmtest_cordova.rollup.js\"></script>\\n\\","<script src=\"assets.example.js\"></script>\\n\\","<script src=\"assets.test.js\"></script>\\n\\","<!-- utility2-comment\\n\\","{{/if isRollup}}\\n\\","utility2-comment -->\\n\\","<div class=\"utility2FooterDiv\">\\n\\","    [ this app was created with\\n\\","    <a href=\"https://github.com/kaizhu256/node-utility2\" target=\"_blank\">utility2</a>\\n\\","    ]\\n\\","</div>\\n\\","</body>\\n\\","</html>\\n\\","';","        /* jslint-ignore-end */","        if (local.templateRender) {","            local.assetsDict['/'] = local.templateRender(","                local.assetsDict['/assets.index.template.html'],","                {","                    env: local.objectSetDefault(local.env, {","                        npm_package_description: 'the greatest app in the world!',","                        npm_package_name: 'my-app',","                        npm_package_nameAlias: 'my_app',","                        npm_package_version: '0.0.1'","                    })","                }","            );","        } else {","            local.assetsDict['/'] = local.assetsDict['/assets.index.template.html']","                .replace((/\\{\\{env\\.(\\w+?)\\}\\}/g), function (match0, match1) {","                    // jslint-hack","                    String(match0);","                    switch (match1) {","                    case 'npm_package_description':","                        return 'the greatest app in the world!';","                    case 'npm_package_name':","                        return 'my-app';","                    case 'npm_package_nameAlias':","                        return 'my_app';","                    case 'npm_package_version':","                        return '0.0.1';","                    }","                });","        }","        // run the cli","        if (local.global.utility2_rollup || module !== require.main) {","            break;","        }","        local.assetsDict['/assets.example.js'] =","            local.assetsDict['/assets.example.js'] ||","            local.fs.readFileSync(__filename, 'utf8');","        // bug-workaround - long $npm_package_buildCustomOrg","        /* jslint-ignore-begin */","        local.assetsDict['/assets.npmtest_cordova.rollup.js'] =","            local.assetsDict['/assets.npmtest_cordova.rollup.js'] ||","            local.fs.readFileSync(","                local.npmtest_cordova.__dirname + '/lib.npmtest_cordova.js',","                'utf8'","            ).replace((/^#!/), '//');","        /* jslint-ignore-end */","        local.assetsDict['/favicon.ico'] = local.assetsDict['/favicon.ico'] || '';","        // if $npm_config_timeout_exit exists,","        // then exit this process after $npm_config_timeout_exit ms","        if (Number(process.env.npm_config_timeout_exit)) {","            setTimeout(process.exit, Number(process.env.npm_config_timeout_exit));","        }","        // start server","        if (local.global.utility2_serverHttp1) {","            break;","        }","        process.env.PORT = process.env.PORT || '8081';","        console.error('server starting on port ' + process.env.PORT);","        local.http.createServer(function (request, response) {","            request.urlParsed = local.url.parse(request.url);","            if (local.assetsDict[request.urlParsed.pathname] !== undefined) {","                response.end(local.assetsDict[request.urlParsed.pathname]);","                return;","            }","            response.statusCode = 404;","            response.end();","        }).listen(process.env.PORT);","        break;","    }","}());",""],"l":{"26":2,"28":2,"33":2,"35":2,"37":2,"38":2,"39":2,"44":1,"51":2,"55":2,"59":2,"61":2,"69":1,"70":2,"76":2,"79":2,"82":2,"83":2,"85":1,"89":2,"92":1,"93":1,"94":1,"96":1,"97":1,"100":1,"101":1,"103":1,"106":1,"108":2,"114":1,"116":1,"118":1,"123":1,"124":2,"125":2,"126":3,"127":3,"128":3,"129":3,"130":1,"133":3,"134":3,"139":3,"143":1,"144":3,"145":1,"149":1,"150":1,"158":1,"160":1,"161":1,"162":1,"164":1,"166":1,"258":1,"259":1,"271":1,"274":6,"275":6,"277":1,"279":2,"281":1,"283":2,"288":1,"289":1,"291":1,"296":1,"303":1,"306":1,"307":1,"310":1,"311":1,"313":1,"314":1,"315":1,"316":1,"317":1,"318":1,"319":1,"321":1,"322":1,"324":1}},"/home/travis/build/npmtest/node-npmtest-cordova/node_modules/cordova/cordova.js":{"path":"/home/travis/build/npmtest/node-npmtest-cordova/node_modules/cordova/cordova.js","s":{"1":1,"2":1,"3":1,"4":1},"b":{},"f":{},"fnMap":{},"statementMap":{"1":{"start":{"line":23,"column":0},"end":{"line":23,"column":41}},"2":{"start":{"line":24,"column":0},"end":{"line":24,"column":37}},"3":{"start":{"line":30,"column":0},"end":{"line":30,"column":41}},"4":{"start":{"line":31,"column":0},"end":{"line":31,"column":42}}},"branchMap":{},"code":["/**","    Licensed to the Apache Software Foundation (ASF) under one","    or more contributor license agreements.  See the NOTICE file","    distributed with this work for additional information","    regarding copyright ownership.  The ASF licenses this file","    to you under the Apache License, Version 2.0 (the","    \"License\"); you may not use this file except in compliance","    with the License.  You may obtain a copy of the License at","","    http://www.apache.org/licenses/LICENSE-2.0","","    Unless required by applicable law or agreed to in writing,","    software distributed under the License is distributed on an","    \"AS IS\" BASIS, WITHOUT WARRANTIES OR CONDITIONS OF ANY","    KIND, either express or implied.  See the License for the","    specific language governing permissions and limitations","    under the License.","*/","","// All cordova js API moved to cordova-lib. If you don't need the cordova CLI,","// use cordova-lib directly.","","var cordova_lib = require('cordova-lib');","module.exports = cordova_lib.cordova;","","// Also export the cordova-lib so that downstream consumers of cordova lib and","// CLI will be able to use CLI's cordova-lib and avoid the risk of having two","// different versions of cordova-lib which would result in two instances of","// \"events\" and can cause bad event handling.","module.exports.cordova_lib = cordova_lib;","module.exports.cli = require('./src/cli');",""],"l":{"23":1,"24":1,"30":1,"31":1}},"/home/travis/build/npmtest/node-npmtest-cordova/node_modules/cordova-lib/cordova-lib.js":{"path":"/home/travis/build/npmtest/node-npmtest-cordova/node_modules/cordova-lib/cordova-lib.js","s":{"1":1,"2":3,"3":19,"4":19,"5":19,"6":1,"7":0,"8":16,"9":17,"10":16,"11":14,"12":15,"13":1,"14":1,"15":1},"b":{},"f":{"1":3,"2":19,"3":0,"4":16,"5":17,"6":16,"7":14,"8":15},"fnMap":{"1":{"name":"addProperty","line":23,"loc":{"start":{"line":23,"column":0},"end":{"line":23,"column":48}}},"2":{"name":"(anonymous_2)","line":27,"loc":{"start":{"line":27,"column":13},"end":{"line":27,"column":25}}},"3":{"name":"(anonymous_3)","line":37,"loc":{"start":{"line":37,"column":15},"end":{"line":37,"column":22}}},"4":{"name":"(anonymous_4)","line":40,"loc":{"start":{"line":40,"column":15},"end":{"line":40,"column":18}}},"5":{"name":"(anonymous_5)","line":43,"loc":{"start":{"line":43,"column":14},"end":{"line":43,"column":17}}},"6":{"name":"(anonymous_6)","line":44,"loc":{"start":{"line":44,"column":20},"end":{"line":44,"column":23}}},"7":{"name":"(anonymous_7)","line":45,"loc":{"start":{"line":45,"column":18},"end":{"line":45,"column":21}}},"8":{"name":"(anonymous_8)","line":46,"loc":{"start":{"line":46,"column":20},"end":{"line":46,"column":23}}}},"statementMap":{"1":{"start":{"line":23,"column":0},"end":{"line":34,"column":1}},"2":{"start":{"line":25,"column":4},"end":{"line":33,"column":7}},"3":{"start":{"line":28,"column":12},"end":{"line":28,"column":45}},"4":{"start":{"line":30,"column":12},"end":{"line":30,"column":35}},"5":{"start":{"line":31,"column":12},"end":{"line":31,"column":26}},"6":{"start":{"line":36,"column":0},"end":{"line":48,"column":2}},"7":{"start":{"line":38,"column":8},"end":{"line":38,"column":36}},"8":{"start":{"line":41,"column":8},"end":{"line":41,"column":36}},"9":{"start":{"line":43,"column":19},"end":{"line":43,"column":59}},"10":{"start":{"line":44,"column":25},"end":{"line":44,"column":71}},"11":{"start":{"line":45,"column":23},"end":{"line":45,"column":67}},"12":{"start":{"line":46,"column":25},"end":{"line":46,"column":71}},"13":{"start":{"line":50,"column":0},"end":{"line":50,"column":64}},"14":{"start":{"line":51,"column":0},"end":{"line":51,"column":64}},"15":{"start":{"line":52,"column":0},"end":{"line":52,"column":78}}},"branchMap":{},"code":["/**","    Licensed to the Apache Software Foundation (ASF) under one","    or more contributor license agreements.  See the NOTICE file","    distributed with this work for additional information","    regarding copyright ownership.  The ASF licenses this file","    to you under the Apache License, Version 2.0 (the","    \"License\"); you may not use this file except in compliance","    with the License.  You may obtain a copy of the License at","","    http://www.apache.org/licenses/LICENSE-2.0","","    Unless required by applicable law or agreed to in writing,","    software distributed under the License is distributed on an","    \"AS IS\" BASIS, WITHOUT WARRANTIES OR CONDITIONS OF ANY","    KIND, either express or implied.  See the License for the","    specific language governing permissions and limitations","    under the License.","*/","","// For now expose plugman and cordova just as they were in the old repos","","","function addProperty(obj, property, modulePath) {","    // Add properties as getter to delay load the modules on first invocation","    Object.defineProperty(obj, property, {","        configurable: true,","        get: function () {","            var module = require(modulePath);","            // We do not need the getter any more","            obj[property] = module;","            return module;","        }","    });","}","","exports = module.exports = {","    set binname(name) {","        this.cordova.binname = name;","    },","    get binname() {","        return this.cordova.binname;","    },","    get events() { return require('cordova-common').events },","    get configparser() { return require('cordova-common').ConfigParser },","    get PluginInfo() { return require('cordova-common').PluginInfo },","    get CordovaError() { return require('cordova-common').CordovaError }","","};","","addProperty(module.exports, 'plugman', './src/plugman/plugman');","addProperty(module.exports, 'cordova', './src/cordova/cordova');","addProperty(module.exports, 'cordova_platforms', './src/platforms/platforms');"],"l":{"23":1,"25":3,"28":19,"30":19,"31":19,"36":1,"38":0,"41":16,"43":17,"44":16,"45":14,"46":15,"50":1,"51":1,"52":1}},"/home/travis/build/npmtest/node-npmtest-cordova/node_modules/cordova-lib/src/cordova/cordova.js":{"path":"/home/travis/build/npmtest/node-npmtest-cordova/node_modules/cordova-lib/src/cordova/cordova.js","s":{"1":1,"2":1,"3":1,"4":0,"5":1,"6":0,"7":1,"8":18,"9":0,"10":0,"11":0,"12":1,"13":0,"14":1,"15":1,"16":1,"17":1,"18":1,"19":1,"20":1,"21":1,"22":1,"23":1,"24":1,"25":1,"26":1,"27":1,"28":1,"29":1,"30":1,"31":1,"32":1},"b":{},"f":{"1":0,"2":0,"3":18,"4":0,"5":0,"6":0,"7":0},"fnMap":{"1":{"name":"(anonymous_1)","line":23,"loc":{"start":{"line":23,"column":10},"end":{"line":23,"column":21}}},"2":{"name":"(anonymous_2)","line":27,"loc":{"start":{"line":27,"column":11},"end":{"line":27,"column":22}}},"3":{"name":"(anonymous_3)","line":32,"loc":{"start":{"line":32,"column":15},"end":{"line":32,"column":18}}},"4":{"name":"(anonymous_4)","line":33,"loc":{"start":{"line":33,"column":15},"end":{"line":33,"column":22}}},"5":{"name":"(anonymous_5)","line":34,"loc":{"start":{"line":34,"column":15},"end":{"line":34,"column":26}}},"6":{"name":"(anonymous_6)","line":39,"loc":{"start":{"line":39,"column":23},"end":{"line":39,"column":34}}},"7":{"name":"(anonymous_7)","line":47,"loc":{"start":{"line":47,"column":26},"end":{"line":47,"column":49}}}},"statementMap":{"1":{"start":{"line":20,"column":0},"end":{"line":20,"column":54}},"2":{"start":{"line":21,"column":0},"end":{"line":21,"column":37}},"3":{"start":{"line":23,"column":0},"end":{"line":25,"column":2}},"4":{"start":{"line":24,"column":4},"end":{"line":24,"column":67}},"5":{"start":{"line":27,"column":0},"end":{"line":29,"column":2}},"6":{"start":{"line":28,"column":4},"end":{"line":28,"column":57}},"7":{"start":{"line":31,"column":0},"end":{"line":45,"column":2}},"8":{"start":{"line":32,"column":20},"end":{"line":32,"column":48}},"9":{"start":{"line":33,"column":24},"end":{"line":33,"column":52}},"10":{"start":{"line":35,"column":8},"end":{"line":35,"column":59}},"11":{"start":{"line":40,"column":8},"end":{"line":40,"column":75}},"12":{"start":{"line":47,"column":0},"end":{"line":49,"column":2}},"13":{"start":{"line":48,"column":4},"end":{"line":48,"column":48}},"14":{"start":{"line":55,"column":0},"end":{"line":55,"column":55}},"15":{"start":{"line":56,"column":0},"end":{"line":56,"column":56}},"16":{"start":{"line":57,"column":0},"end":{"line":57,"column":52}},"17":{"start":{"line":58,"column":0},"end":{"line":58,"column":44}},"18":{"start":{"line":59,"column":0},"end":{"line":59,"column":48}},"19":{"start":{"line":60,"column":0},"end":{"line":60,"column":54}},"20":{"start":{"line":61,"column":0},"end":{"line":61,"column":56}},"21":{"start":{"line":62,"column":0},"end":{"line":62,"column":54}},"22":{"start":{"line":63,"column":0},"end":{"line":63,"column":55}},"23":{"start":{"line":64,"column":0},"end":{"line":64,"column":46}},"24":{"start":{"line":65,"column":0},"end":{"line":65,"column":58}},"25":{"start":{"line":66,"column":0},"end":{"line":66,"column":59}},"26":{"start":{"line":67,"column":0},"end":{"line":67,"column":56}},"27":{"start":{"line":68,"column":0},"end":{"line":68,"column":48}},"28":{"start":{"line":69,"column":0},"end":{"line":69,"column":50}},"29":{"start":{"line":70,"column":0},"end":{"line":70,"column":56}},"30":{"start":{"line":71,"column":0},"end":{"line":71,"column":66}},"31":{"start":{"line":72,"column":0},"end":{"line":72,"column":73}},"32":{"start":{"line":73,"column":0},"end":{"line":73,"column":52}}},"branchMap":{},"code":["/**","    Licensed to the Apache Software Foundation (ASF) under one","    or more contributor license agreements.  See the NOTICE file","    distributed with this work for additional information","    regarding copyright ownership.  The ASF licenses this file","    to you under the Apache License, Version 2.0 (the","    \"License\"); you may not use this file except in compliance","    with the License.  You may obtain a copy of the License at","","    http://www.apache.org/licenses/LICENSE-2.0","","    Unless required by applicable law or agreed to in writing,","    software distributed under the License is distributed on an","    \"AS IS\" BASIS, WITHOUT WARRANTIES OR CONDITIONS OF ANY","    KIND, either express or implied.  See the License for the","    specific language governing permissions and limitations","    under the License.","*/","","var cordova_events = require('cordova-common').events;","var cordova_util = require('./util');","","var off = function() {","    cordova_events.removeListener.apply(cordova_events, arguments);","};","","var emit = function() {","    cordova_events.emit.apply(cordova_events, arguments);","};","","exports = module.exports = {","    get binname() { return cordova_util.binname; },","    set binname(name) { cordova_util.binname = name; },","    on:        function() {","        cordova_events.on.apply(cordova_events, arguments);","    },","    off:       off,","    removeListener:off,","    removeAllListeners:function() {","        cordova_events.removeAllListeners.apply(cordova_events, arguments);","    },","    emit:      emit,","    trigger:   emit,","    raw: {}","};","","exports.findProjectRoot = function(opt_startDir) {","    return cordova_util.isCordova(opt_startDir);","};","","// Each of these APIs takes a final parameter that is a callback function.","// The callback is passed the error object upon failure, or undefined upon success.","// To use a promise instead, call the APIs via cordova.raw.FOO(), which returns","// a promise instead of using a final-parameter-callback.","var addModuleProperty = cordova_util.addModuleProperty;","addModuleProperty(module, 'prepare', './prepare', true);","addModuleProperty(module, 'build', './build', true);","addModuleProperty(module, 'help', './help');","addModuleProperty(module, 'config', './config');","addModuleProperty(module, 'create', './create', true);","addModuleProperty(module, 'emulate', './emulate', true);","addModuleProperty(module, 'plugin', './plugin', true);","addModuleProperty(module, 'plugins', './plugin', true);","addModuleProperty(module, 'serve', './serve');","addModuleProperty(module, 'platform', './platform', true);","addModuleProperty(module, 'platforms', './platform', true);","addModuleProperty(module, 'compile', './compile', true);","addModuleProperty(module, 'run', './run', true);","addModuleProperty(module, 'info', './info', true);","addModuleProperty(module, 'targets', './targets', true);","addModuleProperty(module, 'requirements', './requirements', true);","addModuleProperty(module, 'projectMetadata', './project_metadata', true);","addModuleProperty(module, 'clean', './clean', true);",""],"l":{"20":1,"21":1,"23":1,"24":0,"27":1,"28":0,"31":1,"32":18,"33":0,"35":0,"40":0,"47":1,"48":0,"55":1,"56":1,"57":1,"58":1,"59":1,"60":1,"61":1,"62":1,"63":1,"64":1,"65":1,"66":1,"67":1,"68":1,"69":1,"70":1,"71":1,"72":1,"73":1}},"/home/travis/build/npmtest/node-npmtest-cordova/node_modules/cordova-common/cordova-common.js":{"path":"/home/travis/build/npmtest/node-npmtest-cordova/node_modules/cordova-common/cordova-common.js","s":{"1":1,"2":1,"3":1,"4":1,"5":1,"6":1,"7":1,"8":1,"9":1,"10":1,"11":1,"12":1,"13":1,"14":1,"15":1,"16":1,"17":1,"18":1,"19":1,"20":1},"b":{},"f":{},"fnMap":{},"statementMap":{"1":{"start":{"line":20,"column":0},"end":{"line":20,"column":52}},"2":{"start":{"line":22,"column":0},"end":{"line":22,"column":21}},"3":{"start":{"line":24,"column":0},"end":{"line":24,"column":46}},"4":{"start":{"line":25,"column":0},"end":{"line":25,"column":54}},"5":{"start":{"line":27,"column":0},"end":{"line":27,"column":56}},"6":{"start":{"line":28,"column":0},"end":{"line":28,"column":71}},"7":{"start":{"line":29,"column":0},"end":{"line":29,"column":60}},"8":{"start":{"line":30,"column":0},"end":{"line":30,"column":58}},"9":{"start":{"line":31,"column":0},"end":{"line":31,"column":109}},"10":{"start":{"line":32,"column":0},"end":{"line":32,"column":58}},"11":{"start":{"line":33,"column":0},"end":{"line":33,"column":71}},"12":{"start":{"line":34,"column":0},"end":{"line":34,"column":56}},"13":{"start":{"line":36,"column":0},"end":{"line":36,"column":65}},"14":{"start":{"line":37,"column":0},"end":{"line":37,"column":81}},"15":{"start":{"line":39,"column":0},"end":{"line":39,"column":60}},"16":{"start":{"line":41,"column":0},"end":{"line":41,"column":74}},"17":{"start":{"line":42,"column":0},"end":{"line":42,"column":72}},"18":{"start":{"line":43,"column":0},"end":{"line":43,"column":68}},"19":{"start":{"line":44,"column":0},"end":{"line":44,"column":67}},"20":{"start":{"line":46,"column":0},"end":{"line":46,"column":60}}},"branchMap":{},"code":["/**","    Licensed to the Apache Software Foundation (ASF) under one","    or more contributor license agreements.  See the NOTICE file","    distributed with this work for additional information","    regarding copyright ownership.  The ASF licenses this file","    to you under the Apache License, Version 2.0 (the","    \"License\"); you may not use this file except in compliance","    with the License.  You may obtain a copy of the License at","","    http://www.apache.org/licenses/LICENSE-2.0","","    Unless required by applicable law or agreed to in writing,","    software distributed under the License is distributed on an","    \"AS IS\" BASIS, WITHOUT WARRANTIES OR CONDITIONS OF ANY","    KIND, either express or implied.  See the License for the","    specific language governing permissions and limitations","    under the License.","*/","","var addProperty = require('./src/util/addProperty');","","module.exports = { };","","addProperty(module, 'events', './src/events');","addProperty(module, 'superspawn', './src/superspawn');","","addProperty(module, 'ActionStack', './src/ActionStack');","addProperty(module, 'CordovaError', './src/CordovaError/CordovaError');","addProperty(module, 'CordovaLogger', './src/CordovaLogger');","addProperty(module, 'CordovaCheck', './src/CordovaCheck');","addProperty(module, 'CordovaExternalToolErrorContext', './src/CordovaError/CordovaExternalToolErrorContext');","addProperty(module, 'PlatformJson', './src/PlatformJson');","addProperty(module, 'ConfigParser', './src/ConfigParser/ConfigParser');","addProperty(module, 'FileUpdater', './src/FileUpdater');","","addProperty(module, 'PluginInfo', './src/PluginInfo/PluginInfo');","addProperty(module, 'PluginInfoProvider', './src/PluginInfo/PluginInfoProvider');","","addProperty(module, 'PluginManager', './src/PluginManager');","","addProperty(module, 'ConfigChanges', './src/ConfigChanges/ConfigChanges');","addProperty(module, 'ConfigKeeper', './src/ConfigChanges/ConfigKeeper');","addProperty(module, 'ConfigFile', './src/ConfigChanges/ConfigFile');","addProperty(module, 'mungeUtil', './src/ConfigChanges/munge-util');","","addProperty(module, 'xmlHelpers', './src/util/xml-helpers');","",""],"l":{"20":1,"22":1,"24":1,"25":1,"27":1,"28":1,"29":1,"30":1,"31":1,"32":1,"33":1,"34":1,"36":1,"37":1,"39":1,"41":1,"42":1,"43":1,"44":1,"46":1}},"/home/travis/build/npmtest/node-npmtest-cordova/node_modules/cordova-common/src/util/addProperty.js":{"path":"/home/travis/build/npmtest/node-npmtest-cordova/node_modules/cordova-common/src/util/addProperty.js","s":{"1":1,"2":18,"3":18,"4":66,"5":66,"6":66},"b":{"1":[18,18]},"f":{"1":18,"2":66},"fnMap":{"1":{"name":"addProperty","line":20,"loc":{"start":{"line":20,"column":17},"end":{"line":20,"column":73}}},"2":{"name":"(anonymous_2)","line":26,"loc":{"start":{"line":26,"column":13},"end":{"line":26,"column":25}}}},"statementMap":{"1":{"start":{"line":20,"column":0},"end":{"line":32,"column":2}},"2":{"start":{"line":22,"column":4},"end":{"line":22,"column":32}},"3":{"start":{"line":24,"column":4},"end":{"line":31,"column":7}},"4":{"start":{"line":27,"column":12},"end":{"line":27,"column":63}},"5":{"start":{"line":28,"column":12},"end":{"line":28,"column":46}},"6":{"start":{"line":29,"column":12},"end":{"line":29,"column":37}}},"branchMap":{"1":{"line":22,"type":"binary-expr","locations":[{"start":{"line":22,"column":10},"end":{"line":22,"column":13}},{"start":{"line":22,"column":17},"end":{"line":22,"column":31}}]}},"code":["/*","       Licensed to the Apache Software Foundation (ASF) under one","       or more contributor license agreements.  See the NOTICE file","       distributed with this work for additional information","       regarding copyright ownership.  The ASF licenses this file","       to you under the Apache License, Version 2.0 (the","       \"License\"); you may not use this file except in compliance","       with the License.  You may obtain a copy of the License at","","         http://www.apache.org/licenses/LICENSE-2.0","","       Unless required by applicable law or agreed to in writing,","       software distributed under the License is distributed on an","       \"AS IS\" BASIS, WITHOUT WARRANTIES OR CONDITIONS OF ANY","       KIND, either express or implied.  See the License for the","       specific language governing permissions and limitations","       under the License.","*/","","module.exports = function addProperty(module, property, modulePath, obj) {","    ","    obj = obj || module.exports;","    // Add properties as getter to delay load the modules on first invocation","    Object.defineProperty(obj, property, {","        configurable: true,","        get: function () {","            var delayLoadedModule = module.require(modulePath);","            obj[property] = delayLoadedModule;","            return delayLoadedModule;","        }","    });","};",""],"l":{"20":1,"22":18,"24":18,"27":66,"28":66,"29":66}},"/home/travis/build/npmtest/node-npmtest-cordova/node_modules/cordova-common/src/events.js":{"path":"/home/travis/build/npmtest/node-npmtest-cordova/node_modules/cordova-common/src/events.js","s":{"1":1,"2":1,"3":1,"4":1,"5":1,"6":0,"7":0,"8":0,"9":0,"10":0,"11":0,"12":0,"13":0,"14":1,"15":1,"16":0,"17":0,"18":0,"19":0},"b":{"1":[0,0],"2":[0,0],"3":[0,0],"4":[0,0]},"f":{"1":0,"2":0},"fnMap":{"1":{"name":"(anonymous_1)","line":34,"loc":{"start":{"line":34,"column":33},"end":{"line":34,"column":57}}},"2":{"name":"(anonymous_2)","line":63,"loc":{"start":{"line":63,"column":22},"end":{"line":63,"column":34}}}},"statementMap":{"1":{"start":{"line":20,"column":0},"end":{"line":20,"column":50}},"2":{"start":{"line":22,"column":0},"end":{"line":22,"column":34}},"3":{"start":{"line":23,"column":0},"end":{"line":23,"column":20}},"4":{"start":{"line":25,"column":0},"end":{"line":25,"column":26}},"5":{"start":{"line":34,"column":0},"end":{"line":53,"column":2}},"6":{"start":{"line":37,"column":4},"end":{"line":40,"column":5}},"7":{"start":{"line":38,"column":8},"end":{"line":38,"column":36}},"8":{"start":{"line":39,"column":8},"end":{"line":39,"column":15}},"9":{"start":{"line":42,"column":4},"end":{"line":43,"column":98}},"10":{"start":{"line":43,"column":8},"end":{"line":43,"column":98}},"11":{"start":{"line":47,"column":4},"end":{"line":52,"column":5}},"12":{"start":{"line":48,"column":8},"end":{"line":48,"column":39}},"13":{"start":{"line":51,"column":8},"end":{"line":51,"column":36}},"14":{"start":{"line":55,"column":0},"end":{"line":55,"column":25}},"15":{"start":{"line":63,"column":0},"end":{"line":72,"column":2}},"16":{"start":{"line":65,"column":4},"end":{"line":65,"column":53}},"17":{"start":{"line":67,"column":4},"end":{"line":69,"column":5}},"18":{"start":{"line":68,"column":8},"end":{"line":68,"column":58}},"19":{"start":{"line":71,"column":4},"end":{"line":71,"column":34}}},"branchMap":{"1":{"line":37,"type":"if","locations":[{"start":{"line":37,"column":4},"end":{"line":37,"column":4}},{"start":{"line":37,"column":4},"end":{"line":37,"column":4}}]},"2":{"line":42,"type":"if","locations":[{"start":{"line":42,"column":4},"end":{"line":42,"column":4}},{"start":{"line":42,"column":4},"end":{"line":42,"column":4}}]},"3":{"line":47,"type":"if","locations":[{"start":{"line":47,"column":4},"end":{"line":47,"column":4}},{"start":{"line":47,"column":4},"end":{"line":47,"column":4}}]},"4":{"line":67,"type":"if","locations":[{"start":{"line":67,"column":4},"end":{"line":67,"column":4}},{"start":{"line":67,"column":4},"end":{"line":67,"column":4}}]}},"code":["/**","    Licensed to the Apache Software Foundation (ASF) under one","    or more contributor license agreements.  See the NOTICE file","    distributed with this work for additional information","    regarding copyright ownership.  The ASF licenses this file","    to you under the Apache License, Version 2.0 (the","    \"License\"); you may not use this file except in compliance","    with the License.  You may obtain a copy of the License at","","    http://www.apache.org/licenses/LICENSE-2.0","","    Unless required by applicable law or agreed to in writing,","    software distributed under the License is distributed on an","    \"AS IS\" BASIS, WITHOUT WARRANTIES OR CONDITIONS OF ANY","    KIND, either express or implied.  See the License for the","    specific language governing permissions and limitations","    under the License.","*/","","var EventEmitter = require('events').EventEmitter;","","var INSTANCE = new EventEmitter();","var EVENTS_RECEIVER;","","module.exports = INSTANCE;","","/**"," * Sets up current instance to forward emitted events to another EventEmitter"," *   instance."," *"," * @param   {EventEmitter}  [eventEmitter]  The emitter instance to forward"," *   events to. Falsy value, when passed, disables forwarding."," */","module.exports.forwardEventsTo = function (eventEmitter) {","","    // If no argument is specified disable events forwarding","    if (!eventEmitter) {","        EVENTS_RECEIVER = undefined;","        return;","    }","","    if (!(eventEmitter instanceof EventEmitter))","        throw new Error('Cordova events can be redirected to another EventEmitter instance only');","","    // CB-10940 Skipping forwarding to self to avoid infinite recursion.","    // This is the case when the modules are npm-linked.","    if (this !== eventEmitter) {","        EVENTS_RECEIVER = eventEmitter;","    } else {","        // Reset forwarding if we are subscribing to self","        EVENTS_RECEIVER = undefined;","    }","};","","var emit = INSTANCE.emit;","","/**"," * This method replaces original 'emit' method to allow events forwarding."," *"," * @return  {eventEmitter}  Current instance to allow calls chaining, as"," *   original 'emit' does"," */","module.exports.emit = function () {","","    var args = Array.prototype.slice.call(arguments);","","    if (EVENTS_RECEIVER) {","        EVENTS_RECEIVER.emit.apply(EVENTS_RECEIVER, args);","    }","","    return emit.apply(this, args);","};",""],"l":{"20":1,"22":1,"23":1,"25":1,"34":1,"37":0,"38":0,"39":0,"42":0,"43":0,"47":0,"48":0,"51":0,"55":1,"63":1,"65":0,"67":0,"68":0,"71":0}},"/home/travis/build/npmtest/node-npmtest-cordova/node_modules/cordova-lib/src/cordova/util.js":{"path":"/home/travis/build/npmtest/node-npmtest-cordova/node_modules/cordova-lib/src/cordova/util.js","s":{"1":1,"2":1,"3":1,"4":1,"5":1,"6":1,"7":1,"8":1,"9":1,"10":1,"11":0,"12":0,"13":0,"14":1,"15":1,"16":1,"17":1,"18":1,"19":1,"20":1,"21":1,"22":1,"23":1,"24":1,"25":1,"26":1,"27":1,"28":1,"29":1,"30":1,"31":1,"32":1,"33":1,"34":1,"35":1,"36":0,"37":0,"38":1,"39":0,"40":0,"41":0,"42":0,"43":0,"44":0,"45":0,"46":0,"47":1,"48":0,"49":0,"50":0,"51":0,"52":1,"53":0,"54":0,"55":0,"56":0,"57":0,"58":0,"59":0,"60":0,"61":0,"62":0,"63":0,"64":0,"65":0,"66":0,"67":0,"68":0,"69":0,"70":0,"71":0,"72":1,"73":0,"74":0,"75":0,"76":0,"77":0,"78":0,"79":0,"80":0,"81":1,"82":0,"83":1,"84":0,"85":1,"86":0,"87":0,"88":0,"89":0,"90":0,"91":0,"92":0,"93":1,"94":0,"95":0,"96":0,"97":1,"98":0,"99":0,"100":0,"101":0,"102":0,"103":0,"104":0,"105":1,"106":0,"107":0,"108":0,"109":0,"110":0,"111":0,"112":0,"113":1,"114":0,"115":0,"116":0,"117":0,"118":0,"119":0,"120":0,"121":0,"122":1,"123":0,"124":0,"125":0,"126":0,"127":0,"128":0,"129":1,"130":0,"131":1,"132":0,"133":1,"134":0,"135":0,"136":0,"137":0,"138":0,"139":0,"140":0,"141":1,"142":0,"143":0,"144":0,"145":0,"146":0,"147":0,"148":0,"149":0,"150":0,"151":0,"152":0,"153":0,"154":0,"155":0,"156":0,"157":0,"158":0,"159":0,"160":0,"161":1,"162":0,"163":0,"164":0,"165":0,"166":0,"167":0,"168":0,"169":0,"170":0,"171":0,"172":1,"173":0,"174":0,"175":0,"176":1,"177":19,"178":19,"179":15,"180":0,"181":0,"182":0,"183":0,"184":0,"185":0,"186":0,"187":0,"188":4,"189":0,"190":0,"191":0,"192":19,"193":18,"194":0,"195":0,"196":0,"197":1,"198":0,"199":0,"200":0,"201":0,"202":0,"203":0,"204":0,"205":0,"206":0,"207":0,"208":1,"209":0,"210":0,"211":0,"212":0,"213":1,"214":0,"215":0,"216":0,"217":0},"b":{"1":[1,0],"2":[0,1],"3":[0,0],"4":[0,0,0],"5":[0,0],"6":[0,0],"7":[0,0],"8":[0,0],"9":[0,0],"10":[0,0],"11":[0,0,0],"12":[0,0],"13":[0,0],"14":[0,0],"15":[0,0],"16":[0,0],"17":[0,0],"18":[0,0],"19":[0,0,0],"20":[0,0],"21":[0,0],"22":[0,0,0],"23":[0,0],"24":[0,0],"25":[0,0],"26":[0,0],"27":[0,0],"28":[0,0],"29":[0,0],"30":[0,0,0],"31":[0,0],"32":[0,0],"33":[0,0],"34":[0,0],"35":[0,0],"36":[0,0],"37":[0,0],"38":[0,0],"39":[0,0],"40":[0,0],"41":[0,0],"42":[0,0],"43":[0,0],"44":[0,0],"45":[0,0],"46":[0,0],"47":[15,4],"48":[0,0],"49":[0,0],"50":[0,0],"51":[4,4],"52":[0,0],"53":[18,1],"54":[0,0],"55":[0,0],"56":[0,0],"57":[0,0],"58":[0,0]},"f":{"1":0,"2":0,"3":0,"4":0,"5":0,"6":0,"7":0,"8":0,"9":0,"10":0,"11":0,"12":0,"13":0,"14":0,"15":0,"16":0,"17":0,"18":0,"19":0,"20":0,"21":0,"22":0,"23":0,"24":0,"25":0,"26":0,"27":0,"28":0,"29":0,"30":19,"31":0,"32":0,"33":0,"34":0,"35":0,"36":0,"37":0,"38":0,"39":0,"40":0,"41":0,"42":0,"43":0,"44":0,"45":0},"fnMap":{"1":{"name":"(anonymous_1)","line":50,"loc":{"start":{"line":50,"column":13},"end":{"line":50,"column":25}}},"2":{"name":"isUrl","line":80,"loc":{"start":{"line":80,"column":0},"end":{"line":80,"column":22}}},"3":{"name":"isRootDir","line":85,"loc":{"start":{"line":85,"column":0},"end":{"line":85,"column":24}}},"4":{"name":"existsSync","line":103,"loc":{"start":{"line":103,"column":0},"end":{"line":103,"column":30}}},"5":{"name":"isCordova","line":117,"loc":{"start":{"line":117,"column":0},"end":{"line":117,"column":24}}},"6":{"name":"cdProjectRoot","line":148,"loc":{"start":{"line":148,"column":0},"end":{"line":148,"column":25}}},"7":{"name":"getOrigWorkingDirectory","line":161,"loc":{"start":{"line":161,"column":0},"end":{"line":161,"column":35}}},"8":{"name":"_resetOrigCwd","line":165,"loc":{"start":{"line":165,"column":0},"end":{"line":165,"column":25}}},"9":{"name":"fixRelativePath","line":170,"loc":{"start":{"line":170,"column":0},"end":{"line":170,"column":52}}},"10":{"name":"convertToRealPathSafe","line":183,"loc":{"start":{"line":183,"column":0},"end":{"line":183,"column":37}}},"11":{"name":"deleteSvnFolders","line":192,"loc":{"start":{"line":192,"column":0},"end":{"line":192,"column":31}}},"12":{"name":"(anonymous_12)","line":194,"loc":{"start":{"line":194,"column":21},"end":{"line":194,"column":37}}},"13":{"name":"listPlatforms","line":204,"loc":{"start":{"line":204,"column":0},"end":{"line":204,"column":36}}},"14":{"name":"(anonymous_14)","line":211,"loc":{"start":{"line":211,"column":26},"end":{"line":211,"column":38}}},"15":{"name":"getInstalledPlatformsWithVersions","line":216,"loc":{"start":{"line":216,"column":0},"end":{"line":216,"column":56}}},"16":{"name":"(anonymous_16)","line":220,"loc":{"start":{"line":220,"column":37},"end":{"line":220,"column":49}}},"17":{"name":"(anonymous_17)","line":223,"loc":{"start":{"line":223,"column":14},"end":{"line":223,"column":26}}},"18":{"name":"(anonymous_18)","line
[...]
             platform,","                _parseDependency","        );","        return deps;","    }","","    function _parseDependency(tag) {","        var dep =","            { id : tag.attrib.id","            , url : tag.attrib.url || ''","            , subdir : tag.attrib.subdir || ''","            , commit : tag.attrib.commit","            };","","        dep.git_ref = dep.commit;","","        if ( !dep.id ) {","            var msg =","                '<dependency> tag is missing id attribute in '","                + self.filepath","                ;","            throw new CordovaError(msg);","        }","        return dep;","    }","","","    // <config-file> tag","    self.getConfigFiles = getConfigFiles;","    function getConfigFiles(platform) {","        var configFiles = _getTags(self._et, 'config-file', platform, _parseConfigFile);","        return configFiles;","    }","","    function _parseConfigFile(tag) {","        var configFile =","            { target : tag.attrib['target']","            , parent : tag.attrib['parent']","            , after : tag.attrib['after']","            , xmls : tag.getchildren()","            // To support demuxing via versions","            , versions : tag.attrib['versions']","            , deviceTarget: tag.attrib['device-target']","            };","        return configFile;","    }","","    self.getEditConfigs = getEditConfigs;","    function getEditConfigs(platform) {","        var editConfigs = _getTags(self._et, 'edit-config', platform, _parseEditConfigs);","        return editConfigs;","    }","","    function _parseEditConfigs(tag) {","        var editConfig =","        { file : tag.attrib['file']","        , target : tag.attrib['target']","        , mode : tag.attrib['mode']","        , xmls : tag.getchildren()","        };","        return editConfig;","    }","","    // <info> tags, both global and within a <platform>","    // TODO (kamrik): Do we ever use <info> under <platform>? Example wanted.","    self.getInfo = getInfo;","    function getInfo(platform) {","        var infos = _getTags(","                self._et,","                'info',","                platform,","                function(elem) { return elem.text; }","        );","        // Filter out any undefined or empty strings.","        infos = infos.filter(Boolean);","        return infos;","    }","","    // <source-file>","    // Examples:","    // <source-file src=\"src/ios/someLib.a\" framework=\"true\" />","    // <source-file src=\"src/ios/someLib.a\" compiler-flags=\"-fno-objc-arc\" />","    self.getSourceFiles = getSourceFiles;","    function getSourceFiles(platform) {","        var sourceFiles = _getTagsInPlatform(self._et, 'source-file', platform, _parseSourceFile);","        return sourceFiles;","    }","","    function _parseSourceFile(tag) {","        return {","            itemType: 'source-file',","            src: tag.attrib.src,","            framework: isStrTrue(tag.attrib.framework),","            weak: isStrTrue(tag.attrib.weak),","            compilerFlags: tag.attrib['compiler-flags'],","            targetDir: tag.attrib['target-dir']","        };","    }","","    // <header-file>","    // Example:","    // <header-file src=\"CDVFoo.h\" />","    self.getHeaderFiles = getHeaderFiles;","    function getHeaderFiles(platform) {","        var headerFiles = _getTagsInPlatform(self._et, 'header-file', platform, function(tag) {","            return {","                itemType: 'header-file',","                src: tag.attrib.src,","                targetDir: tag.attrib['target-dir']","            };","        });","        return headerFiles;","    }","","    // <resource-file>","    // Example:","    // <resource-file src=\"FooPluginStrings.xml\" target=\"res/values/FooPluginStrings.xml\" device-target=\"win\" arch=\"x86\" versions=\"&gt;=8.1\" />","    self.getResourceFiles = getResourceFiles;","    function getResourceFiles(platform) {","        var resourceFiles = _getTagsInPlatform(self._et, 'resource-file', platform, function(tag) {","            return {","                itemType: 'resource-file',","                src: tag.attrib.src,","                target: tag.attrib.target,","                versions: tag.attrib.versions,","                deviceTarget: tag.attrib['device-target'],","                arch: tag.attrib.arch,","                reference: tag.attrib.reference","            };","        });","        return resourceFiles;","    }","","    // <lib-file>","    // Example:","    // <lib-file src=\"src/BlackBerry10/native/device/libfoo.so\" arch=\"device\" />","    self.getLibFiles = getLibFiles;","    function getLibFiles(platform) {","        var libFiles = _getTagsInPlatform(self._et, 'lib-file', platform, function(tag) {","            return {","                itemType: 'lib-file',","                src: tag.attrib.src,","                arch: tag.attrib.arch,","                Include: tag.attrib.Include,","                versions: tag.attrib.versions,","                deviceTarget: tag.attrib['device-target'] || tag.attrib.target","            };","        });","        return libFiles;","    }","","    // <hook>","    // Example:","    // <hook type=\"before_build\" src=\"scripts/beforeBuild.js\" />","    self.getHookScripts = getHookScripts;","    function getHookScripts(hook, platforms) {","        var scriptElements =  self._et.findall('./hook');","","        if(platforms) {","            platforms.forEach(function (platform) {","                scriptElements = scriptElements.concat(self._et.findall('./platform[@name=\"' + platform + '\"]/hook'));","            });","        }","","        function filterScriptByHookType(el) {","            return el.attrib.src && el.attrib.type && el.attrib.type.toLowerCase() === hook;","        }","","        return scriptElements.filter(filterScriptByHookType);","    }","","    self.getJsModules = getJsModules;","    function getJsModules(platform) {","        var modules = _getTags(self._et, 'js-module', platform, _parseJsModule);","        return modules;","    }","","    function _parseJsModule(tag) {","        var ret = {","            itemType: 'js-module',","            name: tag.attrib.name,","            src: tag.attrib.src,","            clobbers: tag.findall('clobbers').map(function(tag) { return { target: tag.attrib.target }; }),","            merges: tag.findall('merges').map(function(tag) { return { target: tag.attrib.target }; }),","            runs: tag.findall('runs').length > 0","        };","","        return ret;","    }","","    self.getEngines = function() {","        return self._et.findall('engines/engine').map(function(n) {","            return {","                name: n.attrib.name,","                version: n.attrib.version,","                platform: n.attrib.platform,","                scriptSrc: n.attrib.scriptSrc","            };","        });","    };","","    self.getPlatforms = function() {","        return self._et.findall('platform').map(function(n) {","            return { name: n.attrib.name };","        });","    };","","    self.getPlatformsArray = function() {","        return self._et.findall('platform').map(function(n) {","            return n.attrib.name;","        });","    };","    self.getFrameworks = function(platform) {","        return _getTags(self._et, 'framework', platform, function(el) {","            var ret = {","                itemType: 'framework',","                type: el.attrib.type,","                parent: el.attrib.parent,","                custom: isStrTrue(el.attrib.custom),","                src: el.attrib.src,","                spec: el.attrib.spec,","                weak: isStrTrue(el.attrib.weak),","                versions: el.attrib.versions,","                targetDir: el.attrib['target-dir'],","                deviceTarget: el.attrib['device-target'] || el.attrib.target,","                arch: el.attrib.arch,","                implementation: el.attrib.implementation","            };","            return ret;","        });","    };","","    self.getFilesAndFrameworks = getFilesAndFrameworks;","    function getFilesAndFrameworks(platform) {","        // Please avoid changing the order of the calls below, files will be","        // installed in this order.","        var items = [].concat(","            self.getSourceFiles(platform),","            self.getHeaderFiles(platform),","            self.getResourceFiles(platform),","            self.getFrameworks(platform),","            self.getLibFiles(platform)","        );","        return items;","    }","    ///// End of PluginInfo methods /////","","","    ///// PluginInfo Constructor logic  /////","    self.filepath = path.join(dirname, 'plugin.xml');","    if (!fs.existsSync(self.filepath)) {","        throw new CordovaError('Cannot find plugin.xml for plugin \"' + path.basename(dirname) + '\". Please try adding it again.');","    }","","    self.dir = dirname;","    var et = self._et = xml_helpers.parseElementtreeSync(self.filepath);","    var pelem = et.getroot();","    self.id = pelem.attrib.id;","    self.version = pelem.attrib.version;","","    // Optional fields","    self.name = pelem.findtext('name');","    self.description = pelem.findtext('description');","    self.license = pelem.findtext('license');","    self.repo = pelem.findtext('repo');","    self.issue = pelem.findtext('issue');","    self.keywords = pelem.findtext('keywords');","    self.info = pelem.findtext('info');","    if (self.keywords) {","        self.keywords = self.keywords.split(',').map( function(s) { return s.trim(); } );","    }","    self.getKeywordsAndPlatforms = function () {","        var ret = self.keywords || [];","        return ret.concat('ecosystem:cordova').concat(addCordova(self.getPlatformsArray()));","    };","}  // End of PluginInfo constructor.","","// Helper function used to prefix every element of an array with cordova-","// Useful when we want to modify platforms to be cordova-platform","function addCordova(someArray) {","    var newArray = someArray.map(function(element) {","        return 'cordova-' + element;","    });","    return newArray;","}","","// Helper function used by most of the getSomething methods of PluginInfo.","// Get all elements of a given name. Both in root and in platform sections","// for the given platform. If transform is given and is a function, it is","// applied to each element.","function _getTags(pelem, tag, platform, transform) {","    var platformTag = pelem.find('./platform[@name=\"' + platform + '\"]');","    var tagsInRoot = pelem.findall(tag);","    tagsInRoot = tagsInRoot || [];","    var tagsInPlatform = platformTag ? platformTag.findall(tag) : [];","    var tags = tagsInRoot.concat(tagsInPlatform);","    if ( typeof transform === 'function' ) {","        tags = tags.map(transform);","    }","    return tags;","}","","// Same as _getTags() but only looks inside a platform section.","function _getTagsInPlatform(pelem, tag, platform, transform) {","    var platformTag = pelem.find('./platform[@name=\"' + platform + '\"]');","    var tags = platformTag ? platformTag.findall(tag) : [];","    if ( typeof transform === 'function' ) {","        tags = tags.map(transform);","    }","    return tags;","}","","// Check if x is a string 'true'.","function isStrTrue(x) {","    return String(x).toLowerCase() == 'true';","}","","module.exports = PluginInfo;","// Backwards compat:","PluginInfo.PluginInfo = PluginInfo;","PluginInfo.loadPluginsDir = function(dir) {","    var PluginInfoProvider = require('./PluginInfoProvider');","    return new PluginInfoProvider().getAllWithinSearchPath(dir);","};",""],"l":{"31":1,"37":1,"38":0,"47":0,"48":1,"49":0,"51":0,"52":0,"56":1,"57":0,"58":0,"59":0,"63":0,"64":1,"65":0,"66":0,"69":1,"70":0,"71":0,"73":0,"74":0,"79":0,"82":0,"87":0,"97":0,"98":1,"99":0,"105":0,"108":1,"109":0,"116":0,"118":0,"119":0,"123":0,"125":0,"130":0,"131":1,"132":0,"133":0,"136":1,"137":0,"146":0,"149":0,"150":1,"151":0,"152":0,"155":1,"156":0,"162":0,"167":0,"168":1,"169":0,"173":0,"176":0,"177":0,"184":0,"185":1,"186":0,"187":0,"190":1,"191":0,"204":0,"205":1,"206":0,"207":0,"213":0,"219":0,"220":1,"221":0,"222":0,"232":0,"238":0,"239":1,"240":0,"241":0,"250":0,"256":0,"257":1,"258":0,"260":0,"261":0,"262":0,"266":1,"267":0,"270":0,"273":0,"274":1,"275":0,"276":0,"279":1,"280":0,"284":0,"285":0,"289":0,"292":0,"293":0,"294":0,"303":0,"304":0,"305":0,"309":0,"310":0,"311":0,"314":0,"315":0,"316":0,"330":0,"334":0,"335":1,"338":0,"345":0,"351":0,"352":0,"353":0,"356":0,"357":0,"358":0,"359":0,"360":0,"363":0,"364":0,"365":0,"366":0,"367":0,"368":0,"369":0,"370":0,"371":0,"373":0,"374":0,"375":0,"381":1,"382":0,"383":0,"385":0,"392":1,"393":0,"394":0,"395":0,"396":0,"397":0,"398":0,"399":0,"401":0,"405":1,"406":0,"407":0,"408":0,"409":0,"411":0,"415":1,"416":0,"419":1,"421":1,"422":1,"423":0,"424":0}},"/home/travis/build/npmtest/node-npmtest-cordova/node_modules/cordova/src/create.js":{"path":"/home/travis/build/npmtest/node-npmtest-cordova/node_modules/cordova/src/create.js","s":{"1":1,"2":1,"3":0,"4":0,"5":0,"6":1,"7":0,"8":0,"9":0,"10":0,"11":0,"12":0,"13":1,"14":0,"15":0,"16":0,"17":0,"18":0,"19":0,"20":0,"21":0,"22":0,"23":0,"24":0,"25":1},"b":{"1":[0,0],"2":[0,0],"3":[0,0],"4":[0,0],"5":[0,0],"6":[0,0],"7":[0,0]},"f":{"1":1,"2":0,"3":0,"4":0},"fnMap":{"1":{"name":"(anonymous_1)","line":20,"loc":{"start":{"line":20,"column":23},"end":{"line":20,"column":35}}},"2":{"name":"(anonymous_2)","line":31,"loc":{"start":{"line":31,"column":33},"end":{"line":31,"column":59}}},"3":{"name":"(anonymous_3)","line":55,"loc":{"start":{"line":55,"column":41},"end":{"line":55,"column":61}}},"4":{"name":"(anonymous_4)","line":65,"loc":{"start":{"line":65,"column":39},"end":{"line":65,"column":55}}}},"statementMap":{"1":{"start":{"line":20,"column":0},"end":{"line":22,"column":2}},"2":{"start":{"line":31,"column":0},"end":{"line":44,"column":2}},"3":{"start":{"line":32,"column":4},"end":{"line":33,"column":18}},"4":{"start":{"line":36,"column":4},"end":{"line":36,"column":40}},"5":{"start":{"line":39,"column":4},"end":{"line":43,"column":13}},"6":{"start":{"line":55,"column":0},"end":{"line":64,"column":2}},"7":{"start":{"line":56,"column":4},"end":{"line":56,"column":29}},"8":{"start":{"line":56,"column":19},"end":{"line":56,"column":29}},"9":{"start":{"line":58,"column":4},"end":{"line":63,"column":5}},"10":{"start":{"line":59,"column":8},"end":{"line":59,"column":35}},"11":{"start":{"line":61,"column":8},"end":{"line":61,"column":89}},"12":{"start":{"line":62,"column":8},"end":{"line":62,"column":24}},"13":{"start":{"line":65,"column":0},"end":{"line":90,"column":2}},"14":{"start":{"line":68,"column":4},"end":{"line":89,"column":5}},"15":{"start":{"line":70,"column":8},"end":{"line":75,"column":9}},"16":{"start":{"line":71,"column":12},"end":{"line":73,"column":14}},"17":{"start":{"line":77,"column":8},"end":{"line":79,"column":9}},"18":{"start":{"line":78,"column":12},"end":{"line":78,"column":74}},"19":{"start":{"line":81,"column":8},"end":{"line":81,"column":44}},"20":{"start":{"line":82,"column":8},"end":{"line":82,"column":40}},"21":{"start":{"line":83,"column":8},"end":{"line":85,"column":9}},"22":{"start":{"line":84,"column":12},"end":{"line":84,"column":31}},"23":{"start":{"line":87,"column":8},"end":{"line":87,"column":32}},"24":{"start":{"line":88,"column":8},"end":{"line":88,"column":29}},"25":{"start":{"line":92,"column":0},"end":{"line":92,"column":40}}},"branchMap":{"1":{"line":56,"type":"if","locations":[{"start":{"line":56,"column":4},"end":{"line":56,"column":4}},{"start":{"line":56,"column":4},"end":{"line":56,"column":4}}]},"2":{"line":68,"type":"if","locations":[{"start":{"line":68,"column":4},"end":{"line":68,"column":4}},{"start":{"line":68,"column":4},"end":{"line":68,"column":4}}]},"3":{"line":68,"type":"binary-expr","locations":[{"start":{"line":68,"column":23},"end":{"line":68,"column":40}},{"start":{"line":68,"column":44},"end":{"line":68,"column":59}}]},"4":{"line":70,"type":"if","locations":[{"start":{"line":70,"column":8},"end":{"line":70,"column":8}},{"start":{"line":70,"column":8},"end":{"line":70,"column":8}}]},"5":{"line":77,"type":"if","locations":[{"start":{"line":77,"column":8},"end":{"line":77,"column":8}},{"start":{"line":77,"column":8},"end":{"line":77,"column":8}}]},"6":{"line":83,"type":"if","locations":[{"start":{"line":83,"column":8},"end":{"line":83,"column":8}},{"start":{"line":83,"column":8},"end":{"line":83,"column":8}}]},"7":{"line":87,"type":"binary-expr","locations":[{"start":{"line":87,"column":18},"end":{"line":87,"column":25}},{"start":{"line":87,"column":29},"end":{"line":87,"column":31}}]}},"code":["/*","    Licensed to the Apache Software Foundation (ASF) under one","    or more contributor license agreements.  See the NOTICE file","    distributed with this work for additional information","    regarding copyright ownership.  The ASF licenses this file","    to you under the Apache License, Version 2.0 (the","    \"License\"); you may not use this file except in compliance","    with the License.  You may obtain a copy of the License at","","    http://www.apache.org/licenses/LICENSE-2.0","","    Unless required by applicable law or agreed to in writing,","    software distributed under the License is distributed on an","    \"AS IS\" BASIS, WITHOUT WARRANTIES OR CONDITIONS OF ANY","    KIND, either express or implied.  See the License for the","    specific language governing permissions and limitations","    under the License.","*/","","var CordovaCliCreate = function () {","","}; ","","/**"," * provides logic for exposing cordova-lib create functionality to the command line"," * the create argument is implied from the call to this function, all other cl arguments should be passed in unmodified"," * "," * @args  - "," * @undashed "," */","CordovaCliCreate.prototype.run = function (args, undashed) {","    var cfg = {},","        customWww;","","    // parseConfig will determine if there's a valid config JSON string","    cfg = this.parseConfig(undashed[4]);","    ","    // create(dir, id, name, cfg)","    cordova.raw.create(undashed[1] , // dir to create the project in","                       undashed[2] , // App id","                       undashed[3] , // App name","                       cfg","    ).done();","};","","/**"," * parseConfig"," * generic parser, if it's valid json, returns the resulting object"," * if anything resolving to false is passed in, return an empty object "," * invalid json results in an error message and process exit with status code 2."," *"," * jsondata - a json data string"," *"," */","CordovaCliCreate.prototype.parseConfig = function (jsondata) {","    if (!jsondata) return {};","","    try {","        cfg = JSON.parse(jsondata);","    } catch (e) {","        console.error('Error while parsing json data\\nError: '+ e +'\\nData:' + jsondata);","        process.exit(2); ","    }","};","CordovaCliCreate.prototype.customWww = function (args) {","","    // handle custom www","    if (!!(customWww = args['copy-from'] || args['link-to'])) {","","        if (customWww.indexOf(':') != -1) {","            throw new CordovaError(","            'Only local paths for custom www assets are supported.'","            );","","        }","","        if ( customWww.substr(0,1) === '~' ) {  // resolve tilde in a naive way.","            customWww = path.join(process.env.HOME,  customWww.substr(1));","        }","","        customWww = path.resolve(customWww);","        var wwwCfg = { uri: customWww };","        if (args['link-to']) {","            wwwCfg.link = true;","        }","","        cfg.lib = cfg.lib || {};","        cfg.lib.www = wwwCfg;","    }","};","","module.exports = new CordovaCliCreate();",""],"l":{"20":1,"31":1,"32":0,"36":0,"39":0,"55":1,"56":0,"58":0,"59":0,"61":0,"62":0,"65":1,"68":0,"70":0,"71":0,"77":0,"78":0,"81":0,"82":0,"83":0,"84":0,"87":0,"88":0,"92":1}}}