{"/home/travis/build/npmtest/node-npmtest-cordova/test.js":{"path":"/home/travis/build/npmtest/node-npmtest-cordova/test.js","s":{"1":2,"2":2,"3":2,"4":2,"5":2,"6":2,"7":2,"8":1,"9":2,"10":2,"11":1,"12":1,"13":1,"14":1,"15":2,"16":2,"17":2,"18":2,"19":1,"20":1,"21":2,"22":2,"23":2,"24":1,"25":1,"26":1,"27":1,"28":1,"29":1,"30":1,"31":1,"32":1,"33":1,"34":1,"35":1,"36":2,"37":2,"38":1,"39":2,"40":2,"41":1,"42":2,"43":2,"44":1,"45":1,"46":1,"47":1,"48":1},"b":{"1":[2,1,1,1],"2":[1,1,1,1],"3":[1,1],"4":[1,1],"5":[1,1],"6":[1,1],"7":[1,1],"8":[1,1],"9":[1,1,1],"10":[1,1],"11":[1,1],"12":[1,1],"13":[1,1],"14":[1,1],"15":[1,1]},"f":{"1":2,"2":2,"3":2,"4":2,"5":2,"6":1,"7":1,"8":2,"9":2,"10":2,"11":1},"fnMap":{"1":{"name":"(anonymous_1)","line":12,"loc":{"start":{"line":12,"column":1},"end":{"line":12,"column":13}}},"2":{"name":"(anonymous_2)","line":19,"loc":{"start":{"line":19,"column":5},"end":{"line":19,"column":17}}},"3":{"name":"(anonymous_3)","line":23,"loc":{"start":{"line":23,"column":24},"end":{"line":23,"column":36}}},"4":{"name":"(anonymous_4)","line":61,"loc":{"start":{"line":61,"column":5},"end":{"line":61,"column":17}}},"5":{"name":"(anonymous_5)","line":82,"loc":{"start":{"line":82,"column":5},"end":{"line":82,"column":17}}},"6":{"name":"(anonymous_6)","line":102,"loc":{"start":{"line":102,"column":83},"end":{"line":105,"column":10}},"skip":true},"7":{"name":"(anonymous_7)","line":113,"loc":{"start":{"line":113,"column":77},"end":{"line":116,"column":10}},"skip":true},"8":{"name":"(anonymous_8)","line":127,"loc":{"start":{"line":127,"column":77},"end":{"line":130,"column":10}},"skip":true},"9":{"name":"(anonymous_9)","line":138,"loc":{"start":{"line":138,"column":83},"end":{"line":141,"column":10}},"skip":true},"10":{"name":"(anonymous_10)","line":149,"loc":{"start":{"line":149,"column":79},"end":{"line":152,"column":10}},"skip":true},"11":{"name":"(anonymous_11)","line":160,"loc":{"start":{"line":160,"column":75},"end":{"line":163,"column":10}},"skip":true}},"statementMap":{"1":{"start":{"line":12,"column":0},"end":{"line":175,"column":5}},"2":{"start":{"line":14,"column":4},"end":{"line":14,"column":14}},"3":{"start":{"line":19,"column":4},"end":{"line":56,"column":9}},"4":{"start":{"line":21,"column":8},"end":{"line":21,"column":19}},"5":{"start":{"line":23,"column":8},"end":{"line":35,"column":13}},"6":{"start":{"line":24,"column":12},"end":{"line":34,"column":13}},"7":{"start":{"line":25,"column":16},"end":{"line":28,"column":30}},"8":{"start":{"line":30,"column":16},"end":{"line":33,"column":27}},"9":{"start":{"line":37,"column":8},"end":{"line":39,"column":21}},"10":{"start":{"line":40,"column":8},"end":{"line":53,"column":9}},"11":{"start":{"line":43,"column":12},"end":{"line":46,"column":14}},"12":{"start":{"line":47,"column":12},"end":{"line":47,"column":18}},"13":{"start":{"line":50,"column":12},"end":{"line":51,"column":46}},"14":{"start":{"line":52,"column":12},"end":{"line":52,"column":18}},"15":{"start":{"line":55,"column":8},"end":{"line":55,"column":35}},"16":{"start":{"line":61,"column":4},"end":{"line":63,"column":9}},"17":{"start":{"line":62,"column":8},"end":{"line":62,"column":15}},"18":{"start":{"line":64,"column":4},"end":{"line":77,"column":5}},"19":{"start":{"line":70,"column":8},"end":{"line":70,"column":14}},"20":{"start":{"line":76,"column":8},"end":{"line":76,"column":14}},"21":{"start":{"line":82,"column":4},"end":{"line":84,"column":9}},"22":{"start":{"line":83,"column":8},"end":{"line":83,"column":15}},"23":{"start":{"line":85,"column":4},"end":{"line":174,"column":5}},"24":{"start":{"line":92,"column":8},"end":{"line":94,"column":63}},"25":{"start":{"line":95,"column":8},"end":{"line":95,"column":14}},"26":{"start":{"line":102,"column":8},"end":{"line":111,"column":10},"skip":true},"27":{"start":{"line":109,"column":12},"end":{"line":109,"column":55},"skip":true},"28":{"start":{"line":110,"column":12},"end":{"line":110,"column":48},"skip":true},"29":{"start":{"line":113,"column":8},"end":{"line":125,"column":10},"skip":true},"30":{"start":{"line":120,"column":12},"end":{"line":120,"column":76},"skip":true},"31":{"start":{"line":121,"column":12},"end":{"line":121,"column":73},"skip":true},"32":{"start":{"line":122,"column":12},"end":{"line":122,"column":74},"skip":true},"33":{"start":{"line":123,"column":12},"end":{"line":123,"column":25},"skip":true},"34":{"start":{"line":124,"column":12},"end":{"line":124,"column":45},"skip":true},"35":{"start":{"line":127,"column":8},"end":{"line":136,"column":10},"skip":true},"36":{"start":{"line":134,"column":12},"end":{"line":134,"column":25},"skip":true},"37":{"start":{"line":135,"column":12},"end":{"line":135,"column":45},"skip":true},"38":{"start":{"line":138,"column":8},"end":{"line":147,"column":10},"skip":true},"39":{"start":{"line":145,"column":12},"end":{"line":145,"column":25},"skip":true},"40":{"start":{"line":146,"column":12},"end":{"line":146,"column":48},"skip":true},"41":{"start":{"line":149,"column":8},"end":{"line":158,"column":10},"skip":true},"42":{"start":{"line":156,"column":12},"end":{"line":156,"column":25},"skip":true},"43":{"start":{"line":157,"column":12},"end":{"line":157,"column":46},"skip":true},"44":{"start":{"line":160,"column":8},"end":{"line":169,"column":10},"skip":true},"45":{"start":{"line":167,"column":12},"end":{"line":167,"column":94},"skip":true},"46":{"start":{"line":168,"column":12},"end":{"line":168,"column":48},"skip":true},"47":{"start":{"line":172,"column":8},"end":{"line":172,"column":35},"skip":true},"48":{"start":{"line":173,"column":8},"end":{"line":173,"column":14},"skip":true}},"branchMap":{"1":{"line":25,"type":"binary-expr","locations":[{"start":{"line":25,"column":23},"end":{"line":25,"column":62}},{"start":{"line":26,"column":20},"end":{"line":26,"column":70}},{"start":{"line":27,"column":20},"end":{"line":27,"column":71}},{"start":{"line":28,"column":20},"end":{"line":28,"column":29}}]},"2":{"line":30,"type":"binary-expr","locations":[{"start":{"line":30,"column":23},"end":{"line":30,"column":37}},{"start":{"line":31,"column":20},"end":{"line":31,"column":61}},{"start":{"line":32,"column":20},"end":{"line":32,"column":70}},{"start":{"line":33,"column":20},"end":{"line":33,"column":26}}]},"3":{"line":37,"type":"cond-expr","locations":[{"start":{"line":38,"column":14},"end":{"line":38,"column":20}},{"start":{"line":39,"column":14},"end":{"line":39,"column":20}}]},"4":{"line":40,"type":"switch","locations":[{"start":{"line":42,"column":8},"end":{"line":47,"column":18}},{"start":{"line":49,"column":8},"end":{"line":52,"column":18}}]},"5":{"line":44,"type":"binary-expr","locations":[{"start":{"line":44,"column":16},"end":{"line":44,"column":44}},{"start":{"line":44,"column":48},"end":{"line":44,"column":66}}]},"6":{"line":50,"type":"binary-expr","locations":[{"start":{"line":50,"column":21},"end":{"line":50,"column":49}},{"start":{"line":50,"column":53},"end":{"line":50,"column":72}}]},"7":{"line":64,"type":"switch","locations":[{"start":{"line":69,"column":4},"end":{"line":70,"column":14}},{"start":{"line":75,"column":4},"end":{"line":76,"column":14}}]},"8":{"line":85,"type":"switch","locations":[{"start":{"line":90,"column":4},"end":{"line":95,"column":14}},{"start":{"line":101,"column":4},"end":{"line":173,"column":14},"skip":true}]},"9":{"line":92,"type":"binary-expr","locations":[{"start":{"line":92,"column":18},"end":{"line":92,"column":32}},{"start":{"line":93,"column":12},"end":{"line":93,"column":53}},{"start":{"line":94,"column":12},"end":{"line":94,"column":61}}]},"10":{"line":102,"type":"binary-expr","locations":[{"start":{"line":102,"column":45},"end":{"line":102,"column":79},"skip":true},{"start":{"line":102,"column":83},"end":{"line":111,"column":9},"skip":true}]},"11":{"line":113,"type":"binary-expr","locations":[{"start":{"line":113,"column":42},"end":{"line":113,"column":73},"skip":true},{"start":{"line":113,"column":77},"end":{"line":125,"column":9},"skip":true}]},"12":{"line":127,"type":"binary-expr","locations":[{"start":{"line":127,"column":42},"end":{"line":127,"column":73},"skip":true},{"start":{"line":127,"column":77},"end":{"line":136,"column":9},"skip":true}]},"13":{"line":138,"type":"binary-expr","locations":[{"start":{"line":138,"column":45},"end":{"line":138,"column":79},"skip":true},{"start":{"line":138,"column":83},"end":{"line":147,"column":9},"skip":true}]},"14":{"line":149,"type":"binary-expr","locations":[{"start":{"line":149,"column":43},"end":{"line":149,"column":75},"skip":true},{"start":{"line":149,"column":79},"end":{"line":158,"column":9},"skip":true}]},"15":{"line":160,"type":"binary-expr","locations":[{"start":{"line":160,"column":41},"end":{"line":160,"column":71},"skip":true},{"start":{"line":160,"column":75},"end":{"line":169,"column":9},"skip":true}]}},"code":["/* istanbul instrument in package npmtest_cordova */","/*jslint","    bitwise: true,","    browser: true,","    maxerr: 8,","    maxlen: 96,","    node: true,","    nomen: true,","    regexp: true,","    stupid: true","*/","(function () {","    'use strict';","    var local;","","","","    // run shared js-env code - pre-init","    (function () {","        // init local","        local = {};","        // init modeJs","        local.modeJs = (function () {","            try {","                return typeof navigator.userAgent === 'string' &&","                    typeof document.querySelector('body') === 'object' &&","                    typeof XMLHttpRequest.prototype.open === 'function' &&","                    'browser';","            } catch (errorCaughtBrowser) {","                return module.exports &&","                    typeof process.versions.node === 'string' &&","                    typeof require('http').createServer === 'function' &&","                    'node';","            }","        }());","        // init global","        local.global = local.modeJs === 'browser'","            ? window","            : global;","        switch (local.modeJs) {","        // re-init local from window.local","        case 'browser':","            local = local.global.utility2.objectSetDefault(","                local.global.utility2_rollup || local.global.local,","                local.global.utility2","            );","            break;","        // re-init local from example.js","        case 'node':","            local = (local.global.utility2_rollup || require('utility2'))","                .requireExampleJsFromReadme();","            break;","        }","        // export local","        local.global.local = local;","    }());","","","","    // run shared js-env code - function","    (function () {","        return;","    }());","    switch (local.modeJs) {","","","","    // run browser js-env code - function","    case 'browser':","        break;","","","","    // run node js-env code - function","    case 'node':","        break;","    }","","","","    // run shared js-env code - post-init","    (function () {","        return;","    }());","    switch (local.modeJs) {","","","","    // run browser js-env code - post-init","    case 'browser':","        // run tests","        local.nop(local.modeTest &&","            document.querySelector('#testRunButton1') &&","            document.querySelector('#testRunButton1').click());","        break;","","","","    // run node js-env code - post-init","    /* istanbul ignore next */","    case 'node':","        local.testCase_buildApidoc_default = local.testCase_buildApidoc_default || function (","            options,","            onError","        ) {","        /*","         * this function will test buildApidoc's default handling-behavior-behavior","         */","            options = { modulePathList: module.paths };","            local.buildApidoc(options, onError);","        };","","        local.testCase_buildApp_default = local.testCase_buildApp_default || function (","            options,","            onError","        ) {","        /*","         * this function will test buildApp's default handling-behavior-behavior","         */","            local.testCase_buildReadme_default(options, local.onErrorThrow);","            local.testCase_buildLib_default(options, local.onErrorThrow);","            local.testCase_buildTest_default(options, local.onErrorThrow);","            options = [];","            local.buildApp(options, onError);","        };","","        local.testCase_buildLib_default = local.testCase_buildLib_default || function (","            options,","            onError","        ) {","        /*","         * this function will test buildLib's default handling-behavior","         */","            options = {};","            local.buildLib(options, onError);","        };","","        local.testCase_buildReadme_default = local.testCase_buildReadme_default || function (","            options,","            onError","        ) {","        /*","         * this function will test buildReadme's default handling-behavior-behavior","         */","            options = {};","            local.buildReadme(options, onError);","        };","","        local.testCase_buildTest_default = local.testCase_buildTest_default || function (","            options,","            onError","        ) {","        /*","         * this function will test buildTest's default handling-behavior","         */","            options = {};","            local.buildTest(options, onError);","        };","","        local.testCase_webpage_default = local.testCase_webpage_default || function (","            options,","            onError","        ) {","        /*","         * this function will test webpage's default handling-behavior","         */","            options = { modeCoverageMerge: true, url: local.serverLocalHost + '?modeTest=1' };","            local.browserTest(options, onError);","        };","","        // run test-server","        local.testRunServer(local);","        break;","    }","}());",""],"l":{"12":2,"14":2,"19":2,"21":2,"23":2,"24":2,"25":2,"30":1,"37":2,"40":2,"43":1,"47":1,"50":1,"52":1,"55":2,"61":2,"62":2,"64":2,"70":1,"76":1,"82":2,"83":2,"85":2,"92":1,"95":1,"102":1,"109":1,"110":1,"113":1,"120":1,"121":1,"122":1,"123":1,"124":1,"127":1,"134":2,"135":2,"138":1,"145":2,"146":2,"149":1,"156":2,"157":2,"160":1,"167":1,"168":1,"172":1,"173":1}},"/home/travis/build/npmtest/node-npmtest-cordova/lib.npmtest_cordova.js":{"path":"/home/travis/build/npmtest/node-npmtest-cordova/lib.npmtest_cordova.js","s":{"1":2,"2":2,"3":2,"4":2,"5":2,"6":2,"7":2,"8":1,"9":2,"10":2,"11":2,"12":2,"13":1,"14":1,"15":1,"16":1},"b":{"1":[2,1,1,1],"2":[1,1,1,1],"3":[1,1],"4":[2,2],"5":[1,1]},"f":{"1":2,"2":2,"3":2},"fnMap":{"1":{"name":"(anonymous_1)","line":12,"loc":{"start":{"line":12,"column":1},"end":{"line":12,"column":13}}},"2":{"name":"(anonymous_2)","line":19,"loc":{"start":{"line":19,"column":5},"end":{"line":19,"column":17}}},"3":{"name":"(anonymous_3)","line":23,"loc":{"start":{"line":23,"column":24},"end":{"line":23,"column":36}}}},"statementMap":{"1":{"start":{"line":12,"column":0},"end":{"line":53,"column":5}},"2":{"start":{"line":14,"column":4},"end":{"line":14,"column":14}},"3":{"start":{"line":19,"column":4},"end":{"line":52,"column":9}},"4":{"start":{"line":21,"column":8},"end":{"line":21,"column":19}},"5":{"start":{"line":23,"column":8},"end":{"line":35,"column":13}},"6":{"start":{"line":24,"column":12},"end":{"line":34,"column":13}},"7":{"start":{"line":25,"column":16},"end":{"line":28,"column":30}},"8":{"start":{"line":30,"column":16},"end":{"line":33,"column":27}},"9":{"start":{"line":37,"column":8},"end":{"line":39,"column":21}},"10":{"start":{"line":41,"column":8},"end":{"line":41,"column":54}},"11":{"start":{"line":43,"column":8},"end":{"line":43,"column":52}},"12":{"start":{"line":45,"column":8},"end":{"line":51,"column":9}},"13":{"start":{"line":46,"column":12},"end":{"line":46,"column":58}},"14":{"start":{"line":48,"column":12},"end":{"line":48,"column":35}},"15":{"start":{"line":49,"column":12},"end":{"line":49,"column":49}},"16":{"start":{"line":50,"column":12},"end":{"line":50,"column":43}}},"branchMap":{"1":{"line":25,"type":"binary-expr","locations":[{"start":{"line":25,"column":23},"end":{"line":25,"column":62}},{"start":{"line":26,"column":20},"end":{"line":26,"column":70}},{"start":{"line":27,"column":20},"end":{"line":27,"column":71}},{"start":{"line":28,"column":20},"end":{"line":28,"column":29}}]},"2":{"line":30,"type":"binary-expr","locations":[{"start":{"line":30,"column":23},"end":{"line":30,"column":37}},{"start":{"line":31,"column":20},"end":{"line":31,"column":61}},{"start":{"line":32,"column":20},"end":{"line":32,"column":70}},{"start":{"line":33,"column":20},"end":{"line":33,"column":26}}]},"3":{"line":37,"type":"cond-expr","locations":[{"start":{"line":38,"column":14},"end":{"line":38,"column":20}},{"start":{"line":39,"column":14},"end":{"line":39,"column":20}}]},"4":{"line":41,"type":"binary-expr","locations":[{"start":{"line":41,"column":16},"end":{"line":41,"column":44}},{"start":{"line":41,"column":48},"end":{"line":41,"column":53}}]},"5":{"line":45,"type":"if","locations":[{"start":{"line":45,"column":8},"end":{"line":45,"column":8}},{"start":{"line":45,"column":8},"end":{"line":45,"column":8}}]}},"code":["/* istanbul instrument in package npmtest_cordova */","/*jslint","    bitwise: true,","    browser: true,","    maxerr: 8,","    maxlen: 96,","    node: true,","    nomen: true,","    regexp: true,","    stupid: true","*/","(function () {","    'use strict';","    var local;","","","","    // run shared js-env code - pre-init","    (function () {","        // init local","        local = {};","        // init modeJs","        local.modeJs = (function () {","            try {","                return typeof navigator.userAgent === 'string' &&","                    typeof document.querySelector('body') === 'object' &&","                    typeof XMLHttpRequest.prototype.open === 'function' &&","                    'browser';","            } catch (errorCaughtBrowser) {","                return module.exports &&","                    typeof process.versions.node === 'string' &&","                    typeof require('http').createServer === 'function' &&","                    'node';","            }","        }());","        // init global","        local.global = local.modeJs === 'browser'","            ? window","            : global;","        // init utility2_rollup","        local = local.global.utility2_rollup || local;","        // init lib","        local.local = local.npmtest_cordova = local;","        // init exports","        if (local.modeJs === 'browser') {","            local.global.utility2_npmtest_cordova = local;","        } else {","            module.exports = local;","            module.exports.__dirname = __dirname;","            module.exports.module = module;","        }","    }());","}());",""],"l":{"12":2,"14":2,"19":2,"21":2,"23":2,"24":2,"25":2,"30":1,"37":2,"41":2,"43":2,"45":2,"46":1,"48":1,"49":1,"50":1}},"/home/travis/build/npmtest/node-npmtest-cordova/example.js":{"path":"/home/travis/build/npmtest/node-npmtest-cordova/example.js","s":{"1":2,"2":2,"3":2,"4":2,"5":2,"6":2,"7":2,"8":1,"9":2,"10":2,"11":2,"12":2,"13":1,"14":2,"15":2,"16":2,"17":2,"18":2,"19":0,"20":2,"21":1,"22":1,"23":1,"24":1,"25":1,"26":0,"27":0,"28":1,"29":1,"30":2,"31":0,"32":0,"33":0,"34":1,"35":2,"36":2,"37":2,"38":2,"39":2,"40":2,"41":0,"42":2,"43":2,"44":2,"45":1,"46":3,"47":1,"48":1,"49":1,"50":1,"51":1,"52":1,"53":1,"54":1,"55":1,"56":1,"57":0,"58":1,"59":6,"60":6,"61":1,"62":2,"63":0,"64":2,"65":1,"66":1,"67":0,"68":0,"69":0,"70":0,"71":0,"72":0,"73":0,"74":0,"75":0,"76":0,"77":0,"78":0,"79":0,"80":0,"81":0,"82":0,"83":0},"b":{"1":[2,1,1,1],"2":[1,1,1,1],"3":[1,1],"4":[2,2],"5":[1,1],"6":[1,1],"7":[2,0],"8":[2,1,1,1,1,1],"9":[0,2,0],"10":[1,1],"11":[2,1,1],"12":[1,0],"13":[0,2],"14":[2,0,0,0,0,0,0],"15":[0,2],"16":[2,0],"17":[1,1],"18":[0,1],"19":[1,2,0,2],"20":[1,0],"21":[1,1],"22":[0,0],"23":[0,0],"24":[0,0],"25":[0,0],"26":[0,0],"27":[0,0],"28":[0,0]},"f":{"1":2,"2":2,"3":2,"4":2,"5":2,"6":2,"7":2,"8":2,"9":3,"10":1,"11":6,"12":0},"fnMap":{"1":{"name":"(anonymous_1)","line":26,"loc":{"start":{"line":26,"column":1},"end":{"line":26,"column":13}}},"2":{"name":"(anonymous_2)","line":33,"loc":{"start":{"line":33,"column":5},"end":{"line":33,"column":17}}},"3":{"name":"(anonymous_3)","line":37,"loc":{"start":{"line":37,"column":24},"end":{"line":37,"column":36}}},"4":{"name":"(anonymous_4)","line":69,"loc":{"start":{"line":69,"column":31},"end":{"line":69,"column":48}},"skip":true},"5":{"name":"(anonymous_5)","line":78,"loc":{"start":{"line":78,"column":26},"end":{"line":78,"column":45}},"skip":true},"6":{"name":"(anonymous_6)","line":123,"loc":{"start":{"line":123,"column":33},"end":{"line":123,"column":48}},"skip":true},"7":{"name":"(anonymous_7)","line":125,"loc":{"start":{"line":125,"column":27},"end":{"line":125,"column":39}},"skip":true},"8":{"name":"(anonymous_8)","line":133,"loc":{"start":{"line":133,"column":59},"end":{"line":133,"column":74}},"skip":true},"9":{"name":"(anonymous_9)","line":143,"loc":{"start":{"line":143,"column":45},"end":{"line":143,"column":62}},"skip":true},"10":{"name":"(anonymous_10)","line":144,"loc":{"start":{"line":144,"column":73},"end":{"line":144,"column":92}},"skip":true},"11":{"name":"(anonymous_11)","line":272,"loc":{"start":{"line":272,"column":51},"end":{"line":272,"column":77}},"skip":true},"12":{"name":"(anonymous_12)","line":314,"loc":{"start":{"line":314,"column":32},"end":{"line":314,"column":61}},"skip":true}},"statementMap":{"1":{"start":{"line":26,"column":0},"end":{"line":325,"column":5}},"2":{"start":{"line":28,"column":4},"end":{"line":28,"column":14}},"3":{"start":{"line":33,"column":4},"end":{"line":60,"column":9}},"4":{"start":{"line":35,"column":8},"end":{"line":35,"column":19}},"5":{"start":{"line":37,"column":8},"end":{"line":49,"column":13}},"6":{"start":{"line":38,"column":12},"end":{"line":48,"column":13}},"7":{"start":{"line":39,"column":16},"end":{"line":42,"column":30}},"8":{"start":{"line":44,"column":16},"end":{"line":47,"column":27}},"9":{"start":{"line":51,"column":8},"end":{"line":53,"column":21}},"10":{"start":{"line":55,"column":8},"end":{"line":57,"column":45}},"11":{"start":{"line":59,"column":8},"end":{"line":59,"column":35}},"12":{"start":{"line":61,"column":4},"end":{"line":324,"column":5}},"13":{"start":{"line":69,"column":8},"end":{"line":121,"column":10},"skip":true},"14":{"start":{"line":70,"column":12},"end":{"line":88,"column":13},"skip":true},"15":{"start":{"line":76,"column":16},"end":{"line":87,"column":19},"skip":true},"16":{"start":{"line":79,"column":20},"end":{"line":86,"column":21},"skip":true},"17":{"start":{"line":82,"column":24},"end":{"line":82,"column":43},"skip":true},"18":{"start":{"line":83,"column":24},"end":{"line":83,"column":30},"skip":true},"19":{"start":{"line":85,"column":24},"end":{"line":85,"column":49},"skip":true},"20":{"start":{"line":89,"column":12},"end":{"line":107,"column":13},"skip":true},"21":{"start":{"line":92,"column":16},"end":{"line":102,"column":17},"skip":true},"22":{"start":{"line":93,"column":20},"end":{"line":93,"column":86},"skip":true},"23":{"start":{"line":94,"column":20},"end":{"line":95,"column":45},"skip":true},"24":{"start":{"line":96,"column":20},"end":{"line":96,"column":42},"skip":true},"25":{"start":{"line":97,"column":20},"end":{"line":97,"column":48},"skip":true},"26":{"start":{"line":100,"column":20},"end":{"line":100,"column":85},"skip":true},"27":{"start":{"line":101,"column":20},"end":{"line":101,"column":96},"skip":true},"28":{"start":{"line":103,"column":16},"end":{"line":103,"column":22},"skip":true},"29":{"start":{"line":106,"column":16},"end":{"line":106,"column":22},"skip":true},"30":{"start":{"line":108,"column":12},"end":{"line":120,"column":13},"skip":true},"31":{"start":{"line":114,"column":16},"end":{"line":119,"column":17},"skip":true},"32":{"start":{"line":116,"column":20},"end":{"line":116,"column":78},"skip":true},"33":{"start":{"line":118,"column":20},"end":{"line":118,"column":53},"skip":true},"34":{"start":{"line":123,"column":8},"end":{"line":141,"column":11},"skip":true},"35":{"start":{"line":124,"column":12},"end":{"line":124,"column":54},"skip":true},"36":{"start":{"line":125,"column":12},"end":{"line":140,"column":14},"skip":true},"37":{"start":{"line":126,"column":16},"end":{"line":126,"column":28},"skip":true},"38":{"start":{"line":127,"column":16},"end":{"line":127,"column":69},"skip":true},"39":{"start":{"line":128,"column":16},"end":{"line":128,"column":75},"skip":true},"40":{"start":{"line":129,"column":16},"end":{"line":131,"column":17},"skip":true},"41":{"start":{"line":130,"column":20},"end":{"line":130,"column":27},"skip":true},"42":{"start":{"line":133,"column":16},"end":{"line":137,"column":36},"skip":true},"43":{"start":{"line":134,"column":20},"end":{"line":136,"column":55},"skip":true},"44":{"start":{"line":139,"column":16},"end":{"line":139,"column":57},"skip":true},"45":{"start":{"line":143,"column":8},"end":{"line":147,"column":11},"skip":true},"46":{"start":{"line":144,"column":12},"end":{"line":146,"column":15},"skip":true},"47":{"start":{"line":145,"column":16},"end":{"line":145,"column":70},"skip":true},"48":{"start":{"line":149,"column":8},"end":{"line":149,"column":31},"skip":true},"49":{"start":{"line":150,"column":8},"end":{"line":150,"column":14},"skip":true},"50":{"start":{"line":158,"column":8},"end":{"line":158,"column":31},"skip":true},"51":{"start":{"line":160,"column":8},"end":{"line":160,"column":33},"skip":true},"52":{"start":{"line":161,"column":8},"end":{"line":161,"column":37},"skip":true},"53":{"start":{"line":162,"column":8},"end":{"line":162,"column":35},"skip":true},"54":{"start":{"line":164,"column":8},"end":{"line":164,"column":50},"skip":true},"55":{"start":{"line":166,"column":8},"end":{"line":256,"column":2},"skip":true},"56":{"start":{"line":258,"column":8},"end":{"line":286,"column":9},"skip":true},"57":{"start":{"line":259,"column":12},"end":{"line":269,"column":14},"skip":true},"58":{"start":{"line":271,"column":12},"end":{"line":285,"column":19},"skip":true},"59":{"start":{"line":274,"column":20},"end":{"line":274,"column":35},"skip":true},"60":{"start":{"line":275,"column":20},"end":{"line":284,"column":21},"skip":true},"61":{"start":{"line":277,"column":24},"end":{"line":277,"column":64},"skip":true},"62":{"start":{"line":279,"column":24},"end":{"line":279,"column":40},"skip":true},"63":{"start":{"line":281,"column":24},"end":{"line":281,"column":40},"skip":true},"64":{"start":{"line":283,"column":24},"end":{"line":283,"column":39},"skip":true},"65":{"start":{"line":288,"column":8},"end":{"line":290,"column":9},"skip":true},"66":{"start":{"line":289,"column":12},"end":{"line":289,"column":18},"skip":true},"67":{"start":{"line":291,"column":8},"end":{"line":293,"column":54},"skip":true},"68":{"start":{"line":294,"column":8},"end":{"line":301,"column":37},"skip":true},"69":{"start":{"line":302,"column":8},"end":{"line":302,"column":82},"skip":true},"70":{"start":{"line":305,"column":8},"end":{"line":307,"column":9},"skip":true},"71":{"start":{"line":306,"column":12},"end":{"line":306,"column":82},"skip":true},"72":{"start":{"line":309,"column":8},"end":{"line":311,"column":9},"skip":true},"73":{"start":{"line":310,"column":12},"end":{"line":310,"column":18},"skip":true},"74":{"start":{"line":312,"column":8},"end":{"line":312,"column":54},"skip":true},"75":{"start":{"line":313,"column":8},"end":{"line":313,"column":69},"skip":true},"76":{"start":{"line":314,"column":8},"end":{"line":322,"column":36},"skip":true},"77":{"start":{"line":315,"column":12},"end":{"line":315,"column":61},"skip":true},"78":{"start":{"line":316,"column":12},"end":{"line":319,"column":13},"skip":true},"79":{"start":{"line":317,"column":16},"end":{"line":317,"column":75},"skip":true},"80":{"start":{"line":318,"column":16},"end":{"line":318,"column":23},"skip":true},"81":{"start":{"line":320,"column":12},"end":{"line":320,"column":38},"skip":true},"82":{"start":{"line":321,"column":12},"end":{"line":321,"column":27},"skip":true},"83":{"start":{"line":323,"column":8},"end":{"line":323,"column":14},"skip":true}},"branchMap":{"1":{"line":39,"type":"binary-expr","locations":[{"start":{"line":39,"column":23},"end":{"line":39,"column":62}},{"start":{"line":40,"column":20},"end":{"line":40,"column":70}},{"start":{"line":41,"column":20},"end":{"line":41,"column":71}},{"start":{"line":42,"column":20},"end":{"line":42,"column":29}}]},"2":{"line":44,"type":"binary-expr","locations":[{"start":{"line":44,"column":23},"end":{"line":44,"column":37}},{"start":{"line":45,"column":20},"end":{"line":45,"column":61}},{"start":{"line":46,"column":20},"end":{"line":46,"column":70}},{"start":{"line":47,"column":20},"end":{"line":47,"column":26}}]},"3":{"line":51,"type":"cond-expr","locations":[{"start":{"line":52,"column":14},"end":{"line":52,"column":20}},{"start":{"line":53,"column":14},"end":{"line":53,"column":20}}]},"4":{"line":55,"type":"binary-expr","locations":[{"start":{"line":55,"column":16},"end":{"line":55,"column":44}},{"start":{"line":55,"column":49},"end":{"line":57,"column":43}}]},"5":{"line":55,"type":"cond-expr","locations":[{"start":{"line":56,"column":14},"end":{"line":56,"column":51}},{"start":{"line":57,"column":14},"end":{"line":57,"column":43}}]},"6":{"line":61,"type":"switch","locations":[{"start":{"line":68,"column":4},"end":{"line":150,"column":14},"skip":true},{"start":{"line":156,"column":4},"end":{"line":323,"column":14},"skip":true}]},"7":{"line":70,"type":"if","locations":[{"start":{"line":70,"column":12},"end":{"line":70,"column":12},"skip":true},{"start":{"line":70,"column":12},"end":{"line":70,"column":12},"skip":true}]},"8":{"line":70,"type":"binary-expr","locations":[{"start":{"line":70,"column":16},"end":{"line":70,"column":22},"skip":true},{"start":{"line":70,"column":27},"end":{"line":70,"column":32},"skip":true},{"start":{"line":71,"column":20},"end":{"line":71,"column":39},"skip":true},{"start":{"line":72,"column":20},"end":{"line":72,"column":49},"skip":true},{"start":{"line":73,"column":20},"end":{"line":73,"column":58},"skip":true},{"start":{"line":74,"column":20},"end":{"line":74,"column":69},"skip":true}]},"9":{"line":79,"type":"switch","locations":[{"start":{"line":80,"column":20},"end":{"line":80,"column":33},"skip":true},{"start":{"line":81,"column":20},"end":{"line":83,"column":30},"skip":true},{"start":{"line":84,"column":20},"end":{"line":85,"column":49},"skip":true}]},"10":{"line":89,"type":"switch","locations":[{"start":{"line":90,"column":12},"end":{"line":103,"column":22},"skip":true},{"start":{"line":105,"column":12},"end":{"line":106,"column":22},"skip":true}]},"11":{"line":89,"type":"binary-expr","locations":[{"start":{"line":89,"column":20},"end":{"line":89,"column":25},"skip":true},{"start":{"line":89,"column":29},"end":{"line":89,"column":48},"skip":true},{"start":{"line":89,"column":52},"end":{"line":89,"column":74},"skip":true}]},"12":{"line":92,"type":"if","locations":[{"start":{"line":92,"column":16},"end":{"line":92,"column":16},"skip":true},{"start":{"line":92,"column":16},"end":{"line":92,"column":16},"skip":true}]},"13":{"line":108,"type":"if","locations":[{"start":{"line":108,"column":12},"end":{"line":108,"column":12},"skip":true},{"start":{"line":108,"column":12},"end":{"line":108,"column":12},"skip":true}]},"14":{"line":108,"type":"binary-expr","locations":[{"start":{"line":108,"column":16},"end":{"line":108,"column":61},"skip":true},{"start":{"line":108,"column":66},"end":{"line":108,"column":72},"skip":true},{"start":{"line":108,"column":77},"end":{"line":108,"column":82},"skip":true},{"start":{"line":109,"column":20},"end":{"line":109,"column":39},"skip":true},{"start":{"line":110,"column":20},"end":{"line":110,"column":49},"skip":true},{"start":{"line":111,"column":20},"end":{"line":111,"column":58},"skip":true},{"start":{"line":112,"column":20},"end":{"line":112,"column":68},"skip":true}]},"15":{"line":129,"type":"if","locations":[{"start":{"line":129,"column":16},"end":{"line":129,"column":16},"skip":true},{"start":{"line":129,"column":16},"end":{"line":129,"column":16},"skip":true}]},"16":{"line":134,"type":"cond-expr","locations":[{"start":{"line":135,"column":26},"end":{"line":135,"column":29},"skip":true},{"start":{"line":136,"column":26},"end":{"line":136,"column":54},"skip":true}]},"17":{"line":164,"type":"binary-expr","locations":[{"start":{"line":164,"column":27},"end":{"line":164,"column":43},"skip":true},{"start":{"line":164,"column":47},"end":{"line":164,"column":49},"skip":true}]},"18":{"line":258,"type":"if","locations":[{"start":{"line":258,"column":8},"end":{"line":258,"column":8},"skip":true},{"start":{"line":258,"column":8},"end":{"line":258,"column":8},"skip":true}]},"19":{"line":275,"type":"switch","locations":[{"start":{"line":276,"column":20},"end":{"line":277,"column":64},"skip":true},{"start":{"line":278,"column":20},"end":{"line":279,"column":40},"skip":true},{"start":{"line":280,"column":20},"end":{"line":281,"column":40},"skip":true},{"start":{"line":282,"column":20},"end":{"line":283,"column":39},"skip":true}]},"20":{"line":288,"type":"if","locations":[{"start":{"line":288,"column":8},"end":{"line":288,"column":8},"skip":true},{"start":{"line":288,"column":8},"end":{"line":288,"column":8},"skip":true}]},"21":{"line":288,"type":"binary-expr","locations":[{"start":{"line":288,"column":12},"end":{"line":288,"column":40},"skip":true},{"start":{"line":288,"column":44},"end":{"line":288,"column":67},"skip":true}]},"22":{"line":292,"type":"binary-expr","locations":[{"start":{"line":292,"column":12},"end":{"line":292,"column":50},"skip":true},{"start":{"line":293,"column":12},"end":{"line":293,"column":53},"skip":true}]},"23":{"line":295,"type":"binary-expr","locations":[{"start":{"line":295,"column":12},"end":{"line":295,"column":65},"skip":true},{"start":{"line":296,"column":12},"end":{"line":301,"column":36},"skip":true}]},"24":{"line":302,"type":"binary-expr","locations":[{"start":{"line":302,"column":43},"end":{"line":302,"column":75},"skip":true},{"start":{"line":302,"column":79},"end":{"line":302,"column":81},"skip":true}]},"25":{"line":305,"type":"if","locations":[{"start":{"line":305,"column":8},"end":{"line":305,"column":8},"skip":true},{"start":{"line":305,"column":8},"end":{"line":305,"column":8},"skip":true}]},"26":{"line":309,"type":"if","locations":[{"start":{"line":309,"column":8},"end":{"line":309,"column":8},"skip":true},{"start":{"line":309,"column":8},"end":{"line":309,"column":8},"skip":true}]},"27":{"line":312,"type":"binary-expr","locations":[{"start":{"line":312,"column":27},"end":{"line":312,"column":43},"skip":true},{"start":{"line":312,"column":47},"end":{"line":312,"column":53},"skip":true}]},"28":{"line":316,"type":"if","locations":[{"start":{"line":316,"column":12},"end":{"line":316,"column":12},"skip":true},{"start":{"line":316,"column":12},"end":{"line":316,"column":12},"skip":true}]}},"code":["/*","example.js","","quickstart example","","instruction","    1. save this script as example.js","    2. run the shell command:","        $ npm install npmtest-cordova && PORT=8081 node example.js","    3. play with the browser-demo on http://127.0.0.1:8081","*/","","","","/* istanbul instrument in package npmtest_cordova */","/*jslint","    bitwise: true,","    browser: true,","    maxerr: 8,","    maxlen: 96,","    node: true,","    nomen: true,","    regexp: true,","    stupid: true","*/","(function () {","    'use strict';","    var local;","","","","    // run shared js-env code - pre-init","    (function () {","        // init local","        local = {};","        // init modeJs","        local.modeJs = (function () {","            try {","                return typeof navigator.userAgent === 'string' &&","                    typeof document.querySelector('body') === 'object' &&","                    typeof XMLHttpRequest.prototype.open === 'function' &&","                    'browser';","            } catch (errorCaughtBrowser) {","                return module.exports &&","                    typeof process.versions.node === 'string' &&","                    typeof require('http').createServer === 'function' &&","                    'node';","            }","        }());","        // init global","        local.global = local.modeJs === 'browser'","            ? window","            : global;","        // init utility2_rollup","        local = local.global.utility2_rollup || (local.modeJs === 'browser'","            ? local.global.utility2_npmtest_cordova","            : global.utility2_moduleExports);","        // export local","        local.global.local = local;","    }());","    switch (local.modeJs) {","","","","    // post-init","    // run browser js-env code - post-init","    /* istanbul ignore next */","    case 'browser':","        local.testRunBrowser = function (event) {","            if (!event || (event &&","                    event.currentTarget &&","                    event.currentTarget.className &&","                    event.currentTarget.className.includes &&","                    event.currentTarget.className.includes('onreset'))) {","                // reset output","                Array.from(","                    document.querySelectorAll('body > .resettable')","                ).forEach(function (element) {","                    switch (element.tagName) {","                    case 'INPUT':","                    case 'TEXTAREA':","                        element.value = '';","                        break;","                    default:","                        element.textContent = '';","                    }","                });","            }","            switch (event && event.currentTarget && event.currentTarget.id) {","            case 'testRunButton1':","                // show tests","                if (document.querySelector('#testReportDiv1').style.display === 'none') {","                    document.querySelector('#testReportDiv1').style.display = 'block';","                    document.querySelector('#testRunButton1').textContent =","                        'hide internal test';","                    local.modeTest = true;","                    local.testRunDefault(local);","                // hide tests","                } else {","                    document.querySelector('#testReportDiv1').style.display = 'none';","                    document.querySelector('#testRunButton1').textContent = 'run internal test';","                }","                break;","            // custom-case","            default:","                break;","            }","            if (document.querySelector('#inputTextareaEval1') && (!event || (event &&","                    event.currentTarget &&","                    event.currentTarget.className &&","                    event.currentTarget.className.includes &&","                    event.currentTarget.className.includes('oneval')))) {","                // try to eval input-code","                try {","                    /*jslint evil: true*/","                    eval(document.querySelector('#inputTextareaEval1').value);","                } catch (errorCaught) {","                    console.error(errorCaught.stack);","                }","            }","        };","        // log stderr and stdout to #outputTextareaStdout1","        ['error', 'log'].forEach(function (key) {","            console[key + '_original'] = console[key];","            console[key] = function () {","                var element;","                console[key + '_original'].apply(console, arguments);","                element = document.querySelector('#outputTextareaStdout1');","                if (!element) {","                    return;","                }","                // append text to #outputTextareaStdout1","                element.value += Array.from(arguments).map(function (arg) {","                    return typeof arg === 'string'","                        ? arg","                        : JSON.stringify(arg, null, 4);","                }).join(' ') + '\\n';","                // scroll textarea to bottom","                element.scrollTop = element.scrollHeight;","            };","        });","        // init event-handling","        ['change', 'click', 'keyup'].forEach(function (event) {","            Array.from(document.querySelectorAll('.on' + event)).forEach(function (element) {","                element.addEventListener(event, local.testRunBrowser);","            });","        });","        // run tests","        local.testRunBrowser();","        break;","","","","    // run node js-env code - post-init","    /* istanbul ignore next */","    case 'node':","        // export local","        module.exports = local;","        // require modules","        local.fs = require('fs');","        local.http = require('http');","        local.url = require('url');","        // init assets","        local.assetsDict = local.assetsDict || {};","        /* jslint-ignore-begin */","        local.assetsDict['/assets.index.template.html'] = '\\","<!doctype html>\\n\\","<html lang=\"en\">\\n\\","<head>\\n\\","<meta charset=\"UTF-8\">\\n\\","<meta name=\"viewport\" content=\"width=device-width, initial-scale=1\">\\n\\","<title>{{env.npm_package_name}} (v{{env.npm_package_version}})</title>\\n\\","<style>\\n\\","/*csslint\\n\\","    box-sizing: false,\\n\\","    universal-selector: false\\n\\","*/\\n\\","* {\\n\\","    box-sizing: border-box;\\n\\","}\\n\\","body {\\n\\","    background: #dde;\\n\\","    font-family: Arial, Helvetica, sans-serif;\\n\\","    margin: 2rem;\\n\\","}\\n\\","body > * {\\n\\","    margin-bottom: 1rem;\\n\\","}\\n\\",".utility2FooterDiv {\\n\\","    margin-top: 20px;\\n\\","    text-align: center;\\n\\","}\\n\\","</style>\\n\\","<style>\\n\\","/*csslint\\n\\","*/\\n\\","textarea {\\n\\","    font-family: monospace;\\n\\","    height: 10rem;\\n\\","    width: 100%;\\n\\","}\\n\\","textarea[readonly] {\\n\\","    background: #ddd;\\n\\","}\\n\\","</style>\\n\\","</head>\\n\\","<body>\\n\\","<!-- utility2-comment\\n\\","<div id=\"ajaxProgressDiv1\" style=\"background: #d00; height: 2px; left: 0; margin: 0; padding: 0; position: fixed; top: 0; transition: background 0.5s, width 1.5s; width: 25%;\"></div>\\n\\","utility2-comment -->\\n\\","<h1>\\n\\","<!-- utility2-comment\\n\\","    <a\\n\\","        {{#if env.npm_package_homepage}}\\n\\","        href=\"{{env.npm_package_homepage}}\"\\n\\","        {{/if env.npm_package_homepage}}\\n\\","        target=\"_blank\"\\n\\","    >\\n\\","utility2-comment -->\\n\\","        {{env.npm_package_name}} (v{{env.npm_package_version}})\\n\\","<!-- utility2-comment\\n\\","    </a>\\n\\","utility2-comment -->\\n\\","</h1>\\n\\","<h3>{{env.npm_package_description}}</h3>\\n\\","<!-- utility2-comment\\n\\","<h4><a download href=\"assets.app.js\">download standalone app</a></h4>\\n\\","<button class=\"onclick onreset\" id=\"testRunButton1\">run internal test</button><br>\\n\\","<div id=\"testReportDiv1\" style=\"display: none;\"></div>\\n\\","utility2-comment -->\\n\\","\\n\\","\\n\\","\\n\\","<label>stderr and stdout</label>\\n\\","<textarea class=\"resettable\" id=\"outputTextareaStdout1\" readonly></textarea>\\n\\","<!-- utility2-comment\\n\\","{{#if isRollup}}\\n\\","<script src=\"assets.app.js\"></script>\\n\\","{{#unless isRollup}}\\n\\","utility2-comment -->\\n\\","<script src=\"assets.utility2.rollup.js\"></script>\\n\\","<script src=\"jsonp.utility2._stateInit?callback=window.utility2._stateInit\"></script>\\n\\","<script src=\"assets.npmtest_cordova.rollup.js\"></script>\\n\\","<script src=\"assets.example.js\"></script>\\n\\","<script src=\"assets.test.js\"></script>\\n\\","<!-- utility2-comment\\n\\","{{/if isRollup}}\\n\\","utility2-comment -->\\n\\","<div class=\"utility2FooterDiv\">\\n\\","    [ this app was created with\\n\\","    <a href=\"https://github.com/kaizhu256/node-utility2\" target=\"_blank\">utility2</a>\\n\\","    ]\\n\\","</div>\\n\\","</body>\\n\\","</html>\\n\\","';","        /* jslint-ignore-end */","        if (local.templateRender) {","            local.assetsDict['/'] = local.templateRender(","                local.assetsDict['/assets.index.template.html'],","                {","                    env: local.objectSetDefault(local.env, {","                        npm_package_description: 'the greatest app in the world!',","                        npm_package_name: 'my-app',","                        npm_package_nameAlias: 'my_app',","                        npm_package_version: '0.0.1'","                    })","                }","            );","        } else {","            local.assetsDict['/'] = local.assetsDict['/assets.index.template.html']","                .replace((/\\{\\{env\\.(\\w+?)\\}\\}/g), function (match0, match1) {","                    // jslint-hack","                    String(match0);","                    switch (match1) {","                    case 'npm_package_description':","                        return 'the greatest app in the world!';","                    case 'npm_package_name':","                        return 'my-app';","                    case 'npm_package_nameAlias':","                        return 'my_app';","                    case 'npm_package_version':","                        return '0.0.1';","                    }","                });","        }","        // run the cli","        if (local.global.utility2_rollup || module !== require.main) {","            break;","        }","        local.assetsDict['/assets.example.js'] =","            local.assetsDict['/assets.example.js'] ||","            local.fs.readFileSync(__filename, 'utf8');","        local.assetsDict['/assets.npmtest_cordova.rollup.js'] =","            local.assetsDict['/assets.npmtest_cordova.rollup.js'] ||","            local.fs.readFileSync(","                // buildCustomOrg-hack","                local.npmtest_cordova.__dirname +","                    '/lib.npmtest_cordova.js',","                'utf8'","            ).replace((/^#!/), '//');","        local.assetsDict['/favicon.ico'] = local.assetsDict['/favicon.ico'] || '';","        // if $npm_config_timeout_exit exists,","        // then exit this process after $npm_config_timeout_exit ms","        if (Number(process.env.npm_config_timeout_exit)) {","            setTimeout(process.exit, Number(process.env.npm_config_timeout_exit));","        }","        // start server","        if (local.global.utility2_serverHttp1) {","            break;","        }","        process.env.PORT = process.env.PORT || '8081';","        console.error('server starting on port ' + process.env.PORT);","        local.http.createServer(function (request, response) {","            request.urlParsed = local.url.parse(request.url);","            if (local.assetsDict[request.urlParsed.pathname] !== undefined) {","                response.end(local.assetsDict[request.urlParsed.pathname]);","                return;","            }","            response.statusCode = 404;","            response.end();","        }).listen(process.env.PORT);","        break;","    }","}());",""],"l":{"26":2,"28":2,"33":2,"35":2,"37":2,"38":2,"39":2,"44":1,"51":2,"55":2,"59":2,"61":2,"69":1,"70":2,"76":2,"79":2,"82":2,"83":2,"85":1,"89":2,"92":1,"93":1,"94":1,"96":1,"97":1,"100":1,"101":1,"103":1,"106":1,"108":2,"114":1,"116":1,"118":1,"123":1,"124":2,"125":2,"126":2,"127":2,"128":2,"129":2,"130":1,"133":2,"134":2,"139":2,"143":1,"144":3,"145":1,"149":1,"150":1,"158":1,"160":1,"161":1,"162":1,"164":1,"166":1,"258":1,"259":1,"271":1,"274":6,"275":6,"277":1,"279":2,"281":1,"283":2,"288":1,"289":1,"291":1,"294":1,"302":1,"305":1,"306":1,"309":1,"310":1,"312":1,"313":1,"314":1,"315":1,"316":1,"317":1,"318":1,"320":1,"321":1,"323":1}},"/home/travis/build/npmtest/node-npmtest-cordova/cordova/cordova.js":{"path":"/home/travis/build/npmtest/node-npmtest-cordova/cordova/cordova.js","s":{"1":1,"2":1,"3":1,"4":1},"b":{},"f":{},"fnMap":{},"statementMap":{"1":{"start":{"line":23,"column":0},"end":{"line":23,"column":41}},"2":{"start":{"line":24,"column":0},"end":{"line":24,"column":37}},"3":{"start":{"line":30,"column":0},"end":{"line":30,"column":41}},"4":{"start":{"line":31,"column":0},"end":{"line":31,"column":42}}},"branchMap":{},"code":["/**","    Licensed to the Apache Software Foundation (ASF) under one","    or more contributor license agreements.  See the NOTICE file","    distributed with this work for additional information","    regarding copyright ownership.  The ASF licenses this file","    to you under the Apache License, Version 2.0 (the","    \"License\"); you may not use this file except in compliance","    with the License.  You may obtain a copy of the License at","","    http://www.apache.org/licenses/LICENSE-2.0","","    Unless required by applicable law or agreed to in writing,","    software distributed under the License is distributed on an","    \"AS IS\" BASIS, WITHOUT WARRANTIES OR CONDITIONS OF ANY","    KIND, either express or implied.  See the License for the","    specific language governing permissions and limitations","    under the License.","*/","","// All cordova js API moved to cordova-lib. If you don't need the cordova CLI,","// use cordova-lib directly.","","var cordova_lib = require('cordova-lib');","module.exports = cordova_lib.cordova;","","// Also export the cordova-lib so that downstream consumers of cordova lib and","// CLI will be able to use CLI's cordova-lib and avoid the risk of having two","// different versions of cordova-lib which would result in two instances of","// \"events\" and can cause bad event handling.","module.exports.cordova_lib = cordova_lib;","module.exports.cli = require('./src/cli');",""],"l":{"23":1,"24":1,"30":1,"31":1}},"/home/travis/build/npmtest/node-npmtest-cordova/cordova/src/cli.js":{"path":"/home/travis/build/npmtest/node-npmtest-cordova/cordova/src/cli.js","s":{"1":1,"2":1,"3":1,"4":1,"5":0,"6":0,"7":0,"8":0,"9":0,"10":0,"11":1,"12":0,"13":0,"14":0,"15":0,"16":0,"17":0,"18":1,"19":1,"20":0,"21":0,"22":0,"23":0,"24":0,"25":0,"26":0,"27":0,"28":0,"29":0,"30":0,"31":0,"32":0,"33":0,"34":0,"35":0,"36":0,"37":0,"38":0,"39":0,"40":0,"41":0,"42":0,"43":0,"44":0,"45":0,"46":0,"47":0,"48":0,"49":0,"50":1,"51":0,"52":0,"53":0,"54":1,"55":0,"56":0,"57":0,"58":0,"59":0,"60":0,"61":0,"62":0,"63":0,"64":0,"65":0,"66":0,"67":0,"68":0,"69":0,"70":0,"71":0,"72":0,"73":1,"74":0,"75":0,"76":0,"77":0,"78":0,"79":0,"80":0,"81":0,"82":0,"83":0,"84":0,"85":0,"86":0,"87":0,"88":0,"89":0,"90":0,"91":0,"92":0,"93":0,"94":0,"95":0,"96":0,"97":0,"98":0,"99":0,"100":0,"101":0,"102":0,"103":0,"104":0,"105":0,"106":0,"107":0,"108":0,"109":0,"110":0,"111":0,"112":0,"113":0,"114":0,"115":0,"116":0,"117":0,"118":0,"119":0,"120":0,"121":0,"122":0,"123":0,"124":0,"125":0,"126":0,"127":0,"128":0,"129":0,"130":0,"131":0,"132":0,"133":0,"134":0,"135":0,"136":0,"137":0,"138":0,"139":0,"140":0,"141":0,"142":0,"143":0,"144":0,"145":0,"146":0,"147":0,"148":0,"149":0,"150":0,"151":0,"152":0,"153":0,"154":0,"155":0,"156":0,"157":0,"158":0,"159":0,"160":0,"161":0,"162":0,"163":0,"164":0,"165":0,"166":0,"167":0,"168":0,"169":0,"170":0,"171":0,"172":0,"173":1,"174":0,"175":0,"176":0,"177":0,"178":0,"179":0,"180":0,"181":0,"182":0,"183":0,"184":0,"185":0,"186":0,"187":0,"188":0,"189":0,"190":0,"191":0,"192":0,"193":0,"194":0,"195":0,"196":0},"b":{"1":[0,0],"2":[0,0,0],"3":[0,0],"4":[0,0],"5":[0,0],"6":[0,0],"7":[0,0],"8":[0,0,0],"9":[0,0],"10":[0,0],"11":[0,0],"12":[0,0],"13":[0,0],"14":[0,0],"15":[0,0],"16":[0,0],"17":[0,0],"18":[0,0],"19":[0,0,0,0,0],"20":[0,0],"21":[0,0],"22":[0,0],"23":[0,0],"24":[0,0],"25":[0,0],"26":[0,0],"27":[0,0],"28":[0,0],"29":[0,0],"30":[0,0],"31":[0,0],"32":[0,0],"33":[0,0],"34":[0,0],"35":[0,0],"36":[0,0],"37":[0,0],"38":[0,0],"39":[0,0,0],"40":[0,0],"41":[0,0],"42":[0,0],"43":[0,0],"44":[0,0],"45":[0,0],"46":[0,0],"47":[0,0],"48":[0,0],"49":[0,0,0,0,0,0],"50":[0,0],"51":[0,0],"52":[0,0,0],"53":[0,0],"54":[0,0],"55":[0,0],"56":[0,0],"57":[0,0],"58":[0,0],"59":[0,0],"60":[0,0],"61":[0,0],"62":[0,0],"63":[0,0],"64":[0,0],"65":[0,0],"66":[0,0],"67":[0,0],"68":[0,0],"69":[0,0],"70":[0,0],"71":[0,0,0],"72":[0,0],"73":[0,0],"74":[0,0,0],"75":[0,0],"76":[0,0],"77":[0,0],"78":[0,0],"79":[0,0],"80":[0,0]},"f":{"1":0,"2":0,"3":0,"4":0,"5":0,"6":0,"7":0,"8":0,"9":0,"10":0,"11":0,"12":0,"13":0,"14":0,"15":0,"16":0,"17":0,"18":0},"fnMap":{"1":{"name":"init","line":52,"loc":{"start":{"line":52,"column":0},"end":{"line":52,"column":16}}},"2":{"name":"checkForUpdates","line":66,"loc":{"start":{"line":66,"column":0},"end":{"line":66,"column":27}}},"3":{"name":"(anonymous_3)","line":87,"loc":{"start":{"line":87,"column":17},"end":{"line":87,"column":42}}},"4":{"name":"(anonymous_4)","line":92,"loc":{"start":{"line":92,"column":15},"end":{"line":92,"column":25}}},"5":{"name":"(anonymous_5)","line":109,"loc":{"start":{"line":109,"column":13},"end":{"line":109,"column":24}}},"6":{"name":"(anonymous_6)","line":140,"loc":{"start":{"line":140,"column":12},"end":{"line":140,"column":40}}},"7":{"name":"(anonymous_7)","line":146,"loc":{"start":{"line":146,"column":12},"end":{"line":146,"column":24}}},"8":{"name":"(anonymous_8)","line":152,"loc":{"start":{"line":152,"column":12},"end":{"line":152,"column":27}}},"9":{"name":"getSubCommand","line":162,"loc":{"start":{"line":162,"column":0},"end":{"line":162,"column":34}}},"10":{"name":"handleTelemetryCmd","line":169,"loc":{"start":{"line":169,"column":0},"end":{"line":169,"column":51}}},"11":{"name":"cli","line":207,"loc":{"start":{"line":207,"column":0},"end":{"line":207,"column":24}}},"12":{"name":"(anonymous_12)","line":254,"loc":{"start":{"line":254,"column":36},"end":{"line":254,"column":50}}},"13":{"name":"(anonymous_13)","line":374,"loc":{"start":{"line":374,"column":18},"end":{"line":374,"column":43}}},"14":{"name":"(anonymous_14)","line":376,"loc":{"start":{"line":376,"column":71},"end":{"line":376,"column":94}}},"15":{"name":"(anonymous_15)","line":385,"loc":{"start":{"line":385,"column":42},"end":{"line":385,"column":62}}},"16":{"name":"(anonymous_16)","line":397,"loc":{"start":{"line":397,"column":24},"end":{"line":397,"column":59}}},"17":{"name":"(anonymous_17)","line":414,"loc":{"start":{"line":414,"column":34},"end":{"line":414,"column":47}}},"18":{"name":"create","line":438,"loc":{"start":{"line":438,"column":4},"end":{"line":438,"column":22}}}},"statementMap":{"1":{"start":{"line":26,"column":0},"end":{"line":33,"column":21}},"2":{"start":{"line":35,"column":0},"end":{"line":39,"column":59}},"3":{"start":{"line":41,"column":0},"end":{"line":42,"column":17}},"4":{"start":{"line":52,"column":0},"end":{"line":64,"column":1}},"5":{"start":{"line":53,"column":4},"end":{"line":63,"column":5}},"6":{"start":{"line":54,"column":8},"end":{"line":54,"column":31}},"7":{"start":{"line":55,"column":8},"end":{"line":55,"column":34}},"8":{"start":{"line":56,"column":8},"end":{"line":56,"column":52}},"9":{"start":{"line":58,"column":8},"end":{"line":61,"column":10}},"10":{"start":{"line":62,"column":8},"end":{"line":62,"column":24}},"11":{"start":{"line":66,"column":0},"end":{"line":84,"column":1}},"12":{"start":{"line":67,"column":4},"end":{"line":83,"column":5}},"13":{"start":{"line":69,"column":8},"end":{"line":71,"column":11}},"14":{"start":{"line":74,"column":8},"end":{"line":74,"column":26}},"15":{"start":{"line":77,"column":8},"end":{"line":82,"column":9}},"16":{"start":{"line":78,"column":12},"end":{"line":79,"column":128}},"17":{"start":{"line":81,"column":12},"end":{"line":81,"column":20}},"18":{"start":{"line":86,"column":0},"end":{"line":86,"column":35}},"19":{"start":{"line":87,"column":0},"end":{"line":160,"column":2}},"20":{"start":{"line":92,"column":4},"end":{"line":92,"column":28}},"21":{"start":{"line":94,"column":4},"end":{"line":94,"column":11}},"22":{"start":{"line":97,"column":4},"end":{"line":97,"column":42}},"23":{"start":{"line":98,"column":4},"end":{"line":98,"column":27}},"24":{"start":{"line":99,"column":4},"end":{"line":99,"column":51}},"25":{"start":{"line":100,"column":4},"end":{"line":100,"column":47}},"26":{"start":{"line":103,"column":4},"end":{"line":107,"column":5}},"27":{"start":{"line":104,"column":8},"end":{"line":104,"column":24}},"28":{"start":{"line":105,"column":11},"end":{"line":107,"column":5}},"29":{"start":{"line":106,"column":8},"end":{"line":106,"column":21}},"30":{"start":{"line":109,"column":4},"end":{"line":159,"column":14}},"31":{"start":{"line":118,"column":8},"end":{"line":120,"column":9}},"32":{"start":{"line":119,"column":12},"end":{"line":119,"column":28}},"33":{"start":{"line":126,"column":8},"end":{"line":129,"column":9}},"34":{"start":{"line":127,"column":12},"end":{"line":127,"column":50}},"35":{"start":{"line":128,"column":12},"end":{"line":128,"column":61}},"36":{"start":{"line":131,"column":8},"end":{"line":133,"column":9}},"37":{"start":{"line":132,"column":12},"end":{"line":132,"column":44}},"38":{"start":{"line":139,"column":8},"end":{"line":139,"column":38}},"39":{"start":{"line":141,"column":8},"end":{"line":141,"column":50}},"40":{"start":{"line":142,"column":8},"end":{"line":144,"column":9}},"41":{"start":{"line":143,"column":12},"end":{"line":143,"column":23}},"42":{"start":{"line":145,"column":8},"end":{"line":145,"column":30}},"43":{"start":{"line":147,"column":8},"end":{"line":149,"column":9}},"44":{"start":{"line":148,"column":12},"end":{"line":148,"column":59}},"45":{"start":{"line":151,"column":8},"end":{"line":151,"column":17}},"46":{"start":{"line":153,"column":8},"end":{"line":155,"column":9}},"47":{"start":{"line":154,"column":12},"end":{"line":154,"column":61}},"48":{"start":{"line":157,"column":8},"end":{"line":157,"column":16}},"49":{"start":{"line":158,"column":8},"end":{"line":158,"column":18}},"50":{"start":{"line":162,"column":0},"end":{"line":167,"column":1}},"51":{"start":{"line":163,"column":4},"end":{"line":165,"column":5}},"52":{"start":{"line":164,"column":8},"end":{"line":164,"column":23}},"53":{"start":{"line":166,"column":4},"end":{"line":166,"column":16}},"54":{"start":{"line":169,"column":0},"end":{"line":205,"column":1}},"55":{"start":{"line":171,"column":4},"end":{"line":174,"column":5}},"56":{"start":{"line":172,"column":8},"end":{"line":172,"column":33}},"57":{"start":{"line":173,"column":8},"end":{"line":173,"column":35}},"58":{"start":{"line":176,"column":4},"end":{"line":176,"column":52}},"59":{"start":{"line":177,"column":4},"end":{"line":177,"column":26}},"60":{"start":{"line":180,"column":4},"end":{"line":190,"column":5}},"61":{"start":{"line":181,"column":8},"end":{"line":187,"column":9}},"62":{"start":{"line":182,"column":12},"end":{"line":182,"column":31}},"63":{"start":{"line":183,"column":12},"end":{"line":183,"column":88}},"64":{"start":{"line":185,"column":12},"end":{"line":185,"column":32}},"65":{"start":{"line":186,"column":12},"end":{"line":186,"column":108}},"66":{"start":{"line":189,"column":8},"end":{"line":189,"column":27}},"67":{"start":{"line":194,"column":4},"end":{"line":198,"column":5}},"68":{"start":{"line":196,"column":8},"end":{"line":196,"column":116}},"69":{"start":{"line":197,"column":8},"end":{"line":197,"column":19}},"70":{"start":{"line":200,"column":4},"end":{"line":202,"column":5}},"71":{"start":{"line":201,"column":8},"end":{"line":201,"column":116}},"72":{"start":{"line":204,"column":4},"end":{"line":204,"column":15}},"73":{"start":{"line":207,"column":0},"end":{"line":488,"column":1}},"74":{"start":{"line":209,"column":4},"end":{"line":238,"column":10}},"75":{"start":{"line":240,"column":4},"end":{"line":246,"column":10}},"76":{"start":{"line":248,"column":4},"end":{"line":248,"column":22}},"77":{"start":{"line":250,"column":4},"end":{"line":250,"column":54}},"78":{"start":{"line":254,"column":4},"end":{"line":261,"column":7}},"79":{"start":{"line":255,"column":8},"end":{"line":255,"column":26}},"80":{"start":{"line":257,"column":8},"end":{"line":259,"column":9}},"81":{"start":{"line":258,"column":12},"end":{"line":258,"column":49}},"82":{"start":{"line":260,"column":8},"end":{"line":260,"column":24}},"83":{"start":{"line":263,"column":4},"end":{"line":263,"column":29}},"84":{"start":{"line":265,"column":4},"end":{"line":267,"column":5}},"85":{"start":{"line":266,"column":8},"end":{"line":266,"column":33}},"86":{"start":{"line":269,"column":4},"end":{"line":271,"column":5}},"87":{"start":{"line":270,"column":8},"end":{"line":270,"column":35}},"88":{"start":{"line":273,"column":4},"end":{"line":273,"column":51}},"89":{"start":{"line":275,"column":4},"end":{"line":275,"column":60}},"90":{"start":{"line":276,"column":4},"end":{"line":290,"column":5}},"91":{"start":{"line":277,"column":8},"end":{"line":277,"column":64}},"92":{"start":{"line":278,"column":8},"end":{"line":278,"column":33}},"93":{"start":{"line":279,"column":8},"end":{"line":281,"column":9}},"94":{"start":{"line":280,"column":12},"end":{"line":280,"column":59}},"95":{"start":{"line":283,"column":8},"end":{"line":289,"column":9}},"96":{"start":{"line":284,"column":12},"end":{"line":284,"column":36}},"97":{"start":{"line":285,"column":12},"end":{"line":285,"column":23}},"98":{"start":{"line":288,"column":12},"end":{"line":288,"column":72}},"99":{"start":{"line":292,"column":4},"end":{"line":296,"column":5}},"100":{"start":{"line":293,"column":8},"end":{"line":294,"column":121}},"101":{"start":{"line":295,"column":8},"end":{"line":295,"column":25}},"102":{"start":{"line":304,"column":4},"end":{"line":304,"column":26}},"103":{"start":{"line":305,"column":4},"end":{"line":305,"column":60}},"104":{"start":{"line":306,"column":4},"end":{"line":308,"column":5}},"105":{"start":{"line":307,"column":8},"end":{"line":307,"column":69}},"106":{"start":{"line":313,"column":4},"end":{"line":313,"column":34}},"107":{"start":{"line":314,"column":4},"end":{"line":314,"column":72}},"108":{"start":{"line":315,"column":4},"end":{"line":315,"column":26}},"109":{"start":{"line":316,"column":4},"end":{"line":316,"column":19}},"110":{"start":{"line":317,"column":4},"end":{"line":317,"column":69}},"111":{"start":{"line":318,"column":4},"end":{"line":318,"column":13}},"112":{"start":{"line":320,"column":4},"end":{"line":325,"column":5}},"113":{"start":{"line":321,"column":8},"end":{"line":323,"column":9}},"114":{"start":{"line":322,"column":12},"end":{"line":322,"column":27}},"115":{"start":{"line":324,"column":8},"end":{"line":324,"column":28}},"116":{"start":{"line":327,"column":4},"end":{"line":332,"column":5}},"117":{"start":{"line":328,"column":8},"end":{"line":330,"column":63}},"118":{"start":{"line":331,"column":8},"end":{"line":331,"column":36}},"119":{"start":{"line":334,"column":4},"end":{"line":343,"column":6}},"120":{"start":{"line":346,"column":4},"end":{"line":436,"column":5}},"121":{"start":{"line":348,"column":8},"end":{"line":348,"column":43}},"122":{"start":{"line":349,"column":8},"end":{"line":349,"column":69}},"123":{"start":{"line":350,"column":8},"end":{"line":353,"column":9}},"124":{"start":{"line":351,"column":12},"end":{"line":351,"column":66}},"125":{"start":{"line":352,"column":12},"end":{"line":352,"column":40}},"126":{"start":{"line":356,"column":8},"end":{"line":356,"column":28}},"127":{"start":{"line":357,"column":8},"end":{"line":357,"column":41}},"128":{"start":{"line":359,"column":8},"end":{"line":361,"column":9}},"129":{"start":{"line":360,"column":12},"end":{"line":360,"column":56}},"130":{"start":{"line":363,"column":8},"end":{"line":363,"column":49}},"131":{"start":{"line":364,"column":11},"end":{"line":436,"column":5}},"132":{"start":{"line":366,"column":8},"end":{"line":366,"column":43}},"133":{"start":{"line":367,"column":8},"end":{"line":367,"column":69}},"134":{"start":{"line":368,"column":8},"end":{"line":371,"column":9}},"135":{"start":{"line":369,"column":12},"end":{"line":369,"column":66}},"136":{"start":{"line":370,"column":12},"end":{"line":370,"column":40}},"137":{"start":{"line":373,"column":8},"end":{"line":402,"column":15}},"138":{"start":{"line":376,"column":16},"end":{"line":399,"column":19}},"139":{"start":{"line":377,"column":20},"end":{"line":377,"column":97}},"140":{"start":{"line":378,"column":20},"end":{"line":378,"column":69}},"141":{"start":{"line":379,"column":20},"end":{"line":382,"column":21}},"142":{"start":{"line":380,"column":24},"end":{"line":380,"column":109}},"143":{"start":{"line":381,"column":24},"end":{"line":381,"column":36}},"144":{"start":{"line":384,"column":20},"end":{"line":384,"column":49}},"145":{"start":{"line":385,"column":20},"end":{"line":394,"column":23}},"146":{"start":{"line":386,"column":24},"end":{"line":388,"column":63}},"147":{"start":{"line":389,"column":24},"end":{"line":389,"column":57}},"148":{"start":{"line":390,"column":24},"end":{"line":393,"column":25}},"149":{"start":{"line":391,"column":28},"end":{"line":391,"column":52}},"150":{"start":{"line":392,"column":28},"end":{"line":392,"column":75}},"151":{"start":{"line":396,"column":20},"end":{"line":396,"column":44}},"152":{"start":{"line":398,"column":20},"end":{"line":398,"column":52}},"153":{"start":{"line":401,"column":16},"end":{"line":401,"column":98}},"154":{"start":{"line":401,"column":38},"end":{"line":401,"column":98}},"155":{"start":{"line":403,"column":11},"end":{"line":436,"column":5}},"156":{"start":{"line":404,"column":8},"end":{"line":404,"column":31}},"157":{"start":{"line":405,"column":8},"end":{"line":405,"column":39}},"158":{"start":{"line":406,"column":11},"end":{"line":436,"column":5}},"159":{"start":{"line":407,"column":8},"end":{"line":407,"column":24}},"160":{"start":{"line":410,"column":8},"end":{"line":410,"column":33}},"161":{"start":{"line":411,"column":8},"end":{"line":411,"column":40}},"162":{"start":{"line":412,"column":8},"end":{"line":412,"column":26}},"163":{"start":{"line":413,"column":8},"end":{"line":423,"column":9}},"164":{"start":{"line":414,"column":12},"end":{"line":422,"column":15}},"165":{"start":{"line":416,"column":16},"end":{"line":416,"column":40}},"166":{"start":{"line":417,"column":16},"end":{"line":418,"column":76}},"167":{"start":{"line":418,"column":20},"end":{"line":418,"column":76}},"168":{"start":{"line":419,"column":16},"end":{"line":419,"column":56}},"169":{"start":{"line":420,"column":16},"end":{"line":420,"column":53}},"170":{"start":{"line":421,"column":16},"end":{"line":421,"column":36}},"171":{"start":{"line":424,"column":8},"end":{"line":434,"column":30}},"172":{"start":{"line":435,"column":8},"end":{"line":435,"column":68}},"173":{"start":{"line":438,"column":4},"end":{"line":487,"column":5}},"174":{"start":{"line":439,"column":8},"end":{"line":439,"column":16}},"175":{"start":{"line":440,"column":8},"end":{"line":440,"column":22}},"176":{"start":{"line":441,"column":8},"end":{"line":441,"column":19}},"177":{"start":{"line":444,"column":8},"end":{"line":447,"column":21}},"178":{"start":{"line":445,"column":12},"end":{"line":445,"column":42}},"179":{"start":{"line":447,"column":12},"end":{"line":447,"column":21}},"180":{"start":{"line":449,"column":8},"end":{"line":449,"column":74}},"181":{"start":{"line":451,"column":8},"end":{"line":480,"column":9}},"182":{"start":{"line":452,"column":12},"end":{"line":456,"column":13}},"183":{"start":{"line":453,"column":16},"end":{"line":455,"column":18}},"184":{"start":{"line":459,"column":12},"end":{"line":460,"column":78}},"185":{"start":{"line":460,"column":16},"end":{"line":460,"column":78}},"186":{"start":{"line":462,"column":12},"end":{"line":466,"column":14}},"187":{"start":{"line":468,"column":12},"end":{"line":470,"column":13}},"188":{"start":{"line":469,"column":16},"end":{"line":469,"column":35}},"189":{"start":{"line":471,"column":12},"end":{"line":476,"column":13}},"190":{"start":{"line":472,"column":16},"end":{"line":472,"column":39}},"191":{"start":{"line":473,"column":19},"end":{"line":476,"column":13}},"192":{"start":{"line":474,"column":16},"end":{"line":474,"column":115}},"193":{"start":{"line":475,"column":16},"end":{"line":475,"column":39}},"194":{"start":{"line":478,"column":12},"end":{"line":478,"column":36}},"195":{"start":{"line":479,"column":12},"end":{"line":479,"column":33}},"196":{"start":{"line":481,"column":8},"end":{"line":486,"column":10}}},"branchMap":{"1":{"line":77,"type":"if","locations":[{"start":{"line":77,"column":8},"end":{"line":77,"column":8}},{"start":{"line":77,"column":8},"end":{"line":77,"column":8}}]},"2":{"line":77,"type":"binary-expr","locations":[{"start":{"line":77,"column":12},"end":{"line":77,"column":13}},{"start":{"line":77,"column":17},"end":{"line":77,"column":26}},{"start":{"line":77,"column":30},"end":{"line":77,"column":54}}]},"3":{"line":92,"type":"binary-expr","locations":[{"start":{"line":92,"column":9},"end":{"line":92,"column":11}},{"start":{"line":92,"column":15},"end":{"line":92,"column":27}}]},"4":{"line":97,"type":"binary-expr","locations":[{"start":{"line":97,"column":16},"end":{"line":97,"column":25}},{"start":{"line":97,"column":29},"end":{"line":97,"column":41}}]},"5":{"line":103,"type":"if","locations":[{"start":{"line":103,"column":4},"end":{"line":103,"column":4}},{"start":{"line":103,"column":4},"end":{"line":103,"column":4}}]},"6":{"line":103,"type":"binary-expr","locations":[{"start":{"line":103,"column":7},"end":{"line":103,"column":26}},{"start":{"line":103,"column":30},"end":{"line":103,"column":42}}]},"7":{"line":105,"type":"if","locations":[{"start":{"line":105,"column":11},"end":{"line":105,"column":11}},{"start":{"line":105,"column":11},"end":{"line":105,"column":11}}]},"8":{"line":105,"type":"binary-expr","locations":[{"start":{"line":105,"column":14},"end":{"line":105,"column":18}},{"start":{"line":105,"column":22},"end":{"line":105,"column":38}},{"start":{"line":105,"column":42},"end":{"line":105,"column":53}}]},"9":{"line":118,"type":"if","locations":[{"start":{"line":118,"column":8},"end":{"line":118,"column":8}},{"start":{"line":118,"column":8},"end":{"line":118,"column":8}}]},"10":{"line":118,"type":"binary-expr","locations":[{"start":{"line":118,"column":11},"end":{"line":118,"column":38}},{"start":{"line":118,"column":42},"end":{"line":118,"column":80}}]},"11":{"line":126,"type":"if","locations":[{"start":{"line":126,"column":8},"end":{"line":126,"column":8}},{"start":{"line":126,"column":8},"end":{"line":126,"column":8}}]},"12":{"line":131,"type":"if","locations":[{"start":{"line":131,"column":8},"end":{"line":131,"column":8}},{"start":{"line":131,"column":8},"end":{"line":131,"column":8}}]},"13":{"line":142,"type":"if","locations":[{"start":{"line":142,"column":8},"end":{"line":142,"column":8}},{"start":{"line":142,"column":8},"end":{"line":142,"column":8}}]},"14":{"line":147,"type":"if","locations":[{"start":{"line":147,"column":8},"end":{"line":147,"column":8}},{"start":{"line":147,"column":8},"end":{"line":147,"column":8}}]},"15":{"line":147,"type":"binary-expr","locations":[{"start":{"line":147,"column":12},"end":{"line":147,"column":34}},{"start":{"line":147,"column":38},"end":{"line":147,"column":53}}]},"16":{"line":153,"type":"if","locations":[{"start":{"line":153,"column":8},"end":{"line":153,"column":8}},{"start":{"line":153,"column":8},"end":{"line":153,"column":8}}]},"17":{"line":153,"type":"binary-expr","locations":[{"start":{"line":153,"column":12},"end":{"line":153,"column":34}},{"start":{"line":153,"column":38},"end":{"line":153,"column":53}}]},"18":{"line":163,"type":"if","locations":[{"start":{"line":163,"column":4},"end":{"line":163,"column":4}},{"start":{"line":163,"column":4},"end":{"line":163,"column":4}}]},"19":{"line":163,"type":"binary-expr","locations":[{"start":{"line":163,"column":7},"end":{"line":163,"column":25}},{"start":{"line":163,"column":29},"end":{"line":163,"column":48}},{"start":{"line":163,"column":52},"end":{"line":163,"column":68}},{"start":{"line":163,"column":72},"end":{"line":163,"column":89}},{"start":{"line":163,"column":93},"end":{"line":163,"column":112}}]},"20":{"line":171,"type":"if","locations":[{"start":{"line":171,"column":4},"end":{"line":171,"column":4}},{"start":{"line":171,"column":4},"end":{"line":171,"column":4}}]},"21":{"line":171,"type":"binary-expr","locations":[{"start":{"line":171,"column":8},"end":{"line":171,"column":27}},{"start":{"line":171,"column":31},"end":{"line":171,"column":51}}]},"22":{"line":176,"type":"cond-expr","locations":[{"start":{"line":176,"column":39},"end":{"line":176,"column":43}},{"start":{"line":176,"column":46},"end":{"line":176,"column":51}}]},"23":{"line":181,"type":"if","locations":[{"start":{"line":181,"column":8},"end":{"line":181,"column":8}},{"start":{"line":181,"column":8},"end":{"line":181,"column":8}}]},"24":{"line":194,"type":"if","locations":[{"start":{"line":194,"column":4},"end":{"line":194,"column":4}},{"start":{"line":194,"column":4},"end":{"line":194,"column":4}}]},"25":{"line":196,"type":"cond-expr","locations":[{"start":{"line":196,"column":86},"end":{"line":196,"column":98}},{"start":{"line":196,"column":100},"end":{"line":196,"column":114}}]},"26":{"line":200,"type":"if","locations":[{"start":{"line":200,"column":4},"end":{"line":200,"column":4}},{"start":{"line":200,"column":4},"end":{"line":200,"column":4}}]},"27":{"line":201,"type":"cond-expr","locations":[{"start":{"line":201,"column":85},"end":{"line":201,"column":97}},{"start":{"line":201,"column":100},"end":{"line":201,"column":114}}]},"28":{"line":257,"type":"if","locations":[{"start":{"line":257,"column":8},"end":{"line":257,"column":8}},{"start":{"line":257,"column":8},"end":{"line":257,"column":8}}]},"29":{"line":265,"type":"if","locations":[{"start":{"line":265,"column":4},"end":{"line":265,"column":4}},{"start":{"line":265,"column":4},"end":{"line":265,"column":4}}]},"30":{"line":269,"type":"if","locations":[{"start":{"line":269,"column":4},"end":{"line":269,"column":4}},{"start":{"line":269,"column":4},"end":{"line":269,"column":4}}]},"31":{"line":276,"type":"if","locations":[{"start":{"line":276,"column":4},"end":{"line":276,"column":4}},{"start":{"line":276,"column":4},"end":{"line":276,"column":4}}]},"32":{"line":276,"type":"binary-expr","locations":[{"start":{"line":276,"column":8},"end":{"line":276,"column":20}},{"start":{"line":276,"column":24},"end":{"line":276,"column":39}}]},"33":{"line":279,"type":"if","locations":[{"start":{"line":279,"column":8},"end":{"line":279,"column":8}},{"start":{"line":279,"column":8},"end":{"line":279,"column":8}}]},"34":{"line":279,"type":"binary-expr","locations":[{"start":{"line":279,"column":12},"end":{"line":279,"column":36}},{"start":{"line":279,"column":40},"end":{"line":279,"column":55}}]},"35":{"line":283,"type":"if","locations":[{"start":{"line":283,"column":8},"end":{"line":283,"column":8}},{"start":{"line":283,"column":8},"end":{"line":283,"column":8}}]},"36":{"line":292,"type":"if","locations":[{"start":{"line":292,"column":4},"end":{"line":292,"column":4}},{"start":{"line":292,"column":4},"end":{"line":292,"column":4}}]},"37":{"line":306,"type":"if","locations":[{"start":{"line":306,"column":4},"end":{"line":306,"column":4}},{"start":{"line":306,"column":4},"end":{"line":306,"column":4}}]},"38":{"line":320,"type":"if","locations":[{"start":{"line":320,"column":4},"end":{"line":320,"column":4}},{"start":{"line":320,"column":4},"end":{"line":320,"column":4}}]},"39":{"line":320,"type":"binary-expr","locations":[{"start":{"line":320,"column":9},"end":{"line":320,"column":13}},{"start":{"line":320,"column":17},"end":{"line":320,"column":30}},{"start":{"line":320,"column":34},"end":{"line":320,"column":43}}]},"40":{"line":321,"type":"if","locations":[{"start":{"line":321,"column":8},"end":{"line":321,"column":8}},{"start":{"line":321,"column":8},"end":{"line":321,"column":8}}]},"41":{"line":321,"type":"binary-expr","locations":[{"start":{"line":321,"column":12},"end":{"line":321,"column":22}},{"start":{"line":321,"column":26},"end":{"line":321,"column":45}}]},"42":{"line":327,"type":"if","locations":[{"start":{"line":327,"column":4},"end":{"line":327,"column":4}},{"start":{"line":327,"column":4},"end":{"line":327,"column":4}}]},"43":{"line":337,"type":"binary-expr","locations":[{"start":{"line":337,"column":17},"end":{"line":337,"column":29}},{"start":{"line":337,"column":33},"end":{"line":337,"column":38}}]},"44":{"line":338,"type":"binary-expr","locations":[{"start":{"line":338,"column":16},"end":{"line":338,"column":27}},{"start":{"line":338,"column":31},"end":{"line":338,"column":36}}]},"45":{"line":339,"type":"binary-expr","locations":[{"start":{"line":339,"column":20},"end":{"line":339,"column":35}},{"start":{"line":339,"column":39},"end":{"line":339,"column":44}}]},"46":{"line":340,"type":"binary-expr","locations":[{"start":{"line":340,"column":15},"end":{"line":340,"column":25}},{"start":{"line":340,"column":29},"end":{"line":340,"column":34}}]},"47":{"line":341,"type":"binary-expr","locations":[{"start":{"line":341,"column":17},"end":{"line":341,"column":29}},{"start":{"line":341,"column":33},"end":{"line":341,"column":35}}]},"48":{"line":346,"type":"if","locations":[{"start":{"line":346,"column":4},"end":{"line":346,"column":4}},{"start":{"line":346,"column":4},"end":{"line":346,"column":4}}]},"49":{"line":346,"type":"binary-expr","locations":[{"start":{"line":346,"column":8},"end":{"line":346,"column":24}},{"start":{"line":346,"column":28},"end":{"line":346,"column":42}},{"start":{"line":346,"column":46},"end":{"line":346,"column":62}},{"start":{"line":346,"column":66},"end":{"line":346,"column":82}},{"start":{"line":346,"column":86},"end":{"line":346,"column":98}},{"start":{"line":346,"column":102},"end":{"line":346,"column":117}}]},"50":{"line":350,"type":"if","locations":[{"start":{"line":350,"column":8},"end":{"line":350,"column":8}},{"start":{"line":350,"column":8},"end":{"line":350,"column":8}}]},"51":{"line":359,"type":"if","locations":[{"start":{"line":359,"column":8},"end":{"line":359,"column":8}},{"start":{"line":359,"column":8},"end":{"line":359,"column":8}}]},"52":{"line":359,"type":"binary-expr","locations":[{"start":{"line":359,"column":12},"end":{"line":359,"column":25}},{"start":{"line":359,"column":29},"end":{"line":359,"column":38}},{"start":{"line":359,"column":42},"end":{"line":359,"column":61}}]},"53":{"line":364,"type":"if","locations":[{"start":{"line":364,"column":11},"end":{"line":364,"column":11}},{"start":{"line":364,"column":11},"end":{"line":364,"column":11}}]},"54":{"line":368,"type":"if","locations":[{"start":{"line":368,"column":8},"end":{"line":368,"column":8}},{"start":{"line":368,"column":8},"end":{"line":368,"column":8}}]},"55":{"line":379,"type":"if","locations":[{"start":{"line":379,"column":20},"end":{"line":379,"column":20}},{"start":{"line":379,"column":20},"end":{"line":379,"column":20}}]},"56":{"line":387,"type":"cond-expr","locations":[{"start":{"line":387,"column":51},"end":{"line":387,"column":63}},{"start":{"line":387,"column":66},"end":{"line":387,"column":82}}]},"57":{"line":388,"type":"binary-expr","locations":[{"start":{"line":388,"column":29},"end":{"line":388,"column":55}},{"start":{"line":388,"column":59},"end":{"line":388,"column":61}}]},"58":{"line":390,"type":"if","locations":[{"start":{"line":390,"column":24},"end":{"line":390,"column":24}},{"start":{"line":390,"column":24},"end":{"line":390,"column":24}}]},"59":{"line":401,"type":"if","locations":[{"start":{"line":401,"column":16},"end":{"line":401,"column":16}},{"start":{"line":401,"column":16},"end":{"line":401,"column":16}}]},"60":{"line":403,"type":"if","locations":[{"start":{"line":403,"column":11},"end":{"line":403,"column":11}},{"start":{"line":403,"column":11},"end":{"line":403,"column":11}}]},"61":{"line":406,"type":"if","locations":[{"start":{"line":406,"column":11},"end":{"line":406,"column":11}},{"start":{"line":406,"column":11},"end":{"line":406,"column":11}}]},"62":{"line":413,"type":"if","locations":[{"start":{"li
[...]
ordova.raw[cmd].call(null, opts);","    } else if (cmd === 'requirements') {","        // All options without dashes are assumed to be platform names","        opts.platforms = undashed.slice(1);","        badPlatforms = _.difference(opts.platforms, known_platforms);","        if( !_.isEmpty(badPlatforms) ) {","            msg = 'Unknown platforms: ' + badPlatforms.join(', ');","            throw new CordovaError(msg);","        }","","        return cordova.raw[cmd].call(null, opts.platforms)","            .then(function(platformChecks) {","","                var someChecksFailed = Object.keys(platformChecks).map(function(platformName) {","                    events.emit('log', '\\nRequirements check results for ' + platformName + ':');","                    var platformCheck = platformChecks[platformName];","                    if (platformCheck instanceof CordovaError) {","                        events.emit('warn', 'Check failed for ' + platformName + ' due to ' + platformCheck);","                        return true;","                    }","","                    var someChecksFailed = false;","                    platformCheck.forEach(function(checkItem) {","                        var checkSummary = checkItem.name + ': ' +","                            (checkItem.installed ? 'installed ' : 'not installed ') +","                            (checkItem.metadata.version || '');","                        events.emit('log', checkSummary);","                        if (!checkItem.installed) {","                            someChecksFailed = true;","                            events.emit('warn', checkItem.metadata.reason);","                        }","                    });","","                    return someChecksFailed;","                }).some(function(isCheckFailedForPlatform) {","                    return isCheckFailedForPlatform;","                });","","                if (someChecksFailed) throw new CordovaError('Some of requirements check failed');","            });","    } else if (cmd == 'serve') {","        var port = undashed[1];","        return cordova.raw.serve(port);","    } else if (cmd == 'create') {","        return create();","    } else {","        // platform/plugins add/rm [target(s)]","        subcommand = undashed[1]; // sub-command like \"add\", \"ls\", \"rm\" etc.","        var targets = undashed.slice(2); // array of targets, either platforms or plugins","        var cli_vars = {};","        if (args.variable) {","            args.variable.forEach(function (s) {","                // CB-9171","                var eq = s.indexOf('=');","                if (eq == -1)","                    throw new CordovaError('invalid variable format: ' + s);","                var key = s.substr(0, eq).toUpperCase();","                var val = s.substr(eq + 1, s.length);","                cli_vars[key] = val;","            });","        }","        var download_opts = { searchpath : args.searchpath","                            , noregistry : args.noregistry","                            , nohooks : args.nohooks","                            , cli_variables : cli_vars","                            , browserify: args.browserify || false","                            , fetch: args.fetch || false","                            , link: args.link || false","                            , save: args.save || false","                            , shrinkwrap: args.shrinkwrap || false","                            , force: args.force || false","                            };","        return cordova.raw[cmd](subcommand, targets, download_opts);","    }","","    function create() {","        var cfg;            // Create config","        var customWww;      // Template path","        var wwwCfg;         // Template config","","        // If we got a fourth parameter, consider it to be JSON to init the config.","        if (undashed[4])","            cfg = JSON.parse(undashed[4]);","        else","            cfg = {};","","        customWww = args['copy-from'] || args['link-to'] || args.template;","","        if (customWww) {","            if (!args.template && !args['copy-from'] && customWww.indexOf('http') === 0) {","                throw new CordovaError(","                    'Only local paths for custom www assets are supported for linking' + customWww","                );","            }","","            // Resolve tilda","            if (customWww.substr(0,1) === '~')","                customWww = path.join(process.env.HOME,  customWww.substr(1));","","            wwwCfg = {","                url: customWww,","                template: false,","                link: false","            };","","            if (args['link-to']) {","                wwwCfg.link = true;","            }","            if (args.template) {","                wwwCfg.template = true;","            } else if (args['copy-from']) {","                logger.warn('Warning: --copy-from option is being deprecated. Consider using --template instead.');","                wwwCfg.template = true;","            }","","            cfg.lib = cfg.lib || {};","            cfg.lib.www = wwwCfg;","        }","        return cordova.raw.create( undashed[1]  // dir to create the project in","            , undashed[2]  // App id","            , undashed[3]  // App name","            , cfg","            , events || undefined","        );","    }","}",""],"l":{"26":1,"35":1,"41":1,"52":1,"53":0,"54":0,"55":0,"56":0,"58":0,"62":0,"66":1,"67":0,"69":0,"74":0,"77":0,"78":0,"81":0,"86":1,"87":1,"92":0,"94":0,"97":0,"98":0,"99":0,"100":0,"103":0,"104":0,"105":0,"106":0,"109":0,"118":0,"119":0,"126":0,"127":0,"128":0,"131":0,"132":0,"139":0,"141":0,"142":0,"143":0,"145":0,"147":0,"148":0,"151":0,"153":0,"154":0,"157":0,"158":0,"162":1,"163":0,"164":0,"166":0,"169":1,"171":0,"172":0,"173":0,"176":0,"177":0,"180":0,"181":0,"182":0,"183":0,"185":0,"186":0,"189":0,"194":0,"196":0,"197":0,"200":0,"201":0,"204":0,"207":1,"209":0,"240":0,"248":0,"250":0,"254":0,"255":0,"257":0,"258":0,"260":0,"263":0,"265":0,"266":0,"269":0,"270":0,"273":0,"275":0,"276":0,"277":0,"278":0,"279":0,"280":0,"283":0,"284":0,"285":0,"288":0,"292":0,"293":0,"295":0,"304":0,"305":0,"306":0,"307":0,"313":0,"314":0,"315":0,"316":0,"317":0,"318":0,"320":0,"321":0,"322":0,"324":0,"327":0,"328":0,"331":0,"334":0,"346":0,"348":0,"349":0,"350":0,"351":0,"352":0,"356":0,"357":0,"359":0,"360":0,"363":0,"364":0,"366":0,"367":0,"368":0,"369":0,"370":0,"373":0,"376":0,"377":0,"378":0,"379":0,"380":0,"381":0,"384":0,"385":0,"386":0,"389":0,"390":0,"391":0,"392":0,"396":0,"398":0,"401":0,"403":0,"404":0,"405":0,"406":0,"407":0,"410":0,"411":0,"412":0,"413":0,"414":0,"416":0,"417":0,"418":0,"419":0,"420":0,"421":0,"424":0,"435":0,"438":1,"439":0,"440":0,"441":0,"444":0,"445":0,"447":0,"449":0,"451":0,"452":0,"453":0,"459":0,"460":0,"462":0,"468":0,"469":0,"471":0,"472":0,"473":0,"474":0,"475":0,"478":0,"479":0,"481":0}},"/home/travis/build/npmtest/node-npmtest-cordova/cordova/src/help.js":{"path":"/home/travis/build/npmtest/node-npmtest-cordova/cordova/src/help.js","s":{"1":1,"2":1,"3":0,"4":0,"5":0,"6":0,"7":0,"8":0,"9":0,"10":0,"11":0,"12":0,"13":0,"14":0,"15":0},"b":{"1":[0,0],"2":[0,0],"3":[0,0]},"f":{"1":0,"2":0,"3":0},"fnMap":{"1":{"name":"help","line":25,"loc":{"start":{"line":25,"column":17},"end":{"line":25,"column":38}}},"2":{"name":"(anonymous_2)","line":38,"loc":{"start":{"line":38,"column":10},"end":{"line":38,"column":26}}},"3":{"name":"(anonymous_3)","line":44,"loc":{"start":{"line":44,"column":14},"end":{"line":44,"column":27}}}},"statementMap":{"1":{"start":{"line":19,"column":0},"end":{"line":23,"column":27}},"2":{"start":{"line":25,"column":0},"end":{"line":50,"column":2}},"3":{"start":{"line":26,"column":4},"end":{"line":29,"column":15}},"4":{"start":{"line":30,"column":4},"end":{"line":30,"column":22}},"5":{"start":{"line":31,"column":4},"end":{"line":31,"column":39}},"6":{"start":{"line":32,"column":4},"end":{"line":32,"column":47}},"7":{"start":{"line":33,"column":4},"end":{"line":46,"column":7}},"8":{"start":{"line":39,"column":8},"end":{"line":39,"column":40}},"9":{"start":{"line":40,"column":8},"end":{"line":42,"column":9}},"10":{"start":{"line":41,"column":11},"end":{"line":41,"column":20}},"11":{"start":{"line":43,"column":8},"end":{"line":43,"column":20}},"12":{"start":{"line":45,"column":8},"end":{"line":45,"column":26}},"13":{"start":{"line":47,"column":4},"end":{"line":47,"column":97}},"14":{"start":{"line":48,"column":4},"end":{"line":48,"column":33}},"15":{"start":{"line":49,"column":4},"end":{"line":49,"column":15}}},"branchMap":{"1":{"line":30,"type":"binary-expr","locations":[{"start":{"line":30,"column":11},"end":{"line":30,"column":15}},{"start":{"line":30,"column":19},"end":{"line":30,"column":21}}]},"2":{"line":31,"type":"binary-expr","locations":[{"start":{"line":31,"column":15},"end":{"line":31,"column":24}},{"start":{"line":31,"column":28},"end":{"line":31,"column":37}}]},"3":{"line":40,"type":"if","locations":[{"start":{"line":40,"column":8},"end":{"line":40,"column":8}},{"start":{"line":40,"column":8},"end":{"line":40,"column":8}}]}},"code":["/**","    Licensed to the Apache Software Foundation (ASF) under one","    or more contributor license agreements.  See the NOTICE file","    distributed with this work for additional information","    regarding copyright ownership.  The ASF licenses this file","    to you under the Apache License, Version 2.0 (the","    \"License\"); you may not use this file except in compliance","    with the License.  You may obtain a copy of the License at","","    http://www.apache.org/licenses/LICENSE-2.0","","    Unless required by applicable law or agreed to in writing,","    software distributed under the License is distributed on an","    \"AS IS\" BASIS, WITHOUT WARRANTIES OR CONDITIONS OF ANY","    KIND, either express or implied.  See the License for the","    specific language governing permissions and limitations","    under the License.","*/","var fs = require('fs'),","    cordova_lib = require('cordova-lib'),","    cordova = cordova_lib.cordova,","    Q = require('q'),","    path = require('path');","","module.exports = function help (args) {","    var command,","        file,","        raw,","        docdir;","    args = args || [];","    command = ((args)[0] || 'cordova');","    docdir = path.join(__dirname, '..', 'doc');","    file = [","      command + '.md',","      command + '.txt',","      'cordova.md',","      'cordova.txt',","    ].map(function (file) {","        var f = path.join(docdir, file);","        if (fs.existsSync(f)) {","           return f;","        }","        return null;","    }).filter(function (f) {","        return f !== null;","    });","    raw = fs.readFileSync(file[0]).toString('utf8').replace(/cordova-cli/g, cordova_lib.binname);","    cordova.emit('results', raw);","    return Q();","};",""],"l":{"19":1,"25":1,"26":0,"30":0,"31":0,"32":0,"33":0,"39":0,"40":0,"41":0,"43":0,"45":0,"47":0,"48":0,"49":0}},"/home/travis/build/npmtest/node-npmtest-cordova/cordova/src/telemetry.js":{"path":"/home/travis/build/npmtest/node-npmtest-cordova/cordova/src/telemetry.js","s":{"1":1,"2":1,"3":1,"4":1,"5":1,"6":1,"7":0,"8":0,"9":0,"10":0,"11":0,"12":0,"13":0,"14":0,"15":0,"16":0,"17":0,"18":1,"19":0,"20":0,"21":0,"22":0,"23":0,"24":1,"25":0,"26":1,"27":0,"28":1,"29":0,"30":1,"31":0,"32":1,"33":0,"34":0,"35":1,"36":0,"37":1,"38":0,"39":1},"b":{"1":[0,0],"2":[0,0],"3":[0,0]},"f":{"1":0,"2":0,"3":0,"4":0,"5":0,"6":0,"7":0,"8":0,"9":0,"10":0},"fnMap":{"1":{"name":"showPrompt","line":45,"loc":{"start":{"line":45,"column":0},"end":{"line":45,"column":22}}},"2":{"name":"(anonymous_2)","line":50,"loc":{"start":{"line":50,"column":31},"end":{"line":50,"column":56}}},"3":{"name":"track","line":67,"loc":{"start":{"line":67,"column":0},"end":{"line":67,"column":17}}},"4":{"name":"turnOn","line":78,"loc":{"start":{"line":78,"column":0},"end":{"line":78,"column":18}}},"5":{"name":"turnOff","line":82,"loc":{"start":{"line":82,"column":0},"end":{"line":82,"column":19}}},"6":{"name":"clear","line":91,"loc":{"start":{"line":91,"column":0},"end":{"line":91,"column":17}}},"7":{"name":"isOptedIn","line":95,"loc":{"start":{"line":95,"column":0},"end":{"line":95,"column":21}}},"8":{"name":"hasUserOptedInOrOut","line":102,"loc":{"start":{"line":102,"column":0},"end":{"line":102,"column":31}}},"9":{"name":"isCI","line":110,"loc":{"start":{"line":110,"column":0},"end":{"line":110,"column":19}}},"10":{"name":"isNoTelemetryFlag","line":117,"loc":{"start":{"line":117,"column":0},"end":{"line":117,"column":33}}}},"statementMap":{"1":{"start":{"line":30,"column":0},"end":{"line":30,"column":21}},"2":{"start":{"line":33,"column":0},"end":{"line":33,"column":39}},"3":{"start":{"line":35,"column":0},"end":{"line":35,"column":37}},"4":{"start":{"line":36,"column":0},"end":{"line":36,"column":33}},"5":{"start":{"line":37,"column":0},"end":{"line":40,"column":3}},"6":{"start":{"line":45,"column":0},"end":{"line":65,"column":1}},"7":{"start":{"line":47,"column":4},"end":{"line":47,"column":29}},"8":{"start":{"line":49,"column":4},"end":{"line":49,"column":95}},"9":{"start":{"line":50,"column":4},"end":{"line":62,"column":7}},"10":{"start":{"line":51,"column":8},"end":{"line":51,"column":36}},"11":{"start":{"line":52,"column":8},"end":{"line":59,"column":9}},"12":{"start":{"line":53,"column":12},"end":{"line":53,"column":94}},"13":{"start":{"line":54,"column":12},"end":{"line":54,"column":76}},"14":{"start":{"line":56,"column":12},"end":{"line":56,"column":114}},"15":{"start":{"line":58,"column":12},"end":{"line":58,"column":77}},"16":{"start":{"line":61,"column":8},"end":{"line":61,"column":32}},"17":{"start":{"line":64,"column":4},"end":{"line":64,"column":28}},"18":{"start":{"line":67,"column":0},"end":{"line":76,"column":1}},"19":{"start":{"line":69,"column":4},"end":{"line":74,"column":5}},"20":{"start":{"line":70,"column":8},"end":{"line":70,"column":38}},"21":{"start":{"line":71,"column":8},"end":{"line":73,"column":9}},"22":{"start":{"line":72,"column":12},"end":{"line":72,"column":38}},"23":{"start":{"line":75,"column":4},"end":{"line":75,"column":44}},"24":{"start":{"line":78,"column":0},"end":{"line":80,"column":1}},"25":{"start":{"line":79,"column":4},"end":{"line":79,"column":27}},"26":{"start":{"line":82,"column":0},"end":{"line":84,"column":1}},"27":{"start":{"line":83,"column":4},"end":{"line":83,"column":26}},"28":{"start":{"line":91,"column":0},"end":{"line":93,"column":1}},"29":{"start":{"line":92,"column":4},"end":{"line":92,"column":31}},"30":{"start":{"line":95,"column":0},"end":{"line":97,"column":1}},"31":{"start":{"line":96,"column":4},"end":{"line":96,"column":27}},"32":{"start":{"line":102,"column":0},"end":{"line":105,"column":1}},"33":{"start":{"line":103,"column":4},"end":{"line":103,"column":53}},"34":{"start":{"line":104,"column":4},"end":{"line":104,"column":28}},"35":{"start":{"line":110,"column":0},"end":{"line":112,"column":1}},"36":{"start":{"line":111,"column":4},"end":{"line":111,"column":20}},"37":{"start":{"line":117,"column":0},"end":{"line":119,"column":1}},"38":{"start":{"line":118,"column":4},"end":{"line":118,"column":47}},"39":{"start":{"line":121,"column":0},"end":{"line":131,"column":2}}},"branchMap":{"1":{"line":52,"type":"if","locations":[{"start":{"line":52,"column":8},"end":{"line":52,"column":8}},{"start":{"line":52,"column":8},"end":{"line":52,"column":8}}]},"2":{"line":71,"type":"if","locations":[{"start":{"line":71,"column":8},"end":{"line":71,"column":8}},{"start":{"line":71,"column":8},"end":{"line":71,"column":8}}]},"3":{"line":71,"type":"binary-expr","locations":[{"start":{"line":71,"column":12},"end":{"line":71,"column":16}},{"start":{"line":71,"column":20},"end":{"line":71,"column":36}}]}},"code":["/**","    Licensed to the Apache Software Foundation (ASF) under one","    or more contributor license agreements.  See the NOTICE file","    distributed with this work for additional information","    regarding copyright ownership.  The ASF licenses this file","    to you under the Apache License, Version 2.0 (the","    \"License\"); you may not use this file except in compliance","    with the License.  You may obtain a copy of the License at","","    http://www.apache.org/licenses/LICENSE-2.0","","    Unless required by applicable law or agreed to in writing,","    software distributed under the License is distributed on an","    \"AS IS\" BASIS, WITHOUT WARRANTIES OR CONDITIONS OF ANY","    KIND, either express or implied.  See the License for the","    specific language governing permissions and limitations","    under the License.","*/","","/* jshint node:true, bitwise:true, undef:true, trailing:true, quotmark:true,","          indent:4, unused:vars, latedef:nofunc,","          laxcomma:true","*/","","","","// For further details on telemetry, see:","// https://github.com/cordova/cordova-discuss/pull/43","","var Q = require('q');","","// Google Analytics tracking code","var GA_TRACKING_CODE = 'UA-64283057-7';","","var pkg = require('../package.json');","var Insight = require('insight');","var insight = new Insight({","    trackingCode: GA_TRACKING_CODE,","    pkg: pkg","});","","/**"," * Returns true if the user opted in, and false otherwise"," */","function showPrompt() {","","    var deferred = Q.defer();","    ","    var msg = 'May Cordova anonymously report usage statistics to improve the tool over time?';","    insight.askPermission(msg, function (unused, optIn) {","        var EOL = require('os').EOL;","        if (optIn) {","            console.log(EOL + 'Thanks for opting into telemetry to help us improve cordova.');","            track('telemetry', 'on', 'via-cli-prompt-choice', 'successful');","        } else {","            console.log(EOL + 'You have been opted out of telemetry. To change this, run: cordova telemetry on.');","            // Always track telemetry opt-outs! (whether opted-in or opted-out)","            track('telemetry', 'off', 'via-cli-prompt-choice', 'successful');","        }","        ","        deferred.resolve(optIn); ","    });","    ","    return deferred.promise;","}","","function track() {","    // Remove empty, null or undefined strings from arguments","    for (var property in arguments) {","        var val = arguments[property]; ","        if (!val || val.length === 0) {","            delete arguments.property;","        }","    }","    insight.track.apply(insight, arguments);","}","","function turnOn() {","    insight.optOut = false;","}","","function turnOff() {","    insight.optOut = true;","}","","/**"," * Clears telemetry setting"," * Has the same effect as if user never answered the telemetry prompt"," * Useful for testing purposes"," */","function clear() {","    insight.optOut = undefined;","}","","function isOptedIn() {","    return !insight.optOut;","}","","/**"," * Has the user already answered the telemetry prompt? (thereby opting in or out?)"," */","function hasUserOptedInOrOut() {","    var insightOptOut = insight.optOut === undefined;","    return !(insightOptOut);","}","","/**"," * Is the environment variable 'CI' specified ?"," */","function isCI(env) {","    return !!env.CI;","}","","/**"," * Has the user ran a command of the form: `cordova run --no-telemetry` ?"," */","function isNoTelemetryFlag(args) {","    return args.indexOf('--no-telemetry') > -1;","}","","module.exports = {","    track: track,","    turnOn: turnOn,","    turnOff: turnOff,","    clear: clear,","    isOptedIn: isOptedIn,","    hasUserOptedInOrOut: hasUserOptedInOrOut,","    isCI: isCI,","    showPrompt: showPrompt,","    isNoTelemetryFlag: isNoTelemetryFlag","};"],"l":{"30":1,"33":1,"35":1,"36":1,"37":1,"45":1,"47":0,"49":0,"50":0,"51":0,"52":0,"53":0,"54":0,"56":0,"58":0,"61":0,"64":0,"67":1,"69":0,"70":0,"71":0,"72":0,"75":0,"78":1,"79":0,"82":1,"83":0,"91":1,"92":0,"95":1,"96":0,"102":1,"103":0,"104":0,"110":1,"111":0,"117":1,"118":0,"121":1}}}